This is pdfTeX, Version 3.14159265-2.6-1.40.15 (TeX Live 2014) (preloaded format=pdflatex 2014.11.24)  3 MAY 2016 11:03
entering extended mode
 restricted \write18 enabled.
 %&-line parsing enabled.
**\nonstopmode\input thirdYearReport.tex
(./thirdYearReport.tex
(/usr/local/texlive/2014/texmf-dist/tex/latex/base/article.cls
Document Class: article 2007/10/19 v1.4h Standard LaTeX document class
(/usr/local/texlive/2014/texmf-dist/tex/latex/base/size12.clo
File: size12.clo 2007/10/19 v1.4h Standard LaTeX file (size option)
)
\c@part=\count79
\c@section=\count80
\c@subsection=\count81
\c@subsubsection=\count82
\c@paragraph=\count83
\c@subparagraph=\count84
\c@figure=\count85
\c@table=\count86
\abovecaptionskip=\skip41
\belowcaptionskip=\skip42
\bibindent=\dimen102
) (./report.sty
Package: report 2013/03/04 1.1 LaTeX2e package

Package: `report.sty' (Style file for official report documents) 1.1 <2013/03/0
4> 
(/usr/local/texlive/2014/texmf-dist/tex/latex/fancyhdr/fancyhdr.sty
\fancy@headwidth=\skip43
\f@ncyO@elh=\skip44
\f@ncyO@erh=\skip45
\f@ncyO@olh=\skip46
\f@ncyO@orh=\skip47
\f@ncyO@elf=\skip48
\f@ncyO@erf=\skip49
\f@ncyO@olf=\skip50
\f@ncyO@orf=\skip51
)
(/usr/local/texlive/2014/texmf-dist/tex/latex/lastpage/lastpage.sty
Package: lastpage 2013/01/28 v1.2l Refers to last page's name (HMM; JPG)
))
(/usr/local/texlive/2014/texmf-dist/tex/latex/tools/xspace.sty
Package: xspace 2009/10/20 v1.13 Space after command names (DPC,MH)
)
(/usr/local/texlive/2014/texmf-dist/tex/latex/tools/verbatim.sty
Package: verbatim 2003/08/22 v1.5q LaTeX2e package for verbatim enhancements
\every@verbatim=\toks14
\verbatim@line=\toks15
\verbatim@in@stream=\read1
)
(/usr/local/texlive/2014/texmf-dist/tex/latex/graphics/color.sty
Package: color 2014/04/23 v1.1a Standard LaTeX Color (DPC)

(/usr/local/texlive/2014/texmf-dist/tex/latex/latexconfig/color.cfg
File: color.cfg 2007/01/18 v1.5 color configuration of teTeX/TeXLive
)
Package color Info: Driver file: pdftex.def on input line 137.

(/usr/local/texlive/2014/texmf-dist/tex/latex/pdftex-def/pdftex.def
File: pdftex.def 2011/05/27 v0.06d Graphics/color for pdfTeX

(/usr/local/texlive/2014/texmf-dist/tex/generic/oberdiek/infwarerr.sty
Package: infwarerr 2010/04/08 v1.3 Providing info/warning/error messages (HO)
)
(/usr/local/texlive/2014/texmf-dist/tex/generic/oberdiek/ltxcmds.sty
Package: ltxcmds 2011/11/09 v1.22 LaTeX kernel commands for general use (HO)
)
\Gread@gobject=\count87
))
(/usr/local/texlive/2014/texmf-dist/tex/latex/xcolor/xcolor.sty
Package: xcolor 2007/01/21 v2.11 LaTeX color extensions (UK)

(/usr/local/texlive/2014/texmf-dist/tex/latex/latexconfig/color.cfg
File: color.cfg 2007/01/18 v1.5 color configuration of teTeX/TeXLive
)
Package xcolor Info: Package option `usenames' ignored on input line 216.
Package xcolor Info: Driver file: pdftex.def on input line 225.

(/usr/local/texlive/2014/texmf-dist/tex/latex/colortbl/colortbl.sty
Package: colortbl 2012/02/13 v1.0a Color table columns (DPC)

(/usr/local/texlive/2014/texmf-dist/tex/latex/tools/array.sty
Package: array 2008/09/09 v2.4c Tabular extension package (FMi)
\col@sep=\dimen103
\extrarowheight=\dimen104
\NC@list=\toks16
\extratabsurround=\skip52
\backup@length=\skip53
)
\everycr=\toks17
\minrowclearance=\skip54
)
LaTeX Info: Redefining \color on input line 702.
\rownum=\count88
Package xcolor Info: Model `cmy' substituted by `cmy0' on input line 1337.
Package xcolor Info: Model `hsb' substituted by `rgb' on input line 1341.
Package xcolor Info: Model `RGB' extended on input line 1353.
Package xcolor Info: Model `HTML' substituted by `rgb' on input line 1355.
Package xcolor Info: Model `Hsb' substituted by `hsb' on input line 1356.
Package xcolor Info: Model `tHsb' substituted by `hsb' on input line 1357.
Package xcolor Info: Model `HSB' substituted by `hsb' on input line 1358.
Package xcolor Info: Model `Gray' substituted by `gray' on input line 1359.
Package xcolor Info: Model `wave' substituted by `hsb' on input line 1360.

(/usr/local/texlive/2014/texmf-dist/tex/latex/graphics/dvipsnam.def
File: dvipsnam.def 2014/04/23 v3.0j Driver-dependant file (DPC,SPQR)
))
(/usr/local/texlive/2014/texmf-dist/tex/latex/graphics/graphicx.sty
Package: graphicx 2014/04/25 v1.0g Enhanced LaTeX Graphics (DPC,SPQR)

(/usr/local/texlive/2014/texmf-dist/tex/latex/graphics/keyval.sty
Package: keyval 2014/05/08 v1.15 key=value parser (DPC)
\KV@toks@=\toks18
)
(/usr/local/texlive/2014/texmf-dist/tex/latex/graphics/graphics.sty
Package: graphics 2009/02/05 v1.0o Standard LaTeX Graphics (DPC,SPQR)

(/usr/local/texlive/2014/texmf-dist/tex/latex/graphics/trig.sty
Package: trig 1999/03/16 v1.09 sin cos tan (DPC)
)
(/usr/local/texlive/2014/texmf-dist/tex/latex/latexconfig/graphics.cfg
File: graphics.cfg 2010/04/23 v1.9 graphics configuration of TeX Live
)
Package graphics Info: Driver file: pdftex.def on input line 91.
)
\Gin@req@height=\dimen105
\Gin@req@width=\dimen106
)
(/usr/local/texlive/2014/texmf-dist/tex/latex/url/url.sty
\Urlmuskip=\muskip10
Package: url 2013/09/16  ver 3.4  Verb mode for urls, etc.
)
(/usr/local/texlive/2014/texmf-dist/tex/latex/tools/longtable.sty
Package: longtable 2004/02/01 v4.11 Multi-page Table package (DPC)
\LTleft=\skip55
\LTright=\skip56
\LTpre=\skip57
\LTpost=\skip58
\LTchunksize=\count89
\LTcapwidth=\dimen107
\LT@head=\box26
\LT@firsthead=\box27
\LT@foot=\box28
\LT@lastfoot=\box29
\LT@cols=\count90
\LT@rows=\count91
\c@LT@tables=\count92
\c@LT@chunks=\count93
\LT@p@ftn=\toks19
)
(/usr/local/texlive/2014/texmf-dist/tex/latex/pgf/frontendlayer/tikz.sty
(/usr/local/texlive/2014/texmf-dist/tex/latex/pgf/basiclayer/pgf.sty
(/usr/local/texlive/2014/texmf-dist/tex/latex/pgf/utilities/pgfrcs.sty
(/usr/local/texlive/2014/texmf-dist/tex/generic/pgf/utilities/pgfutil-common.te
x
\pgfutil@everybye=\toks20
\pgfutil@tempdima=\dimen108
\pgfutil@tempdimb=\dimen109

(/usr/local/texlive/2014/texmf-dist/tex/generic/pgf/utilities/pgfutil-common-li
sts.tex))
(/usr/local/texlive/2014/texmf-dist/tex/generic/pgf/utilities/pgfutil-latex.def
\pgfutil@abb=\box30
(/usr/local/texlive/2014/texmf-dist/tex/latex/ms/everyshi.sty
Package: everyshi 2001/05/15 v3.00 EveryShipout Package (MS)
))
(/usr/local/texlive/2014/texmf-dist/tex/generic/pgf/utilities/pgfrcs.code.tex
Package: pgfrcs 2013/12/20 v3.0.0 (rcs-revision 1.28)
))
Package: pgf 2013/12/18 v3.0.0 (rcs-revision 1.14)
(/usr/local/texlive/2014/texmf-dist/tex/latex/pgf/basiclayer/pgfcore.sty
(/usr/local/texlive/2014/texmf-dist/tex/latex/pgf/systemlayer/pgfsys.sty
(/usr/local/texlive/2014/texmf-dist/tex/generic/pgf/systemlayer/pgfsys.code.tex
Package: pgfsys 2013/11/30 v3.0.0 (rcs-revision 1.47)
(/usr/local/texlive/2014/texmf-dist/tex/generic/pgf/utilities/pgfkeys.code.tex
\pgfkeys@pathtoks=\toks21
\pgfkeys@temptoks=\toks22

(/usr/local/texlive/2014/texmf-dist/tex/generic/pgf/utilities/pgfkeysfiltered.c
ode.tex
\pgfkeys@tmptoks=\toks23
))
\pgf@x=\dimen110
\pgf@y=\dimen111
\pgf@xa=\dimen112
\pgf@ya=\dimen113
\pgf@xb=\dimen114
\pgf@yb=\dimen115
\pgf@xc=\dimen116
\pgf@yc=\dimen117
\w@pgf@writea=\write3
\r@pgf@reada=\read2
\c@pgf@counta=\count94
\c@pgf@countb=\count95
\c@pgf@countc=\count96
\c@pgf@countd=\count97
\t@pgf@toka=\toks24
\t@pgf@tokb=\toks25
\t@pgf@tokc=\toks26

(/usr/local/texlive/2014/texmf-dist/tex/generic/pgf/systemlayer/pgf.cfg
File: pgf.cfg 2008/05/14  (rcs-revision 1.7)
)
Driver file for pgf: pgfsys-pdftex.def

(/usr/local/texlive/2014/texmf-dist/tex/generic/pgf/systemlayer/pgfsys-pdftex.d
ef
File: pgfsys-pdftex.def 2013/07/18  (rcs-revision 1.33)

(/usr/local/texlive/2014/texmf-dist/tex/generic/pgf/systemlayer/pgfsys-common-p
df.def
File: pgfsys-common-pdf.def 2013/10/10  (rcs-revision 1.13)
)))
(/usr/local/texlive/2014/texmf-dist/tex/generic/pgf/systemlayer/pgfsyssoftpath.
code.tex
File: pgfsyssoftpath.code.tex 2013/09/09  (rcs-revision 1.9)
\pgfsyssoftpath@smallbuffer@items=\count98
\pgfsyssoftpath@bigbuffer@items=\count99
)
(/usr/local/texlive/2014/texmf-dist/tex/generic/pgf/systemlayer/pgfsysprotocol.
code.tex
File: pgfsysprotocol.code.tex 2006/10/16  (rcs-revision 1.4)
))
(/usr/local/texlive/2014/texmf-dist/tex/generic/pgf/basiclayer/pgfcore.code.tex
Package: pgfcore 2010/04/11 v3.0.0 (rcs-revision 1.7)
(/usr/local/texlive/2014/texmf-dist/tex/generic/pgf/math/pgfmath.code.tex
(/usr/local/texlive/2014/texmf-dist/tex/generic/pgf/math/pgfmathcalc.code.tex
(/usr/local/texlive/2014/texmf-dist/tex/generic/pgf/math/pgfmathutil.code.tex)
(/usr/local/texlive/2014/texmf-dist/tex/generic/pgf/math/pgfmathparser.code.tex
\pgfmath@dimen=\dimen118
\pgfmath@count=\count100
\pgfmath@box=\box31
\pgfmath@toks=\toks27
\pgfmath@stack@operand=\toks28
\pgfmath@stack@operation=\toks29
)
(/usr/local/texlive/2014/texmf-dist/tex/generic/pgf/math/pgfmathfunctions.code.
tex
(/usr/local/texlive/2014/texmf-dist/tex/generic/pgf/math/pgfmathfunctions.basic
.code.tex)
(/usr/local/texlive/2014/texmf-dist/tex/generic/pgf/math/pgfmathfunctions.trigo
nometric.code.tex)
(/usr/local/texlive/2014/texmf-dist/tex/generic/pgf/math/pgfmathfunctions.rando
m.code.tex)
(/usr/local/texlive/2014/texmf-dist/tex/generic/pgf/math/pgfmathfunctions.compa
rison.code.tex)
(/usr/local/texlive/2014/texmf-dist/tex/generic/pgf/math/pgfmathfunctions.base.
code.tex)
(/usr/local/texlive/2014/texmf-dist/tex/generic/pgf/math/pgfmathfunctions.round
.code.tex)
(/usr/local/texlive/2014/texmf-dist/tex/generic/pgf/math/pgfmathfunctions.misc.
code.tex)
(/usr/local/texlive/2014/texmf-dist/tex/generic/pgf/math/pgfmathfunctions.integ
erarithmetics.code.tex)))
(/usr/local/texlive/2014/texmf-dist/tex/generic/pgf/math/pgfmathfloat.code.tex
\c@pgfmathroundto@lastzeros=\count101
))
(/usr/local/texlive/2014/texmf-dist/tex/generic/pgf/basiclayer/pgfcorepoints.co
de.tex
File: pgfcorepoints.code.tex 2013/10/07  (rcs-revision 1.27)
\pgf@picminx=\dimen119
\pgf@picmaxx=\dimen120
\pgf@picminy=\dimen121
\pgf@picmaxy=\dimen122
\pgf@pathminx=\dimen123
\pgf@pathmaxx=\dimen124
\pgf@pathminy=\dimen125
\pgf@pathmaxy=\dimen126
\pgf@xx=\dimen127
\pgf@xy=\dimen128
\pgf@yx=\dimen129
\pgf@yy=\dimen130
\pgf@zx=\dimen131
\pgf@zy=\dimen132
)
(/usr/local/texlive/2014/texmf-dist/tex/generic/pgf/basiclayer/pgfcorepathconst
ruct.code.tex
File: pgfcorepathconstruct.code.tex 2013/10/07  (rcs-revision 1.29)
\pgf@path@lastx=\dimen133
\pgf@path@lasty=\dimen134
)
(/usr/local/texlive/2014/texmf-dist/tex/generic/pgf/basiclayer/pgfcorepathusage
.code.tex
File: pgfcorepathusage.code.tex 2013/12/13  (rcs-revision 1.23)
\pgf@shorten@end@additional=\dimen135
\pgf@shorten@start@additional=\dimen136
)
(/usr/local/texlive/2014/texmf-dist/tex/generic/pgf/basiclayer/pgfcorescopes.co
de.tex
File: pgfcorescopes.code.tex 2013/10/09  (rcs-revision 1.44)
\pgfpic=\box32
\pgf@hbox=\box33
\pgf@layerbox@main=\box34
\pgf@picture@serial@count=\count102
)
(/usr/local/texlive/2014/texmf-dist/tex/generic/pgf/basiclayer/pgfcoregraphicst
ate.code.tex
File: pgfcoregraphicstate.code.tex 2013/09/19  (rcs-revision 1.11)
\pgflinewidth=\dimen137
)
(/usr/local/texlive/2014/texmf-dist/tex/generic/pgf/basiclayer/pgfcoretransform
ations.code.tex
File: pgfcoretransformations.code.tex 2013/10/10  (rcs-revision 1.17)
\pgf@pt@x=\dimen138
\pgf@pt@y=\dimen139
\pgf@pt@temp=\dimen140
)
(/usr/local/texlive/2014/texmf-dist/tex/generic/pgf/basiclayer/pgfcorequick.cod
e.tex
File: pgfcorequick.code.tex 2008/10/09  (rcs-revision 1.3)
)
(/usr/local/texlive/2014/texmf-dist/tex/generic/pgf/basiclayer/pgfcoreobjects.c
ode.tex
File: pgfcoreobjects.code.tex 2006/10/11  (rcs-revision 1.2)
)
(/usr/local/texlive/2014/texmf-dist/tex/generic/pgf/basiclayer/pgfcorepathproce
ssing.code.tex
File: pgfcorepathprocessing.code.tex 2013/09/09  (rcs-revision 1.9)
)
(/usr/local/texlive/2014/texmf-dist/tex/generic/pgf/basiclayer/pgfcorearrows.co
de.tex
File: pgfcorearrows.code.tex 2013/11/07  (rcs-revision 1.40)
\pgfarrowsep=\dimen141
)
(/usr/local/texlive/2014/texmf-dist/tex/generic/pgf/basiclayer/pgfcoreshade.cod
e.tex
File: pgfcoreshade.code.tex 2013/07/15  (rcs-revision 1.15)
\pgf@max=\dimen142
\pgf@sys@shading@range@num=\count103
)
(/usr/local/texlive/2014/texmf-dist/tex/generic/pgf/basiclayer/pgfcoreimage.cod
e.tex
File: pgfcoreimage.code.tex 2013/07/15  (rcs-revision 1.18)

(/usr/local/texlive/2014/texmf-dist/tex/generic/pgf/basiclayer/pgfcoreexternal.
code.tex
File: pgfcoreexternal.code.tex 2013/07/15  (rcs-revision 1.20)
\pgfexternal@startupbox=\box35
))
(/usr/local/texlive/2014/texmf-dist/tex/generic/pgf/basiclayer/pgfcorelayers.co
de.tex
File: pgfcorelayers.code.tex 2013/07/18  (rcs-revision 1.7)
)
(/usr/local/texlive/2014/texmf-dist/tex/generic/pgf/basiclayer/pgfcoretranspare
ncy.code.tex
File: pgfcoretransparency.code.tex 2013/09/30  (rcs-revision 1.5)
)
(/usr/local/texlive/2014/texmf-dist/tex/generic/pgf/basiclayer/pgfcorepatterns.
code.tex
File: pgfcorepatterns.code.tex 2013/11/07  (rcs-revision 1.5)
)))
(/usr/local/texlive/2014/texmf-dist/tex/generic/pgf/modules/pgfmoduleshapes.cod
e.tex
File: pgfmoduleshapes.code.tex 2013/10/31  (rcs-revision 1.34)
\pgfnodeparttextbox=\box36
)
(/usr/local/texlive/2014/texmf-dist/tex/generic/pgf/modules/pgfmoduleplot.code.
tex
File: pgfmoduleplot.code.tex 2013/07/31  (rcs-revision 1.12)
)
(/usr/local/texlive/2014/texmf-dist/tex/latex/pgf/compatibility/pgfcomp-version
-0-65.sty
Package: pgfcomp-version-0-65 2007/07/03 v3.0.0 (rcs-revision 1.7)
\pgf@nodesepstart=\dimen143
\pgf@nodesepend=\dimen144
)
(/usr/local/texlive/2014/texmf-dist/tex/latex/pgf/compatibility/pgfcomp-version
-1-18.sty
Package: pgfcomp-version-1-18 2007/07/23 v3.0.0 (rcs-revision 1.1)
))
(/usr/local/texlive/2014/texmf-dist/tex/latex/pgf/utilities/pgffor.sty
(/usr/local/texlive/2014/texmf-dist/tex/latex/pgf/utilities/pgfkeys.sty
(/usr/local/texlive/2014/texmf-dist/tex/generic/pgf/utilities/pgfkeys.code.tex)
) (/usr/local/texlive/2014/texmf-dist/tex/latex/pgf/math/pgfmath.sty
(/usr/local/texlive/2014/texmf-dist/tex/generic/pgf/math/pgfmath.code.tex))
(/usr/local/texlive/2014/texmf-dist/tex/generic/pgf/utilities/pgffor.code.tex
Package: pgffor 2013/12/13 v3.0.0 (rcs-revision 1.25)

(/usr/local/texlive/2014/texmf-dist/tex/generic/pgf/math/pgfmath.code.tex)
\pgffor@iter=\dimen145
\pgffor@skip=\dimen146
\pgffor@stack=\toks30
\pgffor@toks=\toks31
))
(/usr/local/texlive/2014/texmf-dist/tex/generic/pgf/frontendlayer/tikz/tikz.cod
e.tex
Package: tikz 2013/12/13 v3.0.0 (rcs-revision 1.142)

(/usr/local/texlive/2014/texmf-dist/tex/generic/pgf/libraries/pgflibraryplothan
dlers.code.tex
File: pgflibraryplothandlers.code.tex 2013/08/31 v3.0.0 (rcs-revision 1.20)
\pgf@plot@mark@count=\count104
\pgfplotmarksize=\dimen147
)
\tikz@lastx=\dimen148
\tikz@lasty=\dimen149
\tikz@lastxsaved=\dimen150
\tikz@lastysaved=\dimen151
\tikzleveldistance=\dimen152
\tikzsiblingdistance=\dimen153
\tikz@figbox=\box37
\tikz@figbox@bg=\box38
\tikz@tempbox=\box39
\tikz@tempbox@bg=\box40
\tikztreelevel=\count105
\tikznumberofchildren=\count106
\tikznumberofcurrentchild=\count107
\tikz@fig@count=\count108

(/usr/local/texlive/2014/texmf-dist/tex/generic/pgf/modules/pgfmodulematrix.cod
e.tex
File: pgfmodulematrix.code.tex 2013/09/17  (rcs-revision 1.8)
\pgfmatrixcurrentrow=\count109
\pgfmatrixcurrentcolumn=\count110
\pgf@matrix@numberofcolumns=\count111
)
\tikz@expandcount=\count112

(/usr/local/texlive/2014/texmf-dist/tex/generic/pgf/frontendlayer/tikz/librarie
s/tikzlibrarytopaths.code.tex
File: tikzlibrarytopaths.code.tex 2008/06/17 v3.0.0 (rcs-revision 1.2)
)))
(/usr/local/texlive/2014/texmf-dist/tex/latex/wrapfig/wrapfig.sty
\wrapoverhang=\dimen154
\WF@size=\dimen155
\c@WF@wrappedlines=\count113
\WF@box=\box41
\WF@everypar=\toks32
Package: wrapfig 2003/01/31  v 3.6
)
(/usr/local/texlive/2014/texmf-dist/tex/latex/amsmath/amsmath.sty
Package: amsmath 2013/01/14 v2.14 AMS math features
\@mathmargin=\skip59

For additional information on amsmath, use the `?' option.
(/usr/local/texlive/2014/texmf-dist/tex/latex/amsmath/amstext.sty
Package: amstext 2000/06/29 v2.01

(/usr/local/texlive/2014/texmf-dist/tex/latex/amsmath/amsgen.sty
File: amsgen.sty 1999/11/30 v2.0
\@emptytoks=\toks33
\ex@=\dimen156
))
(/usr/local/texlive/2014/texmf-dist/tex/latex/amsmath/amsbsy.sty
Package: amsbsy 1999/11/29 v1.2d
\pmbraise@=\dimen157
)
(/usr/local/texlive/2014/texmf-dist/tex/latex/amsmath/amsopn.sty
Package: amsopn 1999/12/14 v2.01 operator names
)
\inf@bad=\count114
LaTeX Info: Redefining \frac on input line 210.
\uproot@=\count115
\leftroot@=\count116
LaTeX Info: Redefining \overline on input line 306.
\classnum@=\count117
\DOTSCASE@=\count118
LaTeX Info: Redefining \ldots on input line 378.
LaTeX Info: Redefining \dots on input line 381.
LaTeX Info: Redefining \cdots on input line 466.
\Mathstrutbox@=\box42
\strutbox@=\box43
\big@size=\dimen158
LaTeX Font Info:    Redeclaring font encoding OML on input line 566.
LaTeX Font Info:    Redeclaring font encoding OMS on input line 567.
\macc@depth=\count119
\c@MaxMatrixCols=\count120
\dotsspace@=\muskip11
\c@parentequation=\count121
\dspbrk@lvl=\count122
\tag@help=\toks34
\row@=\count123
\column@=\count124
\maxfields@=\count125
\andhelp@=\toks35
\eqnshift@=\dimen159
\alignsep@=\dimen160
\tagshift@=\dimen161
\tagwidth@=\dimen162
\totwidth@=\dimen163
\lineht@=\dimen164
\@envbody=\toks36
\multlinegap=\skip60
\multlinetaggap=\skip61
\mathdisplay@stack=\toks37
LaTeX Info: Redefining \[ on input line 2665.
LaTeX Info: Redefining \] on input line 2666.
)
(/usr/local/texlive/2014/texmf-dist/tex/latex/ms/ragged2e.sty
Package: ragged2e 2009/05/21 v2.1 ragged2e Package (MS)

(/usr/local/texlive/2014/texmf-dist/tex/latex/ms/everysel.sty
Package: everysel 2011/10/28 v1.2 EverySelectfont Package (MS)
)
\CenteringLeftskip=\skip62
\RaggedLeftLeftskip=\skip63
\RaggedRightLeftskip=\skip64
\CenteringRightskip=\skip65
\RaggedLeftRightskip=\skip66
\RaggedRightRightskip=\skip67
\CenteringParfillskip=\skip68
\RaggedLeftParfillskip=\skip69
\RaggedRightParfillskip=\skip70
\JustifyingParfillskip=\skip71
\CenteringParindent=\skip72
\RaggedLeftParindent=\skip73
\RaggedRightParindent=\skip74
\JustifyingParindent=\skip75
)
(/usr/local/texlive/2014/texmf-dist/tex/generic/pgf/frontendlayer/tikz/librarie
s/graphs/tikzlibrarygraphs.code.tex
File: tikzlibrarygraphs.code.tex 2013/10/10 v3.0.0 (rcs-revision 1.43)
\tikz@qnode@count=\count126
)
(/usr/local/texlive/2014/texmf-dist/tex/generic/pgf/frontendlayer/tikz/librarie
s/tikzlibrarybackgrounds.code.tex
File: tikzlibrarybackgrounds.code.tex 2013/07/18 v3.0.0 (rcs-revision 1.3)
\pgf@layerbox@background=\box44
\pgf@layerboxsaved@background=\box45
)
(/usr/local/texlive/2014/texmf-dist/tex/latex/amsfonts/amssymb.sty
Package: amssymb 2013/01/14 v3.01 AMS font symbols

(/usr/local/texlive/2014/texmf-dist/tex/latex/amsfonts/amsfonts.sty
Package: amsfonts 2013/01/14 v3.01 Basic AMSFonts support
\symAMSa=\mathgroup4
\symAMSb=\mathgroup5
LaTeX Font Info:    Overwriting math alphabet `\mathfrak' in version `bold'
(Font)                  U/euf/m/n --> U/euf/b/n on input line 106.
))
(/usr/local/texlive/2014/texmf-dist/tex/latex/titlesec/titlesec.sty
Package: titlesec 2011/12/15 v2.10.0 Sectioning titles
\ttl@box=\box46
\beforetitleunit=\skip76
\aftertitleunit=\skip77
\ttl@plus=\dimen165
\ttl@minus=\dimen166
\ttl@toksa=\toks38
\titlewidth=\dimen167
\titlewidthlast=\dimen168
\titlewidthfirst=\dimen169
)
(/usr/local/texlive/2014/texmf-dist/tex/latex/pdfpages/pdfpages.sty
Package: pdfpages 2013/08/25 v0.4v Insert pages of external PDF documents (AM)

(/usr/local/texlive/2014/texmf-dist/tex/latex/base/ifthen.sty
Package: ifthen 2001/05/26 v1.1c Standard LaTeX ifthen package (DPC)
)
(/usr/local/texlive/2014/texmf-dist/tex/latex/tools/calc.sty
Package: calc 2007/08/22 v4.3 Infix arithmetic (KKT,FJ)
\calc@Acount=\count127
\calc@Bcount=\count128
\calc@Adimen=\dimen170
\calc@Bdimen=\dimen171
\calc@Askip=\skip78
\calc@Bskip=\skip79
LaTeX Info: Redefining \setlength on input line 75.
LaTeX Info: Redefining \addtolength on input line 76.
\calc@Ccount=\count129
\calc@Cskip=\skip80
)
(/usr/local/texlive/2014/texmf-dist/tex/latex/eso-pic/eso-pic.sty
Package: eso-pic 2013/10/06 v2.0d eso-pic (RN)

(/usr/local/texlive/2014/texmf-dist/tex/generic/oberdiek/atbegshi.sty
Package: atbegshi 2011/10/05 v1.16 At begin shipout hook (HO)

(/usr/local/texlive/2014/texmf-dist/tex/generic/oberdiek/ifpdf.sty
Package: ifpdf 2011/01/30 v2.3 Provides the ifpdf switch (HO)
Package ifpdf Info: pdfTeX in PDF mode is detected.
)))
(/usr/local/texlive/2014/texmf-dist/tex/latex/pdfpages/pppdftex.def
File: pppdftex.def 2013/08/25 v0.4v Pdfpages driver for pdfTeX (AM)
)
\AM@pagebox=\box47
\AM@toc@title=\toks39
\c@AM@survey=\count130
\AM@templatesizebox=\box48
)
(/usr/local/texlive/2014/texmf-dist/tex/latex/caption/caption.sty
Package: caption 2013/05/02 v3.3-89 Customizing captions (AR)

(/usr/local/texlive/2014/texmf-dist/tex/latex/caption/caption3.sty
Package: caption3 2013/05/02 v1.6-88 caption3 kernel (AR)
Package caption3 Info: TeX engine: e-TeX on input line 57.
\captionmargin=\dimen172
\captionmargin@=\dimen173
\captionwidth=\dimen174
\caption@tempdima=\dimen175
\caption@indent=\dimen176
\caption@parindent=\dimen177
\caption@hangindent=\dimen178
)
\c@ContinuedFloat=\count131
Package caption Info: longtable package is loaded.

(/usr/local/texlive/2014/texmf-dist/tex/latex/caption/ltcaption.sty
Package: ltcaption 2013/02/03 v1.3-62 longtable captions (AR)
)
Package caption Info: wrapfig package is loaded.
)
(/usr/local/texlive/2014/texmf-dist/tex/latex/caption/subcaption.sty
Package: subcaption 2013/02/03 v1.1-62 Sub-captions (AR)
\c@subfigure=\count132
\c@subtable=\count133
)
(/usr/local/texlive/2014/texmf-dist/tex/latex/multirow/multirow.sty
\bigstrutjot=\dimen179
)
(/usr/local/texlive/2014/texmf-dist/tex/latex/appendix/appendix.sty
Package: appendix 2009/09/02 v1.2b extra appendix facilities
\c@@pps=\count134
\c@@ppsavesec=\count135
\c@@ppsaveapp=\count136
)
(/usr/local/texlive/2014/texmf-dist/tex/latex/hyperref/hyperref.sty
Package: hyperref 2012/11/06 v6.83m Hypertext links for LaTeX

(/usr/local/texlive/2014/texmf-dist/tex/generic/oberdiek/hobsub-hyperref.sty
Package: hobsub-hyperref 2012/05/28 v1.13 Bundle oberdiek, subset hyperref (HO)


(/usr/local/texlive/2014/texmf-dist/tex/generic/oberdiek/hobsub-generic.sty
Package: hobsub-generic 2012/05/28 v1.13 Bundle oberdiek, subset generic (HO)
Package: hobsub 2012/05/28 v1.13 Construct package bundles (HO)
Package hobsub Info: Skipping package `infwarerr' (already loaded).
Package hobsub Info: Skipping package `ltxcmds' (already loaded).
Package: ifluatex 2010/03/01 v1.3 Provides the ifluatex switch (HO)
Package ifluatex Info: LuaTeX not detected.
Package: ifvtex 2010/03/01 v1.5 Detect VTeX and its facilities (HO)
Package ifvtex Info: VTeX not detected.
Package: intcalc 2007/09/27 v1.1 Expandable calculations with integers (HO)
Package hobsub Info: Skipping package `ifpdf' (already loaded).
Package: etexcmds 2011/02/16 v1.5 Avoid name clashes with e-TeX commands (HO)
Package etexcmds Info: Could not find \expanded.
(etexcmds)             That can mean that you are not using pdfTeX 1.50 or
(etexcmds)             that some package has redefined \expanded.
(etexcmds)             In the latter case, load this package earlier.
Package: kvsetkeys 2012/04/25 v1.16 Key value parser (HO)
Package: kvdefinekeys 2011/04/07 v1.3 Define keys (HO)
Package: pdftexcmds 2011/11/29 v0.20 Utility functions of pdfTeX for LuaTeX (HO
)
Package pdftexcmds Info: LuaTeX not detected.
Package pdftexcmds Info: \pdf@primitive is available.
Package pdftexcmds Info: \pdf@ifprimitive is available.
Package pdftexcmds Info: \pdfdraftmode found.
Package: pdfescape 2011/11/25 v1.13 Implements pdfTeX's escape features (HO)
Package: bigintcalc 2012/04/08 v1.3 Expandable calculations on big integers (HO
)
Package: bitset 2011/01/30 v1.1 Handle bit-vector datatype (HO)
Package: uniquecounter 2011/01/30 v1.2 Provide unlimited unique counter (HO)
)
Package hobsub Info: Skipping package `hobsub' (already loaded).
Package: letltxmacro 2010/09/02 v1.4 Let assignment for LaTeX macros (HO)
Package: hopatch 2012/05/28 v1.2 Wrapper for package hooks (HO)
Package: xcolor-patch 2011/01/30 xcolor patch
Package: atveryend 2011/06/30 v1.8 Hooks at the very end of document (HO)
Package atveryend Info: \enddocument detected (standard20110627).
Package hobsub Info: Skipping package `atbegshi' (already loaded).
Package: refcount 2011/10/16 v3.4 Data extraction from label references (HO)
Package: hycolor 2011/01/30 v1.7 Color options for hyperref/bookmark (HO)
)
(/usr/local/texlive/2014/texmf-dist/tex/generic/ifxetex/ifxetex.sty
Package: ifxetex 2010/09/12 v0.6 Provides ifxetex conditional
)
(/usr/local/texlive/2014/texmf-dist/tex/latex/oberdiek/auxhook.sty
Package: auxhook 2011/03/04 v1.3 Hooks for auxiliary files (HO)
)
(/usr/local/texlive/2014/texmf-dist/tex/latex/oberdiek/kvoptions.sty
Package: kvoptions 2011/06/30 v3.11 Key value format for package options (HO)
)
\@linkdim=\dimen180
\Hy@linkcounter=\count137
\Hy@pagecounter=\count138

(/usr/local/texlive/2014/texmf-dist/tex/latex/hyperref/pd1enc.def
File: pd1enc.def 2012/11/06 v6.83m Hyperref: PDFDocEncoding definition (HO)
)
\Hy@SavedSpaceFactor=\count139

(/usr/local/texlive/2014/texmf-dist/tex/latex/latexconfig/hyperref.cfg
File: hyperref.cfg 2002/06/06 v1.2 hyperref configuration of TeXLive
)
Package hyperref Info: Hyper figures OFF on input line 4443.
Package hyperref Info: Link nesting OFF on input line 4448.
Package hyperref Info: Hyper index ON on input line 4451.
Package hyperref Info: Plain pages OFF on input line 4458.
Package hyperref Info: Backreferencing OFF on input line 4463.
Package hyperref Info: Implicit mode ON; LaTeX internals redefined.
Package hyperref Info: Bookmarks ON on input line 4688.
\c@Hy@tempcnt=\count140
LaTeX Info: Redefining \url on input line 5041.
\XeTeXLinkMargin=\dimen181
\Fld@menulength=\count141
\Field@Width=\dimen182
\Fld@charsize=\dimen183
Package hyperref Info: Hyper figures OFF on input line 6295.
Package hyperref Info: Link nesting OFF on input line 6300.
Package hyperref Info: Hyper index ON on input line 6303.
Package hyperref Info: backreferencing OFF on input line 6310.
Package hyperref Info: Link coloring OFF on input line 6315.
Package hyperref Info: Link coloring with OCG OFF on input line 6320.
Package hyperref Info: PDF/A mode OFF on input line 6325.
LaTeX Info: Redefining \ref on input line 6365.
LaTeX Info: Redefining \pageref on input line 6369.
\Hy@abspage=\count142
\c@Item=\count143
\c@Hfootnote=\count144
)

Package hyperref Message: Driver (autodetected): hpdftex.

(/usr/local/texlive/2014/texmf-dist/tex/latex/hyperref/hpdftex.def
File: hpdftex.def 2012/11/06 v6.83m Hyperref driver for pdfTeX
\Fld@listcount=\count145
\c@bookmark@seq@number=\count146

(/usr/local/texlive/2014/texmf-dist/tex/latex/oberdiek/rerunfilecheck.sty
Package: rerunfilecheck 2011/04/15 v1.7 Rerun checks for auxiliary files (HO)
Package uniquecounter Info: New unique counter `rerunfilecheck' on input line 2
82.
)
\Hy@SectionHShift=\skip81
)
(./thirdYearReport.aux)
\openout1 = `thirdYearReport.aux'.

LaTeX Font Info:    Checking defaults for OML/cmm/m/it on input line 99.
LaTeX Font Info:    ... okay on input line 99.
LaTeX Font Info:    Checking defaults for T1/cmr/m/n on input line 99.
LaTeX Font Info:    ... okay on input line 99.
LaTeX Font Info:    Checking defaults for OT1/cmr/m/n on input line 99.
LaTeX Font Info:    ... okay on input line 99.
LaTeX Font Info:    Checking defaults for OMS/cmsy/m/n on input line 99.
LaTeX Font Info:    ... okay on input line 99.
LaTeX Font Info:    Checking defaults for OMX/cmex/m/n on input line 99.
LaTeX Font Info:    ... okay on input line 99.
LaTeX Font Info:    Checking defaults for U/cmr/m/n on input line 99.
LaTeX Font Info:    ... okay on input line 99.
LaTeX Font Info:    Checking defaults for PD1/pdf/m/n on input line 99.
LaTeX Font Info:    ... okay on input line 99.
Package lastpage Info: Please have a look at the pageslts package at
(lastpage)             http://www.ctan.org/tex-archive/ 
(lastpage)             macros/latex/contrib/pageslts/ 
(lastpage)             or
(lastpage)             http://www.ctan.org/tex-archive/ 
(lastpage)             install/macros/latex/contrib/pageslts.tds.zip
(lastpage)             ! on input line 99.

(/usr/local/texlive/2014/texmf-dist/tex/context/base/supp-pdf.mkii
[Loading MPS to PDF converter (version 2006.09.02).]
\scratchcounter=\count147
\scratchdimen=\dimen184
\scratchbox=\box49
\nofMPsegments=\count148
\nofMParguments=\count149
\everyMPshowfont=\toks40
\MPscratchCnt=\count150
\MPscratchDim=\dimen185
\MPnumerator=\count151
\makeMPintoPDFobject=\count152
\everyMPtoPDFconversion=\toks41
) (/usr/local/texlive/2014/texmf-dist/tex/latex/oberdiek/epstopdf-base.sty
Package: epstopdf-base 2010/02/09 v2.5 Base part for package epstopdf

(/usr/local/texlive/2014/texmf-dist/tex/latex/oberdiek/grfext.sty
Package: grfext 2010/08/19 v1.1 Manage graphics extensions (HO)
)
Package grfext Info: Graphics extension search list:
(grfext)             [.png,.pdf,.jpg,.mps,.jpeg,.jbig2,.jb2,.PNG,.PDF,.JPG,.JPE
G,.JBIG2,.JB2,.eps]
(grfext)             \AppendGraphicsExtensions on input line 452.

(/usr/local/texlive/2014/texmf-dist/tex/latex/latexconfig/epstopdf-sys.cfg
File: epstopdf-sys.cfg 2010/07/13 v1.3 Configuration of (r)epstopdf for TeX Liv
e
))
ABD: EveryShipout initializing macros ABD: EverySelectfont initializing macros
LaTeX Info: Redefining \selectfont on input line 99.
\AtBeginShipoutBox=\box50
Package caption Info: Begin \AtBeginDocument code.
Package caption Info: hyperref package is loaded.
Package caption Info: End \AtBeginDocument code.
Package hyperref Info: Link coloring OFF on input line 99.

(/usr/local/texlive/2014/texmf-dist/tex/latex/hyperref/nameref.sty
Package: nameref 2012/10/27 v2.43 Cross-referencing by name of section

(/usr/local/texlive/2014/texmf-dist/tex/generic/oberdiek/gettitlestring.sty
Package: gettitlestring 2010/12/03 v1.4 Cleanup title references (HO)
)
\c@section@level=\count153
)
LaTeX Info: Redefining \ref on input line 99.
LaTeX Info: Redefining \pageref on input line 99.
LaTeX Info: Redefining \nameref on input line 99.

(./thirdYearReport.out) (./thirdYearReport.out)
\@outlinefile=\write4
\openout4 = `thirdYearReport.out'.


<images/seventh.png, id=260, 148.555pt x 125.46875pt>
File: images/seventh.png Graphic file (type png)
 <use images/seventh.png>
Package pdftex.def Info: images/seventh.png used on input line 101.
(pdftex.def)             Requested size: 148.55463pt x 125.46843pt.

<images/codycoLogo.png, id=262, 310.15875pt x 104.39pt>
File: images/codycoLogo.png Graphic file (type png)

<use images/codycoLogo.png>
Package pdftex.def Info: images/codycoLogo.png used on input line 101.
(pdftex.def)             Requested size: 310.15799pt x 104.38972pt.
LaTeX Font Info:    Try loading font information for U+msa on input line 101.

(/usr/local/texlive/2014/texmf-dist/tex/latex/amsfonts/umsa.fd
File: umsa.fd 2013/01/14 v3.01 AMS symbols A
)
LaTeX Font Info:    Try loading font information for U+msb on input line 101.

(/usr/local/texlive/2014/texmf-dist/tex/latex/amsfonts/umsb.fd
File: umsb.fd 2013/01/14 v3.01 AMS symbols B
)

LaTeX Font Warning: Font shape `OT1/cmss/m/it' in size <14.4> not available
(Font)              Font shape `OT1/cmss/m/sl' tried instead on input line 101.



Overfull \hbox (11.42168pt too wide) in paragraph at lines 101--101
 [][] 
 []


Underfull \vbox (badness 1412) has occurred while \output is active []

 [0

{/usr/local/texlive/2014/texmf-var/fonts/map/pdftex/updmap/pdftex.map} <./image
s/seventh.png> <./images/codycoLogo.png>] [1] (./thirdYearReport.toc [2


])
\tf@toc=\write5
\openout5 = `thirdYearReport.toc'.

 [3]
(./thirdYearReport.lof [4]
Underfull \vbox (badness 3679) has occurred while \output is active []

 [5])
\tf@lof=\write6
\openout6 = `thirdYearReport.lof'.


[6] <images/icub_igt_2.jpeg, id=522, 770.88pt x 433.62pt>
File: images/icub_igt_2.jpeg Graphic file (type jpg)

<use images/icub_igt_2.jpeg>
Package pdftex.def Info: images/icub_igt_2.jpeg used on input line 129.
(pdftex.def)             Requested size: 227.62204pt x 128.03589pt.

Underfull \vbox (badness 10000) detected at line 153
 []


Overfull \vbox (1.06445pt too high) has occurred while \output is active []


[7 <./images/icub_igt_2.jpeg>]

LaTeX Font Warning: Font shape `OT1/cmss/m/it' in size <12> not available
(Font)              Font shape `OT1/cmss/m/sl' tried instead on input line 160.



Overfull \hbox (24.4248pt too wide) in paragraph at lines 160--161
[][] 
 []

<images/yogaSim.jpg, id=534, 639.38875pt x 360.34625pt>
File: images/yogaSim.jpg Graphic file (type jpg)

<use images/yogaSim.jpg>
Package pdftex.def Info: images/yogaSim.jpg used on input line 176.
(pdftex.def)             Requested size: 182.09485pt x 102.62276pt.

<images/seesawSim.jpg, id=535, 1287.81125pt x 711.65875pt>
File: images/seesawSim.jpg Graphic file (type jpg)

<use images/seesawSim.jpg>
Package pdftex.def Info: images/seesawSim.jpg used on input line 177.
(pdftex.def)             Requested size: 182.09485pt x 100.6197pt.


LaTeX Warning: `h' float specifier changed to `ht'.


Overfull \hbox (6.79999pt too wide) in paragraph at lines 183--186
[] 
 []

[8] (./sections/WP1/wp1_objectives.tex) (./sections/WP2/wp2_objectives.tex)
(./sections/WP3/wp3_objectives.tex [9 <./images/yogaSim.jpg> <./images/seesawSi
m.jpg>]
LaTeX Font Info:    Try loading font information for OMS+cmss on input line 8.
LaTeX Font Info:    No file OMScmss.fd. on input line 8.


LaTeX Font Warning: Font shape `OMS/cmss/m/n' undefined
(Font)              using `OMS/cmsy/m/n' instead
(Font)              for symbol `textbullet' on input line 8.

) (./sections/WP4/wp4_objectives.tex) (./sections/WP5/wp5_objectives.tex
Underfull \hbox (badness 1609) in paragraph at lines 4--5
[] []|\OT1/cmss/bx/n/12 3.2.1.5 WP5: sys-tems in-te-gra-tion, stan-dard-iza-tio
n and eval-u-a-tion on the
 []


Underfull \hbox (badness 1314) in paragraph at lines 4--5
\OT1/cmss/m/n/12 con-tacts (see []$\OT1/cmtt/m/n/12 https : / / github . com / 
robotology -[] playground / codyco -[] deliverables /
 []

) (./sections/WP6/wp6_objectives.tex [10]) (./sections/WP7/wp7_objectives.tex)
(./sections/WP1/wp1_progress_recap.tex) (./sections/WP2/wp2_progress_recap.tex
[11]) (./sections/WP3/wp3_progress_recap.tex)
(./sections/WP4/wp4_progress_recap.tex) (./sections/WP5/wp5_progress_recap.tex
[12]) (./sections/WP6/wp6_progress_recap.tex)
(./sections/WP7/wp7_progress_recap.tex) (./sections/WP1/wp1_progress.tex
[13] [14] <images/force_estimate.pdf, id=647, 1052.93375pt x 496.85625pt>
File: images/force_estimate.pdf Graphic file (type pdf)

<use images/force_estimate.pdf>
Package pdftex.def Info: images/force_estimate.pdf used on input line 218.
(pdftex.def)             Requested size: 421.16605pt x 198.73897pt.
 [15]
<images/MixCoordSys.png, id=666, 676.929pt x 505.89pt>
File: images/MixCoordSys.png Graphic file (type png)

<use images/MixCoordSys.png>
Package pdftex.def Info: images/MixCoordSys.png used on input line 254.
(pdftex.def)             Requested size: 182.09485pt x 136.08264pt.
 [16 <./images/force_estimate.pdf> <./images/MixCoordSys.png>]) (./sections/WP1
/wp1_resources.tex)
(./sections/WP2/wp2_progress.tex [17] [18] [19]
Package epstopdf Info: Source file: <./images/setup.eps>
(epstopdf)                    date: 2016-04-18 12:41:09
(epstopdf)                    size: 725755 bytes
(epstopdf)             Output file: <./images/setup-eps-converted-to.pdf>
(epstopdf)                    date: 2016-05-03 11:02:52
(epstopdf)                    size: 144490 bytes
(epstopdf)             Command: <repstopdf --outfile=./images/setup-eps-convert
ed-to.pdf ./images/setup.eps>
(epstopdf)             \includegraphics on input line 44.
Package epstopdf Info: Output file is already uptodate.

<./images/setup-eps-converted-to.pdf, id=716, 1003.75pt x 379.4175pt>
File: ./images/setup-eps-converted-to.pdf Graphic file (type pdf)

<use ./images/setup-eps-converted-to.pdf>
Package pdftex.def Info: ./images/setup-eps-converted-to.pdf used on input line
 44.
(pdftex.def)             Requested size: 450.69414pt x 170.36577pt.
 [20 <./images/setup-eps-converted-to.pdf>]
Package epstopdf Info: Source file: <./images/models.eps>
(epstopdf)                    date: 2016-04-18 12:41:09
(epstopdf)                    size: 993533 bytes
(epstopdf)             Output file: <./images/models-eps-converted-to.pdf>
(epstopdf)                    date: 2016-04-18 12:41:09
(epstopdf)                    size: 280756 bytes
(epstopdf)             Command: <repstopdf --outfile=./images/models-eps-conver
ted-to.pdf ./images/models.eps>
(epstopdf)             \includegraphics on input line 59.
Package epstopdf Info: Output file is already uptodate.
 <./images/models-eps-converted-to.pdf, id=733, 847.165pt x 574.145pt>
File: ./images/models-eps-converted-to.pdf Graphic file (type pdf)

<use ./images/models-eps-converted-to.pdf>
Package pdftex.def Info: ./images/models-eps-converted-to.pdf used on input lin
e 59.
(pdftex.def)             Requested size: 450.69414pt x 305.44305pt.
 [21 <./images/models-eps-converted-to.pdf>] <./images/fig1.png, id=751, 816.04
875pt x 758.835pt>
File: ./images/fig1.png Graphic file (type png)

<use ./images/fig1.png>
Package pdftex.def Info: ./images/fig1.png used on input line 98.
(pdftex.def)             Requested size: 244.81651pt x 227.65225pt.
 <./images/fig2.png, id=752, 1005.7575pt x 379.4175pt>
File: ./images/fig2.png Graphic file (type png)

<use ./images/fig2.png>
Package pdftex.def Info: ./images/fig2.png used on input line 119.
(pdftex.def)             Requested size: 352.0204pt x 132.79811pt.
 [22]
<./images/fig3.png, id=765, 410.53375pt x 398.48875pt>
File: ./images/fig3.png Graphic file (type png)
 <use ./images/fig3.png>
Package pdftex.def Info: ./images/fig3.png used on input line 133.
(pdftex.def)             Requested size: 143.68896pt x 139.47314pt.

[23 <./images/fig1.png> <./images/fig2.png>]
Missing character: There is no Ã in font cmss12!
Missing character: There is no ¯ in font cmss12!
 [24 <./images/fig3.png>]
<./images/fig4.pdf, id=781, 795.07034pt x 436.6413pt>
File: ./images/fig4.pdf Graphic file (type pdf)
 <use ./images/fig4.pdf>
Package pdftex.def Info: ./images/fig4.pdf used on input line 170.
(pdftex.def)             Requested size: 357.77835pt x 196.48676pt.

<./images/fig5.pdf, id=782, 795.66258pt x 430.17714pt>
File: ./images/fig5.pdf Graphic file (type pdf)
 <use ./images/fig5.pdf>
Package pdftex.def Info: ./images/fig5.pdf used on input line 177.
(pdftex.def)             Requested size: 358.04486pt x 193.57791pt.

<./images/fig6.pdf, id=783, 820.5255pt x 607.61005pt>
File: ./images/fig6.pdf Graphic file (type pdf)
 <use ./images/fig6.pdf>
Package pdftex.def Info: ./images/fig6.pdf used on input line 184.
(pdftex.def)             Requested size: 328.20438pt x 243.0397pt.

<./images/fig7.pdf, id=784, 820.36487pt x 608.6138pt>
File: ./images/fig7.pdf Graphic file (type pdf)
 <use ./images/fig7.pdf>
Package pdftex.def Info: ./images/fig7.pdf used on input line 191.
(pdftex.def)             Requested size: 328.14014pt x 243.4412pt.

<./images/fig8.pdf, id=785, 817.49416pt x 609.09558pt>
File: ./images/fig8.pdf Graphic file (type pdf)
 <use ./images/fig8.pdf>
Package pdftex.def Info: ./images/fig8.pdf used on input line 199.
(pdftex.def)             Requested size: 326.99187pt x 243.63391pt.

<./images/fig9.pdf, id=786, 314.48491pt x 204.99586pt>
File: ./images/fig9.pdf Graphic file (type pdf)
 <use ./images/fig9.pdf>
Package pdftex.def Info: ./images/fig9.pdf used on input line 206.
(pdftex.def)             Requested size: 314.48413pt x 204.99536pt.

[25 <./images/fig4.pdf>] [26 <./images/fig5.pdf> <./images/fig6.pdf>] [27 <./im
ages/fig7.pdf>] [28 <./images/fig8.pdf> <./images/fig9.pdf>]
<./images/stance.jpg, id=869, 2107.875pt x 1786.675pt>
File: ./images/stance.jpg Graphic file (type jpg)

<use ./images/stance.jpg>
Package pdftex.def Info: ./images/stance.jpg used on input line 238.
(pdftex.def)             Requested size: 341.43306pt x 289.39069pt.

<./images/widestance.jpg, id=870, 702.625pt x 1775.63374pt>
File: ./images/widestance.jpg Graphic file (type jpg)

<use ./images/widestance.jpg>
Package pdftex.def Info: ./images/widestance.jpg used on input line 244.
(pdftex.def)             Requested size: 91.04742pt x 230.08186pt.

<./images/low.jpg, id=871, 702.625pt x 1776.6375pt>
File: ./images/low.jpg Graphic file (type jpg)
 <use ./images/low.jpg>
Package pdftex.def Info: ./images/low.jpg used on input line 245.
(pdftex.def)             Requested size: 91.04742pt x 230.21191pt.

<./images/mid.jpg, id=872, 702.625pt x 1776.6375pt>
File: ./images/mid.jpg Graphic file (type jpg)
 <use ./images/mid.jpg>
Package pdftex.def Info: ./images/mid.jpg used on input line 246.
(pdftex.def)             Requested size: 91.04742pt x 230.21191pt.

<./images/high.jpg, id=873, 702.625pt x 1776.6375pt>
File: ./images/high.jpg Graphic file (type jpg)
 <use ./images/high.jpg>
Package pdftex.def Info: ./images/high.jpg used on input line 247.
(pdftex.def)             Requested size: 91.04742pt x 230.21191pt.
Missing character: There is no â in font cmss12!
Missing character: There is no € in font cmss12!
Missing character: There is no ™ in font cmss12!

<./images/perturbation.pdf, id=881, 562.1pt x 421.575pt>
File: ./images/perturbation.pdf Graphic file (type pdf)

<use ./images/perturbation.pdf>
Package pdftex.def Info: ./images/perturbation.pdf used on input line 263.
(pdftex.def)             Requested size: 224.83601pt x 168.627pt.
 [29] [30 <./images/stance.jpg> <./images/widestance.jpg> <./images/low.jpg> <.
/images/mid.jpg> <./images/high.jpg>]

LaTeX Font Warning: Command \small invalid in math mode on input line 268.

<./images/robotmodels.pdf, id=897, 597.50829pt x 845.0471pt>
File: ./images/robotmodels.pdf Graphic file (type pdf)

<use ./images/robotmodels.pdf>
Package pdftex.def Info: ./images/robotmodels.pdf used on input line 276.
(pdftex.def)             Requested size: 452.25908pt x 256.36078pt.
 [31 <./images/perturbation.pdf>] [32 <./images/robotmodels.pdf>]
<./images/errorBarPlotsSEM-norm_v2_1.pdf, id=944, 403.54214pt x 338.00981pt>
File: ./images/errorBarPlotsSEM-norm_v2_1.pdf Graphic file (type pdf)

<use ./images/errorBarPlotsSEM-norm_v2_1.pdf>
Package pdftex.def Info: ./images/errorBarPlotsSEM-norm_v2_1.pdf used on input 
line 335.
(pdftex.def)             Requested size: 302.65585pt x 253.50673pt.

Underfull \vbox (badness 10000) has occurred while \output is active []

 [33]
<./images/hri_contacts_guidance.png, id=953, 645.41125pt x 490.83376pt>
File: ./images/hri_contacts_guidance.png Graphic file (type png)

<use ./images/hri_contacts_guidance.png>
Package pdftex.def Info: ./images/hri_contacts_guidance.png used on input line 
353.
(pdftex.def)             Requested size: 112.2396pt x 85.35826pt.

<./images/hri_manip3_left_5.jpg, id=954, 451.6875pt x 602.25pt>
File: ./images/hri_manip3_left_5.jpg Graphic file (type jpg)

<use ./images/hri_manip3_left_5.jpg>
Package pdftex.def Info: ./images/hri_manip3_left_5.jpg used on input line 354.

(pdftex.def)             Requested size: 64.01463pt x 85.35826pt.

<./images/hri_manip3_right_5.jpg, id=955, 451.6875pt x 602.25pt>
File: ./images/hri_manip3_right_5.jpg Graphic file (type jpg)

<use ./images/hri_manip3_right_5.jpg>
Package pdftex.def Info: ./images/hri_manip3_right_5.jpg used on input line 355
.
(pdftex.def)             Requested size: 64.01463pt x 85.35826pt.

<./images/hri_cartesian_hands.png, id=956, 578.16pt x 433.62pt>
File: ./images/hri_cartesian_hands.png Graphic file (type png)

<use ./images/hri_cartesian_hands.png>
Package pdftex.def Info: ./images/hri_cartesian_hands.png used on input line 35
7.
(pdftex.def)             Requested size: 189.68181pt x 142.26378pt.

<./images/hri_joint_torques.png, id=957, 578.16pt x 433.62pt>
File: ./images/hri_joint_torques.png Graphic file (type png)

<use ./images/hri_joint_torques.png>
Package pdftex.def Info: ./images/hri_joint_torques.png used on input line 358.

(pdftex.def)             Requested size: 189.68181pt x 142.26378pt.
) (./sections/WP2/wp2_resources.tex
Underfull \vbox (badness 10000) has occurred while \output is active []

 [34 <./images/errorBarPlotsSEM-norm_v2_1.pdf>]) (./sections/WP3/wp3_progress.t
ex [35 <./images/hri_contacts_guidance.png> <./images/hri_manip3_left_5.jpg> <.
/images/hri_manip3_right_5.jpg> <./images/hri_cartesian_hands.png (PNG copy)> <
./images/hri_joint_torques.png (PNG copy)>]
Underfull \hbox (badness 10000) in paragraph at lines 17--18

 []

<images/scenario.pdf, id=1011, 680.94409pt x 467.60265pt>
File: images/scenario.pdf Graphic file (type pdf)

<use images/scenario.pdf>
Package pdftex.def Info: images/scenario.pdf used on input line 25.
(pdftex.def)             Requested size: 273.14922pt x 187.56573pt.
 [36]
Underfull \hbox (badness 10000) in paragraph at lines 32--33

 []

[37 <./images/scenario.pdf>]
Underfull \hbox (badness 10000) in paragraph at lines 61--62

 []


Underfull \hbox (badness 10000) in paragraph at lines 63--64

 []

[38]
Missing character: There is no â in font cmss12!
Missing character: There is no € in font cmss12!
Missing character: There is no ™ in font cmss12!
 [39] <images/taskPush.jpg, id=1177, 577.15625pt x 1027.84pt>
File: images/taskPush.jpg Graphic file (type jpg)

<use images/taskPush.jpg>
Package pdftex.def Info: images/taskPush.jpg used on input line 89.
(pdftex.def)             Requested size: 120.18555pt x 214.03348pt.

Underfull \hbox (badness 2884) in paragraph at lines 90--90
\OT1/cmss/m/n/10.95 pected ob-sta-cle. Us-ing the
 []

<images/trackErrContact3_mod.pdf, id=1178, 432.72888pt x 172.76067pt>
File: images/trackErrContact3_mod.pdf Graphic file (type pdf)

<use images/trackErrContact3_mod.pdf>
Package pdftex.def Info: images/trackErrContact3_mod.pdf used on input line 96.

(pdftex.def)             Requested size: 251.20152pt x 100.28822pt.
 [40 <./images/taskPush.jpg> <./images/trackErrContact3_mod.pdf>]
Missing character: There is no â in font cmss12!
Missing character: There is no € in font cmss12!
Missing character: There is no ™ in font cmss12!
Missing character: There is no â in font cmr12!
Missing character: There is no € in font cmr12!
Missing character: There is no “ in font cmr12!
 <images/trajs.png, id=1353, 966.9726pt x 588.2778pt>
File: images/trajs.png Graphic file (type png)

<use images/trajs.png>
Package pdftex.def Info: images/trajs.png used on input line 131.
(pdftex.def)             Requested size: 184.37134pt x 112.15993pt.
 <images/costmap.png, id=1354, 945.2916pt x 588.2778pt>
File: images/costmap.png Graphic file (type png)

<use images/costmap.png>
Package pdftex.def Info: images/costmap.png used on input line 137.
(pdftex.def)             Requested size: 184.37134pt x 114.73615pt.
 <images/fitts.png, id=1355, 507.3354pt x 414.8298pt>
File: images/fitts.png Graphic file (type png)

<use images/fitts.png>
Package pdftex.def Info: images/fitts.png used on input line 144.
(pdftex.def)             Requested size: 163.88737pt x 134.00154pt.
 <images/hitdisp.png, id=1356, 951.7959pt x 572.3784pt>
File: images/hitdisp.png Graphic file (type png)

<use images/hitdisp.png>
Package pdftex.def Info: images/hitdisp.png used on input line 150.
(pdftex.def)             Requested size: 184.37134pt x 110.87534pt.
 [41]) (./sections/WP3/wp3_resources.tex
Underfull \vbox (badness 10000) has occurred while \output is active []

 [42 <./images/trajs.png> <./images/costmap.png> <./images/fitts.png> <./images
/hitdisp.png>]) (./sections/WP4/wp4_progress.tex (./sections/WP4/wp4_progress_T
41_IIT.tex
<images/subject.png, id=1389, 189.70876pt x 546.04pt>
File: images/subject.png Graphic file (type png)
 <use images/subject.png>
Package pdftex.def Info: images/subject.png used on input line 24.
(pdftex.def)             Requested size: 37.94107pt x 109.20605pt.

<images/model_refs.pdf, id=1390, 336.1857pt x 478.83347pt>
File: images/model_refs.pdf Graphic file (type pdf)

<use images/model_refs.pdf>
Package pdftex.def Info: images/model_refs.pdf used on input line 24.
(pdftex.def)             Requested size: 67.23595pt x 95.76498pt.
 <images/tau1.pdf, id=1391, 562.1pt x 421.575pt>
File: images/tau1.pdf Graphic file (type pdf)

<use images/tau1.pdf>
Package pdftex.def Info: images/tau1.pdf used on input line 24.
(pdftex.def)             Requested size: 140.52466pt x 105.39348pt.
 <images/tau2.pdf, id=1392, 562.1pt x 421.575pt>
File: images/tau2.pdf Graphic file (type pdf)

<use images/tau2.pdf>
Package pdftex.def Info: images/tau2.pdf used on input line 24.
(pdftex.def)             Requested size: 140.52466pt x 105.39348pt.
 [43]) [44 <./images/subject.png> <./images/model_refs.pdf> <./images/tau1.pdf>
 <./images/tau2.pdf>]
<images/Figure-1(rueckert).pdf, id=1726, 611.45161pt x 246.2277pt>
File: images/Figure-1(rueckert).pdf Graphic file (type pdf)

<use images/Figure-1(rueckert).pdf>
Package pdftex.def Info: images/Figure-1(rueckert).pdf used on input line 38.
(pdftex.def)             Requested size: 455.24408pt x 183.32526pt.

<images/KukaLearnedModelObstacles.pdf, id=1727, 699.55353pt x 210.9481pt>
File: images/KukaLearnedModelObstacles.pdf Graphic file (type pdf)

<use images/KukaLearnedModelObstacles.pdf>
Package pdftex.def Info: images/KukaLearnedModelObstacles.pdf used on input lin
e 61.
(pdftex.def)             Requested size: 455.24408pt x 137.27878pt.
 [45 <./images/Figure-1(rueckert).pdf>] [46 <./images/KukaLearnedModelObstacles
.pdf>]
<images/v_alphas_hand.pdf, id=3516, 635.37375pt x 462.72874pt>
File: images/v_alphas_hand.pdf Graphic file (type pdf)

<use images/v_alphas_hand.pdf>
Package pdftex.def Info: images/v_alphas_hand.pdf used on input line 151.
(pdftex.def)             Requested size: 117.20297pt x 85.35826pt.

<images/v_alpha_combine.pdf, id=3517, 635.37375pt x 462.72874pt>
File: images/v_alpha_combine.pdf Graphic file (type pdf)

<use images/v_alpha_combine.pdf>
Package pdftex.def Info: images/v_alpha_combine.pdf used on input line 152.
(pdftex.def)             Requested size: 117.20297pt x 85.35826pt.

<images/v_fitness_comp_3task_kinova1.pdf, id=3518, 520.94624pt x 402.50375pt>
File: images/v_fitness_comp_3task_kinova1.pdf Graphic file (type pdf)

<use images/v_fitness_comp_3task_kinova1.pdf>
Package pdftex.def Info: images/v_fitness_comp_3task_kinova1.pdf used on input 
line 153.
(pdftex.def)             Requested size: 110.47505pt x 85.35826pt.

<images/v_to_steady.png, id=3521, 346.896pt x 462.528pt>
File: images/v_to_steady.png Graphic file (type png)

<use images/v_to_steady.png>
Package pdftex.def Info: images/v_to_steady.png used on input line 160.
(pdftex.def)             Requested size: 96.02922pt x 128.0374pt.

<images/v_viol.png, id=3522, 346.896pt x 462.528pt>
File: images/v_viol.png Graphic file (type png)
 <use images/v_viol.png>
Package pdftex.def Info: images/v_viol.png used on input line 161.
(pdftex.def)             Requested size: 96.02922pt x 128.0374pt.


LaTeX Warning: `!h' float specifier changed to `!ht'.

) (./sections/WP4/wp4_resources.tex
Underfull \vbox (badness 10000) has occurred while \output is active []

 [47])
(./sections/WP5/wp5_progress.tex [48 <./images/v_alphas_hand.pdf> <./images/v_a
lpha_combine.pdf> <./images/v_fitness_comp_3task_kinova1.pdf> <./images/v_to_st
eady.png> <./images/v_viol.png>] (./images/softFloor.eps_tex
Package epstopdf Info: Source file: <images/softFloor.eps>
(epstopdf)                    date: 2016-05-03 11:02:52
(epstopdf)                    size: 81237 bytes
(epstopdf)             Output file: <images/softFloor-eps-converted-to.pdf>
(epstopdf)             Command: <repstopdf --outfile=images/softFloor-eps-conve
rted-to.pdf images/softFloor.eps>
(epstopdf)             \includegraphics on input line 52.
runsystem(repstopdf --outfile=images/softFloor-eps-converted-to.pdf images/soft
Floor.eps)...executed safely (allowed).

Package epstopdf Info: Result file: <images/softFloor-eps-converted-to.pdf>.


! Package pdftex.def Error: File `images/softFloor-eps-converted-to.pdf' not fo
und.

See the pdftex.def package documentation for explanation.
Type  H <return>  for immediate help.
 ...                                              
                                                  
l.52 ...[width=\unitlength]{images/softFloor.eps}}
                                                  %
Using draft setting for this image.
Try typing  <return>  to proceed.
If that doesn't work, type  X <return>  to quit.

)
Missing character: There is no â in font cmss12!
Missing character: There is no € in font cmss12!
Missing character: There is no ™ in font cmss12!
Missing character: There is no â in font cmss12!
Missing character: There is no € in font cmss12!
Missing character: There is no ™ in font cmss12!
Missing character: There is no â in font cmss12!
Missing character: There is no € in font cmss12!
Missing character: There is no ™ in font cmss12!
Missing character: There is no â in font cmss12!
Missing character: There is no € in font cmss12!
Missing character: There is no ™ in font cmss12!
 [49] (./images/seesawRobot.eps_tex
Package epstopdf Info: Source file: <images/seesawRobot.eps>
(epstopdf)                    date: 2016-05-03 11:02:52
(epstopdf)                    size: 723637 bytes
(epstopdf)             Output file: <images/seesawRobot-eps-converted-to.pdf>
(epstopdf)             Command: <repstopdf --outfile=images/seesawRobot-eps-con
verted-to.pdf images/seesawRobot.eps>
(epstopdf)             \includegraphics on input line 52.
runsystem(repstopdf --outfile=images/seesawRobot-eps-converted-to.pdf images/se
esawRobot.eps)...executed safely (allowed).

Package epstopdf Info: Result file: <images/seesawRobot-eps-converted-to.pdf>.


! Package pdftex.def Error: File `images/seesawRobot-eps-converted-to.pdf' not 
found.

See the pdftex.def package documentation for explanation.
Type  H <return>  for immediate help.
 ...                                              
                                                  
l.52 ...idth=\unitlength]{images/seesawRobot.eps}}
                                                  %
Using draft setting for this image.
Try typing  <return>  to proceed.
If that doesn't work, type  X <return>  to quit.

)
Underfull \hbox (badness 1776) in paragraph at lines 37--39
[] [] \OT1/cmss/bx/n/12 Soft-ware[] \OT1/cmss/m/n/12 The con-trollers for both 
demon-stra-tions have been de-vel-oped in the
 []


Underfull \hbox (badness 2582) in paragraph at lines 37--39
\OT1/cmss/m/n/12 high-level MATH-WORKS tools. In par-tic-u-lar, the con-troller
 for bal-anc-ing on a
 []

) (./sections/WP5/wp5_resources.tex
Underfull \vbox (badness 10000) has occurred while \output is active []

 [50])
(./sections/WP6/wp6_progress.tex) (./sections/WP6/wp6_resources.tex)
(./sections/WP7/wp7_progress.tex [51]
Missing character: There is no â in font cmss12!
Missing character: There is no € in font cmss12!
Missing character: There is no ™ in font cmss12!
Missing character: There is no â in font cmss12!
Missing character: There is no € in font cmss12!
Missing character: There is no ™ in font cmss12!
Missing character: There is no â in font cmss12!
Missing character: There is no € in font cmss12!
Missing character: There is no ™ in font cmss12!
 [52]
Missing character: There is no Ã in font cmss12!
Missing character: There is no © in font cmss12!
) (./sections/WP7/wp7_resources.tex)
[53] <./images/deliverables.pdf, id=3630, 597.23125pt x 845.1575pt>
File: ./images/deliverables.pdf Graphic file (type pdf)

<use ./images/deliverables.pdf>
Package pdftex.def Info: ./images/deliverables.pdf used on input line 267.
(pdftex.def)             Requested size: 409.71689pt x 579.80634pt.

<./images/milestones.pdf, id=3631, 497.58229pt x 250.59602pt>
File: ./images/milestones.pdf Graphic file (type pdf)

<use ./images/milestones.pdf>
Package pdftex.def Info: ./images/milestones.pdf used on input line 270.
(pdftex.def)             Requested size: 409.71689pt x 206.3504pt.

Underfull \vbox (badness 10000) has occurred while \output is active []

 [54

 <./images/deliverables.pdf>] [55 <./images/milestones.pdf>] (./thirdYearReport
.bbl
[56

] [57]
Underfull \hbox (badness 10000) in paragraph at lines 173--181
\OT1/cmr/m/n/12 tool = pmcentrez\OMS/cmss/m/n/12 f\OT1/cmr/m/n/12 & [] renderty
pe = abstracthttp : / / www . ncbi . nlm . nih . gov / pubmed /
 []

[58] [59]) (./sections/dissemination.tex (./sections/dissemination/IIT.tex
<images/icub_igt.jpeg, id=3726, 622.325pt x 389.455pt>
File: images/icub_igt.jpeg Graphic file (type jpg)

<use images/icub_igt.jpeg>
Package pdftex.def Info: images/icub_igt.jpeg used on input line 6.
(pdftex.def)             Requested size: 227.62204pt x 142.44405pt.
 [60]
Missing character: There is no Ì in font cmss12!
Missing character: There is no  in font cmss12!

<images/vvv.jpg, id=3734, 803.0pt x 463.7325pt>
File: images/vvv.jpg Graphic file (type jpg)
 <use images/vvv.jpg>
Package pdftex.def Info: images/vvv.jpg used on input line 36.
(pdftex.def)             Requested size: 221.714pt x 128.0374pt.

<images/iros.jpg, id=3735, 1003.75pt x 691.58376pt>
File: images/iros.jpg Graphic file (type jpg)
 <use images/iros.jpg>
Package pdftex.def Info: images/iros.jpg used on input line 37.
(pdftex.def)             Requested size: 185.82869pt x 128.0374pt.

<images/allevi.jpg, id=3736, 642.4pt x 428.60126pt>
File: images/allevi.jpg Graphic file (type jpg)
 <use images/allevi.jpg>
Package pdftex.def Info: images/allevi.jpg used on input line 38.
(pdftex.def)             Requested size: 191.9079pt x 128.0374pt.

<images/renzi.jpg, id=3737, 1284.8pt x 722.7pt>
File: images/renzi.jpg Graphic file (type jpg)
 <use images/renzi.jpg>
Package pdftex.def Info: images/renzi.jpg used on input line 39.
(pdftex.def)             Requested size: 227.60759pt x 128.0374pt.
 [61 <./images/icub_igt.jpeg>]
Underfull \vbox (badness 2293) has occurred while \output is active []

 [62 <./images/vvv.jpg> <./images/iros.jpg> <./images/allevi.jpg> <./images/ren
zi.jpg>]
Missing character: There is no Â in font cmss12!
Missing character: There is no   in font cmss12!
Missing character: There is no Ì in font cmss12!
Missing character: There is no  in font cmss12!
Missing character: There is no Ì in font cmss12!
Missing character: There is no  in font cmss12!

[63]
Missing character: There is no â in font cmss12!
Missing character: There is no € in font cmss12!
Missing character: There is no ˜ in font cmss12!
Missing character: There is no â in font cmss12!
Missing character: There is no € in font cmss12!
Missing character: There is no ™ in font cmss12!
Missing character: There is no â in font cmss12!
Missing character: There is no € in font cmss12!
Missing character: There is no ˜ in font cmss12!
Missing character: There is no â in font cmss12!
Missing character: There is no € in font cmss12!
Missing character: There is no ™ in font cmss12!
Missing character: There is no â in font cmss12!
Missing character: There is no € in font cmss12!
Missing character: There is no ˜ in font cmss12!
Missing character: There is no â in font cmss12!
Missing character: There is no € in font cmss12!
Missing character: There is no œ in font cmss12!
Missing character: There is no â in font cmss12!
Missing character: There is no € in font cmss12!
Missing character: There is no  in font cmss12!
Missing character: There is no â in font cmss12!
Missing character: There is no € in font cmss12!
Missing character: There is no ™ in font cmss12!
Missing character: There is no â in font cmss12!
Missing character: There is no € in font cmss12!
Missing character: There is no “ in font cmss12!
Missing character: There is no â in font cmss12!
Missing character: There is no € in font cmss12!
Missing character: There is no ˜ in font cmss12!
Missing character: There is no â in font cmss12!
Missing character: There is no € in font cmss12!
Missing character: There is no ™ in font cmss12!
Missing character: There is no â in font cmss12!
Missing character: There is no € in font cmss12!
Missing character: There is no ˜ in font cmss12!
Missing character: There is no â in font cmss12!
Missing character: There is no € in font cmss12!
Missing character: There is no ™ in font cmss12!
Missing character: There is no â in font cmss12!
Missing character: There is no € in font cmss12!
Missing character: There is no ˜ in font cmss12!
Missing character: There is no â in font cmss12!
Missing character: There is no € in font cmss12!
Missing character: There is no ™ in font cmss12!
Missing character: There is no â in font cmss12!
Missing character: There is no € in font cmss12!
Missing character: There is no ˜ in font cmss12!
Missing character: There is no â in font cmss12!
Missing character: There is no € in font cmss12!
Missing character: There is no ™ in font cmss12!
Missing character: There is no â in font cmss12!
Missing character: There is no € in font cmss12!
Missing character: There is no ˜ in font cmss12!
Missing character: There is no â in font cmss12!
Missing character: There is no € in font cmss12!
Missing character: There is no ™ in font cmss12!
Missing character: There is no â in font cmss12!
Missing character: There is no € in font cmss12!
Missing character: There is no ˜ in font cmss12!
Missing character: There is no â in font cmss12!
Missing character: There is no € in font cmss12!
Missing character: There is no ™ in font cmss12!
Missing character: There is no â in font cmss12!
Missing character: There is no € in font cmss12!
Missing character: There is no ˜ in font cmss12!
Missing character: There is no â in font cmss12!
Missing character: There is no € in font cmss12!
Missing character: There is no ™ in font cmss12!
Missing character: There is no â in font cmss12!
Missing character: There is no € in font cmss12!
Missing character: There is no ˜ in font cmss12!
Missing character: There is no â in font cmss12!
Missing character: There is no € in font cmss12!
Missing character: There is no ™ in font cmss12!
Missing character: There is no â in font cmss12!
Missing character: There is no € in font cmss12!
Missing character: There is no ˜ in font cmss12!
Missing character: There is no â in font cmss12!
Missing character: There is no € in font cmss12!
Missing character: There is no ™ in font cmss12!
 [64]) (./sections/dissemination/TUD.tex [65]
Missing character: There is no â in font cmss12!
Missing character: There is no € in font cmss12!
Missing character: There is no ™ in font cmss12!
Missing character: There is no â in font cmss12!
Missing character: There is no € in font cmss12!
Missing character: There is no ™ in font cmss12!
Missing character: There is no â in font cmss12!
Missing character: There is no € in font cmss12!
Missing character: There is no ™ in font cmss12!
Missing character: There is no â in font cmss12!
Missing character: There is no € in font cmss12!
Missing character: There is no ™ in font cmss12!
Missing character: There is no â in font cmss12!
Missing character: There is no € in font cmss12!
Missing character: There is no ™ in font cmss12!
Missing character: There is no â in font cmss12!
Missing character: There is no € in font cmss12!
Missing character: There is no ™ in font cmss12!
Missing character: There is no â in font cmss12!
Missing character: There is no € in font cmss12!
Missing character: There is no “ in font cmss12!
 [66]
Missing character: There is no â in font cmss12!
Missing character: There is no € in font cmss12!
Missing character: There is no “ in font cmss12!
Missing character: There is no â in font cmss12!
Missing character: There is no € in font cmss12!
Missing character: There is no “ in font cmss12!
Missing character: There is no â in font cmss12!
Missing character: There is no € in font cmss12!
Missing character: There is no “ in font cmss12!
 [67])
(./sections/dissemination/UPMC.tex [68]
Missing character: There is no Ã in font cmss12!
Missing character: There is no © in font cmss12!
Missing character: There is no Ã in font cmss12!
Missing character: There is no © in font cmss12!
Missing character: There is no Ã in font cmss12!
Missing character: There is no ´ in font cmss12!
Missing character: There is no Ã in font cmss12!
Missing character: There is no ¯ in font cmss12!
Missing character: There is no Ã in font cmss12!
Missing character: There is no © in font cmss12!
Missing character: There is no Ã in font cmss12!
Missing character: There is no © in font cmss12!
Missing character: There is no Ã in font cmss12!
Missing character: There is no © in font cmss12!
Missing character: There is no â in font cmss12!
Missing character: There is no € in font cmss12!
Missing character: There is no ™ in font cmss12!
Missing character: There is no â in font cmss12!
Missing character: There is no — in font cmss12!
Missing character: There is no ¦ in font cmss12!
Missing character: There is no Ã in font cmss12!
Missing character: There is no © in font cmss12!
Missing character: There is no Ã in font cmss12!
Missing character: There is no © in font cmss12!
Missing character: There is no Ã in font cmss12!
Missing character: There is no © in font cmss12!
Missing character: There is no Ã in font cmss12!
Missing character: There is no   in font cmss12!
Missing character: There is no Ã in font cmss12!
Missing character: There is no © in font cmss12!
Missing character: There is no Ã in font cmss12!
Missing character: There is no © in font cmss12!
Missing character: There is no Ã in font cmss12!
Missing character: There is no © in font cmss12!
Missing character: There is no Ã in font cmss12!
Missing character: There is no ¯ in font cmss12!
 [69]
Missing character: There is no â in font cmss12!
Missing character: There is no € in font cmss12!
Missing character: There is no “ in font cmss12!
Missing character: There is no â in font cmss12!
Missing character: There is no € in font cmss12!
Missing character: There is no “ in font cmss12!
Missing character: There is no â in font cmss12!
Missing character: There is no € in font cmss12!
Missing character: There is no “ in font cmss12!
Missing character: There is no â in font cmss12!
Missing character: There is no € in font cmss12!
Missing character: There is no “ in font cmss12!
Missing character: There is no â in font cmss12!
Missing character: There is no € in font cmss12!
Missing character: There is no “ in font cmss12!
) (./sections/dissemination/UB.tex
[70]) (./sections/dissemination/JSI.tex [71])
(./sections/dissemination/INRIA.tex
Underfull \hbox (badness 1460) in paragraph at lines 34--35
[]\OT1/cmss/m/n/12 BMVA Work-shop on Vi-sual, tac-tile and force sens-ing for r
obot ma-nip-u-la-tion,
 []


Underfull \hbox (badness 3009) in paragraph at lines 34--35
\OT1/cmss/m/n/12 De-cem-ber 9th 2015, Lon-don (UK), or-ga-nized by L. Ja-mone a
nd S. Ivaldi
 []


Underfull \hbox (badness 10000) in paragraph at lines 34--35
\OT1/cmss/m/n/12 ([]$\OT1/cmtt/m/n/12 http : / / www . eventbrite . co . uk / e
 / bmva -[] workshop -[] on -[] visual -[] tactile -[] and -[]
 []


Underfull \hbox (badness 1314) in paragraph at lines 34--35
\OT1/cmtt/m/n/12 force -[] sensing -[] for -[] robot -[] manipulation -[] regis
tration -[] 16836320889$[]\OT1/cmss/m/n/12 ). The
 []

[72] [73] <images/comic_fiamma_1.jpg, id=3931, 66.12704pt x 33.0033pt>
File: images/comic_fiamma_1.jpg Graphic file (type jpg)

<use images/comic_fiamma_1.jpg>
Package pdftex.def Info: images/comic_fiamma_1.jpg used on input line 121.
(pdftex.def)             Requested size: 228.05876pt x 113.81102pt.

<images/comic_fiamma_2.jpg, id=3932, 67.452pt x 67.9338pt>
File: images/comic_fiamma_2.jpg Graphic file (type jpg)

<use images/comic_fiamma_2.jpg>
Package pdftex.def Info: images/comic_fiamma_2.jpg used on input line 122.
(pdftex.def)             Requested size: 113.0098pt x 113.81102pt.

Underfull \hbox (badness 4492) in paragraph at lines 130--132
\OT1/cmss/m/n/12 RIA & UPMC) are por-trayed by Fi-amma Luz-zati in her web ar-t
i-cle on
 []

[74])) 
AED: lastpage setting LastPage
[75 <./images/comic_fiamma_1.jpg> <./images/comic_fiamma_2.jpg>]
Package atveryend Info: Empty hook `BeforeClearDocument' on input line 278.
Package atveryend Info: Empty hook `AfterLastShipout' on input line 278.

(./thirdYearReport.aux)
Package atveryend Info: Executing hook `AtVeryEndDocument' on input line 278.
Package atveryend Info: Executing hook `AtEndAfterFileList' on input line 278.
Package rerunfilecheck Info: File `thirdYearReport.out' has not changed.
(rerunfilecheck)             Checksum: 0D91FF5B09568DD8C8084AE75BDCA46A;5488.


LaTeX Font Warning: Some font shapes were not available, defaults substituted.

Package atveryend Info: Empty hook `AtVeryVeryEnd' on input line 278.
 ) 
Here is how much of TeX's memory you used:
 20358 strings out of 493117
 382200 string characters out of 6135432
 479369 words of memory out of 5000000
 22850 multiletter control sequences out of 15000+600000
 19613 words of font info for 74 fonts, out of 8000000 for 9000
 1141 hyphenation exceptions out of 8191
 55i,16n,54p,1555b,497s stack positions out of 5000i,500n,10000p,200000b,80000s
</usr/local/texlive/2014/texmf-dist/fonts/type1/public/amsfonts/cm/cmbx12.pfb
></usr/local/texlive/2014/texmf-dist/fonts/type1/public/amsfonts/cm/cmex10.pfb>
</usr/local/texlive/2014/texmf-dist/fonts/type1/public/amsfonts/cm/cmmi10.pfb><
/usr/local/texlive/2014/texmf-dist/fonts/type1/public/amsfonts/cm/cmmi12.pfb></
usr/local/texlive/2014/texmf-dist/fonts/type1/public/amsfonts/cm/cmmi6.pfb></us
r/local/texlive/2014/texmf-dist/fonts/type1/public/amsfonts/cm/cmmi7.pfb></usr/
local/texlive/2014/texmf-dist/fonts/type1/public/amsfonts/cm/cmmi8.pfb></usr/lo
cal/texlive/2014/texmf-dist/fonts/type1/public/amsfonts/cm/cmmib10.pfb></usr/lo
cal/texlive/2014/texmf-dist/fonts/type1/public/amsfonts/cm/cmr10.pfb></usr/loca
l/texlive/2014/texmf-dist/fonts/type1/public/amsfonts/cm/cmr12.pfb></usr/local/
texlive/2014/texmf-dist/fonts/type1/public/amsfonts/cm/cmr6.pfb></usr/local/tex
live/2014/texmf-dist/fonts/type1/public/amsfonts/cm/cmr7.pfb></usr/local/texliv
e/2014/texmf-dist/fonts/type1/public/amsfonts/cm/cmr8.pfb></usr/local/texlive/2
014/texmf-dist/fonts/type1/public/amsfonts/cm/cmss10.pfb></usr/local/texlive/20
14/texmf-dist/fonts/type1/public/amsfonts/cm/cmss12.pfb></usr/local/texlive/201
4/texmf-dist/fonts/type1/public/amsfonts/cm/cmss8.pfb></usr/local/texlive/2014/
texmf-dist/fonts/type1/public/amsfonts/cm/cmssbx10.pfb></usr/local/texlive/2014
/texmf-dist/fonts/type1/public/amsfonts/cm/cmssi12.pfb></usr/local/texlive/2014
/texmf-dist/fonts/type1/public/amsfonts/cm/cmsy10.pfb></usr/local/texlive/2014/
texmf-dist/fonts/type1/public/amsfonts/cm/cmsy6.pfb></usr/local/texlive/2014/te
xmf-dist/fonts/type1/public/amsfonts/cm/cmsy8.pfb></usr/local/texlive/2014/texm
f-dist/fonts/type1/public/amsfonts/cm/cmtt10.pfb></usr/local/texlive/2014/texmf
-dist/fonts/type1/public/amsfonts/cm/cmtt12.pfb></usr/local/texlive/2014/texmf-
dist/fonts/type1/public/amsfonts/cm/cmtt8.pfb></usr/local/texlive/2014/texmf-di
st/fonts/type1/public/amsfonts/symbols/msbm10.pfb>
Output written on thirdYearReport.pdf (76 pages, 9782635 bytes).
PDF statistics:
 4120 PDF objects out of 4296 (max. 8388607)
 3032 compressed objects within 31 object streams
 403 named destinations out of 1000 (max. 500000)
 813 words of extra memory for PDF output out of 10000 (max. 10000000)

