This is pdfTeXk, Version 3.1415926-1.40.9 (Web2C 7.5.7) (format=pdflatex 2009.8.17)  26 FEB 2015 19:20
entering extended mode
\write18 enabled.
 file:line:error style messages enabled.
 %&-line parsing enabled.
**3_results.tex
(./3_results.tex
LaTeX2e <2005/12/01>
Babel <v3.8l> and hyphenation patterns for english, usenglishmax, dumylang, noh
yphenation, german-x-2008-06-18, ngerman-x-2008-06-18, ancientgreek, ibycus, ar
abic, basque, bulgarian, catalan, pinyin, coptic, croatian, czech, danish, dutc
h, esperanto, estonian, farsi, finnish, french, galician, german, ngerman, mono
greek, greek, hungarian, icelandic, indonesian, interlingua, irish, italian, la
tin, lithuanian, mongolian, mongolian2a, bokmal, nynorsk, polish, portuguese, r
omanian, russian, sanskrit, serbian, slovak, slovenian, spanish, swedish, turki
sh, ukenglish, ukrainian, uppersorbian, welsh, loaded.

./3_results.tex:26: LaTeX Error: Environment figure undefined.

See the LaTeX manual or LaTeX Companion for explanation.
Type  H <return>  for immediate help.
 ...                                              
                                                  
l.26 	\begin{figure}
                    [t]
? 
./3_results.tex:26: Emergency stop.
 ...                                              
                                                  
l.26 	\begin{figure}
                    [t]
Your command was ignored.
Type  I <command> <return>  to replace it with another command,
or  <return>  to continue without it.

 
Here is how much of TeX's memory you used:
 7 strings out of 493876
 274 string characters out of 1150568
 48901 words of memory out of 3000000
 3380 multiletter control sequences out of 10000+50000
 3640 words of font info for 14 fonts, out of 3000000 for 5000
 714 hyphenation exceptions out of 8191
 5i,0n,4p,108b,16s stack positions out of 5000i,500n,10000p,200000b,50000s
./3_results.tex:26:  ==> Fatal error occurred, no output PDF file produced!
