543 1393407866.982865 0.0 0.0 0.0 0.0 0.0 0.0
544 1393407867.082930 0.0 0.0 0.0 0.0 0.0 0.0
545 1393407867.182994 0.0 0.0 0.0 0.0 0.0 0.0
546 1393407867.283056 0.0 0.0 0.0 0.0 0.0 0.0
547 1393407867.383110 0.0 0.0 0.0 0.0 0.0 0.0
548 1393407867.483174 0.0 0.0 0.0 0.0 0.0 0.0
549 1393407867.583235 0.0 0.0 0.0 0.0 0.0 0.0
550 1393407867.683307 0.0 0.0 0.0 0.0 0.0 0.0
551 1393407867.783392 0.0 0.0 0.0 0.0 0.0 0.0
552 1393407867.883451 0.0 0.0 0.0 0.0 0.0 0.0
553 1393407867.983537 0.0 0.0 0.0 0.0 0.0 0.0
554 1393407868.083605 0.0 0.0 0.0 0.0 0.0 0.0
555 1393407868.183670 0.0 0.0 0.0 0.0 0.0 0.0
556 1393407868.283744 0.0 0.0 0.0 0.0 0.0 0.0
557 1393407868.383805 0.0 0.0 0.0 0.0 0.0 0.0
558 1393407868.483875 0.0 0.0 0.0 0.0 0.0 0.0
559 1393407868.583964 0.0 0.0 0.0 0.0 0.0 0.0
560 1393407868.684020 0.0 0.0 0.0 0.0 0.0 0.0
561 1393407868.784089 0.0 0.0 0.0 0.0 0.0 0.0
562 1393407868.884149 0.0 0.0 0.0 0.0 0.0 0.0
563 1393407868.984217 0.0 0.0 0.0 0.0 0.0 0.0
564 1393407869.084292 0.0 0.0 0.0 0.0 0.0 0.0
565 1393407869.184351 0.0 0.0 0.0 0.0 0.0 0.0
566 1393407869.284427 -0.0 0.000014 0.0 0.0 -0.0 -0.0
567 1393407869.384492 0.0 0.000025 0.0 0.0 -0.0 -0.0
568 1393407869.484550 0.0 0.000027 0.0 0.0 -0.000001 0.0
569 1393407869.584605 0.0 0.000022 0.0 0.0 -0.000001 0.0
570 1393407869.684666 0.0 0.000002 0.0 0.0 0.0 0.0
571 1393407869.784736 0.000001 0.000026 0.0 0.0 -0.000001 0.0
572 1393407869.884796 0.0 -0.000016 -0.0 0.0 0.000001 -0.0
573 1393407869.984889 0.0 -0.000011 -0.0 0.0 0.0 -0.0
574 1393407870.084975 -0.0 0.000004 -0.0 0.0 -0.0 0.0
575 1393407870.185034 0.0 -0.000014 -0.0 0.0 0.0 -0.0
576 1393407870.285097 0.0 -0.000012 -0.0 0.0 0.0 -0.0
577 1393407870.385182 0.000001 0.000025 -0.0 -0.0 -0.000001 -0.000001
578 1393407870.485241 0.000001 0.000021 -0.0 -0.0 -0.000001 -0.000001
579 1393407870.585327 0.000001 0.00001 -0.0 -0.0 -0.000001 -0.000001
580 1393407870.685382 0.000001 0.000005 0.0 -0.0 -0.0 -0.0
581 1393407870.785464 0.0 -0.000003 0.0 -0.0 0.0 -0.0
582 1393407870.885516 0.0 -0.000008 0.0 -0.0 0.000001 0.0
583 1393407870.985577 -0.000001 -0.000015 0.0 -0.0 0.0 0.000001
584 1393407871.085638 -0.0 0.000002 0.0 -0.0 0.0 0.0
585 1393407871.185710 -0.000002 -0.000015 0.0 -0.0 0.0 0.000001
586 1393407871.285784 -0.000001 -0.000006 0.0 0.0 0.0 0.0
587 1393407871.385848 -0.000001 -0.000024 -0.0 -0.0 0.000001 0.0
588 1393407871.485904 -0.000001 -0.000015 0.0 0.0 0.0 0.0
589 1393407871.585966 -0.0 -0.000024 -0.0 0.0 0.000001 0.0
590 1393407871.686023 -0.0 -0.000012 0.0 -0.0 0.000001 0.0
591 1393407871.786084 -0.000001 -0.000026 -0.0 0.0 0.000001 0.000001
592 1393407871.886145 -0.0 -0.000027 -0.0 0.0 0.000001 0.000001
593 1393407871.986220 -0.0 -0.000017 -0.0 0.0 0.000001 0.0
594 1393407872.086276 -0.000001 -0.000033 -0.0 0.0 0.000001 0.0
595 1393407872.186339 -0.000001 -0.00001 -0.0 0.0 -0.0 -0.0
596 1393407872.286425 -0.0 -0.000007 0.0 0.0 0.0 0.0
597 1393407872.386481 0.0 0.000017 0.0 0.0 -0.000001 0.0
598 1393407872.486563 -0.0 0.000022 0.0 0.0 -0.000001 0.000001
599 1393407872.586627 0.0 0.00001 0.0 0.0 -0.0 0.0
600 1393407872.686698 -1.080631 -0.000001 -0.000288 0.691152 -0.010036 0.000001
601 1393407872.786766 -8.687044 -0.000226 -0.000386 2.992707 -0.01772 -0.0
602 1393407872.886821 -27.554917 -0.000654 -0.00043 4.289233 -0.017449 -0.000002
603 1393407872.986891 -60.828477 -0.001129 -0.00053 1.168249 -0.00759 0.000001
604 1393407873.086947 -107.783395 -0.001439 -0.000734 -7.596401 0.006041 -0.000002
605 1393407873.187012 -161.357822 -0.001421 -0.000945 -21.256546 0.017438 -0.0
606 1393407873.287074 -206.787209 -0.00122 -0.001142 -38.466422 0.025284 0.000001
607 1393407873.387126 -219.603141 -0.000977 -0.001515 -58.541532 0.031923 0.000024
608 1393407873.487199 -174.233368 -0.000788 -0.001486 -69.338598 0.033954 0.000016
609 1393407873.587255 -46.907173 -0.0007 -0.001332 -55.138089 0.031168 0.000009
610 1393407873.687321 173.03208 -0.000584 -0.001074 0.359362 0.022717 0.000007
611 1393407873.787380 445.053804 -0.000401 -0.000738 103.094395 0.010801 0.000005
612 1393407873.887447 595.552761 -0.000119 -0.000359 231.25526 -0.001855 0.000002
613 1393407873.987506 460.443506 0.000195 0.000049 255.711412 -0.013334 -0.000001
614 1393407874.087594 99.334292 0.000472 0.000427 145.420993 -0.021991 -0.000006
615 1393407874.187649 -262.06146 0.000713 0.000784 -102.924442 -0.026447 -0.000007
616 1393407874.287704 -484.3014 0.000888 0.001058 -225.3801 -0.026342 -0.000008
617 1393407874.387790 -464.422029 0.001022 0.001239 -235.313318 -0.022871 -0.000012
618 1393407874.487862 -208.818857 0.001125 0.001328 -255.06628 -0.018114 -0.000012
619 1393407874.587915 3.097675 0.001217 0.001359 -163.629838 -0.013653 -0.000014
620 1393407874.687981 192.594046 0.001254 0.001311 0.122211 -0.010312 -0.000013
621 1393407874.788053 251.220808 0.001187 0.001201 102.061345 -0.008555 -0.000012
622 1393407874.888113 283.458977 0.001028 0.00105 127.31996 -0.008668 -0.00001
623 1393407874.988199 290.963184 0.000753 0.000836 140.946013 -0.010574 -0.000008
624 1393407875.088259 298.615812 0.000406 0.000551 143.284044 -0.013721 -0.000009
625 1393407875.188314 151.10939 -0.000038 0.000542 147.188608 -0.004392 -0.000007
626 1393407875.288374 11.793045 -0.000286 0.000354 77.245188 0.008813 -0.000002
627 1393407875.388446 -112.305435 -0.000293 0.000075 8.221042 0.019658 0.000005
628 1393407875.488500 -147.347228 -0.000087 -0.000198 -54.360557 0.023095 0.000007
629 1393407875.588557 -166.511944 0.000136 -0.00037 -70.785814 0.021158 0.000015
630 1393407875.688646 -171.395402 0.000195 -0.000477 -79.608596 0.017849 0.000019
631 1393407875.788714 -183.820261 0.000091 -0.000509 -81.252134 0.013846 0.000021
632 1393407875.888783 -98.184407 -0.000042 -0.000183 -89.011566 0.006021 -0.000003
633 1393407875.988856 -13.098631 -0.000133 -0.000069 -49.070618 -0.002476 -0.000003
634 1393407876.088909 64.606176 -0.000098 0.000042 -8.090559 -0.010343 -0.000002
635 1393407876.188968 85.710656 -0.000013 0.000128 29.858413 -0.014679 -0.000004
636 1393407876.289037 96.937074 0.000052 0.00018 39.801187 -0.015183 -0.000006
637 1393407876.389118 99.358731 0.000058 0.000206 44.893567 -0.012575 -0.000004
638 1393407876.489177 110.562034 0.000018 0.000183 45.725628 -0.00748 -0.000006
639 1393407876.589247 61.393663 -0.000024 0.000134 52.752543 -0.001039 -0.000002
640 1393407876.689337 -17.788797 -0.000043 0.000042 30.42277 0.004933 -0.000004
641 1393407876.789399 -36.53794 -0.000024 -0.000043 6.229835 0.008748 -0.000003
642 1393407876.889486 -48.906255 0.000015 -0.0001 -16.375493 0.009873 0.000002
643 1393407876.989544 -55.256236 0.000037 -0.000116 -22.132815 0.008928 0.000002
644 1393407877.089614 -56.42152 0.000031 -0.000126 -24.999936 0.006616 0.000006
645 1393407877.189690 -65.48072 0.000004 -0.000098 -25.43813 0.003391 0.000004
646 1393407877.289742 -38.269637 -0.000019 -0.000044 -24.001513 -0.000235 0.000003
647 1393407877.389815 -8.230743 -0.000021 0.000003 -25.105417 -0.003515 0.000001
648 1393407877.489888 19.921669 -0.000009 0.000047 -11.577598 -0.005708 0.000002
649 1393407877.589953 27.205511 0.000004 0.000075 1.127571 -0.006361 0.000006
650 1393407877.690015 30.908672 0.000007 0.000085 12.028159 -0.005492 0.000004
651 1393407877.790076 31.541389 0.000003 0.000082 13.684725 -0.003468 0.000004
652 1393407877.890160 38.469829 -0.000004 0.000051 13.90089 -0.000877 0.000002
653 1393407877.990235 23.791421 -0.000007 0.000017 13.052162 0.001591 0.000002
654 1393407878.090310 6.152006 -0.000003 -0.000015 11.516889 0.003345 0.000001
655 1393407878.190386 -10.67803 0.000004 -0.000041 9.967094 0.004092 -0.0
656 1393407878.290457 -14.904567 0.000008 -0.000057 3.817919 0.003871 0.000001
657 1393407878.390516 -16.992863 0.000007 -0.000052 -2.40246 0.002899 -0.000001
658 1393407878.490589 -17.292933 0.000001 -0.000033 -3.870944 0.001455 0.0
659 1393407878.590646 -16.25204 -0.000004 -0.000017 -4.529296 -0.000127 -0.000002
660 1393407878.690689 -18.140981 -0.000004 0.000002 -4.56928 -0.001514 -0.000003
661 1393407878.790761 -9.186399 -0.000002 0.000022 -4.187129 -0.002415 0.0
662 1393407878.890821 -0.011304 -0.000001 0.000029 -3.569237 -0.002678 -0.000003
663 1393407878.990880 8.009421 -0.000001 0.000026 -2.876004 -0.002313 -0.000003
664 1393407879.090952 9.154435 -0.0 0.000022 -2.222995 -0.001474 -0.000002
665 1393407879.191025 9.26474 -0.000001 0.000016 -2.338502 -0.000407 -0.000001
666 1393407879.291070 8.63022 -0.000001 0.000007 -0.750677 0.00061 -0.000001
667 1393407879.391162 7.546814 0.000001 -0.000009 0.768276 0.001358 -0.0
668 1393407879.491223 7.94042 0.000002 -0.000023 0.773085 0.001713 -0.000003
669 1393407879.591299 4.964449 0.000003 -0.000026 0.642093 0.001656 -0.000006
670 1393407879.691373 -1.233053 0.000002 -0.000025 0.456333 0.001254 -0.000006
671 1393407879.791434 -2.237373 -0.0 -0.000018 0.273383 0.000637 -0.000005
672 1393407879.891495 -2.671939 -0.000001 -0.00001 0.129693 -0.000042 0.0
673 1393407879.991573 -2.682776 -0.000001 -0.000002 0.519862 -0.000628 -0.000001
674 1393407880.091626 -2.41668 -0.000001 0.000008 0.746401 -0.00101 0.0
675 1393407880.191681 -2.009991 -0.000001 0.000015 0.78034 -0.001122 0.000002
676 1393407880.291751 -1.570628 -0.000001 0.000014 0.640152 -0.000971 0.0
677 1393407880.391825 -1.174653 -0.0 0.000017 0.376773 -0.000624 0.000005
678 1393407880.491897 -1.444353 -0.0 0.000013 0.063251 -0.000182 0.000007
679 1393407880.591995 -1.362456 -0.0 0.000008 -0.224543 0.000244 0.000005
680 1393407880.692064 -0.991196 0.0 0.0 -0.428302 0.000562 0.000003
681 1393407880.792123 -0.447633 0.000001 -0.000003 -0.512135 0.000717 0.000001
682 1393407880.892208 0.127274 0.000001 -0.000006 -0.472672 0.000695 0.000001
683 1393407880.992262 0.603371 0.0 -0.000007 -0.334824 0.000525 -0.000002
684 1393407881.092348 0.886043 0.0 -0.000006 -0.139314 0.000261 -0.000002
685 1393407881.192409 0.938766 -0.0 -0.000001 0.062705 -0.000027 0.000002
686 1393407881.292490 0.779136 -0.000001 -0.000002 0.224775 -0.000274 0.000001
687 1393407881.392555 0.469828 -0.000001 0.000003 0.317165 -0.000429 0.000001
688 1393407881.492614 0.098032 -0.000001 0.000004 0.328566 -0.000471 0.000001
689 1393407881.592689 -0.251154 -0.0 0.000008 0.266934 -0.000404 0.000001
690 1393407881.692754 -0.500523 -0.0 0.000006 0.155343 -0.000257 0.000004
691 1393407881.792817 -0.608656 0.0 0.000002 0.023149 -0.000073 0.000003
692 1393407881.892876 -0.570998 0.0 -0.0 -0.097294 0.000106 0.000002
693 1393407881.992951 -0.412298 0.000001 -0.000001 -0.181069 0.000238 0.000002
694 1393407882.093036 -0.182456 0.0 -0.000003 -0.214998 0.000301 0.000001
695 1393407882.193104 0.059492 0.0 -0.000004 -0.19736 0.00029 -0.0
696 1393407882.293194 0.257983 0.000001 -0.000006 -0.138403 0.000218 -0.000001
697 1393407882.393254 0.375041 0.0 -0.000003 -0.056276 0.000106 -0.000001
698 1393407882.493308 0.395214 0.0 0.0 0.027829 -0.000015 0.000001
699 1393407882.593394 0.32717 0.0 -0.000001 0.095275 -0.000117 -0.0
700 1393407882.693468 0.19633 0.0 -0.000001 0.133269 -0.000181 -0.000001
701 1393407882.793529 0.038697 0.0 0.000001 0.137636 -0.000198 0.000001
702 1393407882.893611 -0.107646 -0.0 0.000002 0.111372 -0.000169 -0.000003
703 1393407882.993668 -0.212525 -0.0 0.000002 0.064001 -0.000107 -0.000004
704 1393407883.093732 -0.257686 -0.0 0.000002 0.008609 -0.000029 -0.000005
705 1393407883.193793 -0.240755 -0.0 0.000002 -0.041907 0.000045 -0.000002
706 1393407883.293857 -0.173993 -0.0 -0.000001 -0.076866 0.000101 -0.000002
707 1393407883.393953 -0.077506 0.0 -0.000001 -0.090554 0.000127 -0.000005
708 1393407883.494032 0.02401 0.0 -0.000002 -0.083099 0.000122 -0.000002
709 1393407883.594093 0.107714 0.0 -0.000001 -0.058394 0.000092 -0.000001
710 1393407883.694154 0.157386 0.0 -0.000005 -0.023899 0.000045 0.0
711 1393407883.794227 0.16632 -0.0 -0.000003 0.011535 -0.000006 -0.000002
712 1393407883.894294 0.137709 -0.0 -0.000001 0.040011 -0.000049 0.000001
713 1393407883.994364 0.0826 -0.0 0.000002 0.056129 -0.000076 0.000005
714 1393407884.094415 0.016433 -0.0 0.000002 0.057912 -0.000083 0.000003
715 1393407884.194479 -0.045042 -0.0 0.000002 0.046842 -0.000071 0.000001
716 1393407884.294540 -0.089197 -0.0 0.000003 0.026993 -0.000045 -0.000001
717 1393407884.394602 -0.108215 -0.0 0.000004 0.003758 -0.000012 -0.000003
718 1393407884.494694 -0.101364 0.0 0.000002 -0.017445 0.000019 -0.000005
719 1393407884.594737 -0.073157 -0.0 -0.000001 -0.032149 0.000042 -0.000002
720 1393407884.694808 -0.032438 0.0 -0.000002 -0.038052 0.000053 -0.000001
721 1393407884.794867 0.010247 -0.0 -0.000001 -0.034855 0.000051 0.000001
722 1393407884.894951 0.045441 -0.0 -0.000003 -0.024412 0.000038 0.000003
723 1393407884.995022 0.0662 -0.0 -0.000003 -0.009967 0.000019 0.000003
724 1393407885.095084 0.07023 -0.0 0.0 0.004865 -0.000003 0.000001
725 1393407885.195145 0.058408 -0.0 0.000003 0.016738 -0.000021 0.000001
726 1393407885.295201 0.035352 -0.0 0.000003 0.023606 -0.000032 0.000001
727 1393407885.395277 0.007495 -0.0 0.0 0.024449 -0.000035 0.000002
728 1393407885.495334 -0.018543 -0.0 0.000001 0.019859 -0.00003 0.000002
729 1393407885.595377 -0.037242 -0.0 -0.000002 0.011541 -0.000019 0.000004
730 1393407885.695437 -0.045426 0.0 -0.000001 0.001734 -0.000005 0.000001
731 1393407885.795503 -0.042752 0.0 0.000001 -0.007223 0.000008 0.000001
732 1393407885.895568 -0.031163 0.0 -0.000001 -0.013464 0.000018 0.000001
733 1393407885.995658 -0.014261 0.0 -0.000003 -0.016025 0.000022 -0.000002
734 1393407886.095741 0.003614 -0.0 -0.000005 -0.014798 0.000022 0.000002
735 1393407886.195801 0.01846 0.0 -0.000002 -0.0105 0.000017 -0.000001
736 1393407886.295871 0.027461 0.0 -0.000002 -0.004481 0.000008 -0.000001
737 1393407886.395929 0.029312 0.0 -0.000004 0.001766 -0.000001 -0.000001
738 1393407886.495985 0.024559 0.0 -0.0 0.006861 -0.000008 -0.000004
739 1393407886.596040 0.01502 0.0 0.000001 0.009807 -0.000013 -0.000002
740 1393407886.696106 0.003403 0.0 0.000003 0.010262 -0.000015 -0.000002
741 1393407886.796167 -0.007479 0.0 0.000003 0.008408 -0.000013 -0.000002
742 1393407886.896254 -0.015362 0.0 0.000001 0.004953 -0.000008 0.000001
743 1393407886.996319 -0.018923 -0.0 -0.000001 0.000862 -0.000002 0.000004
744 1393407887.096390 -0.017928 0.0 -0.000001 -0.002904 0.000003 0.000001
745 1393407887.196422 -0.013133 0.0 -0.000001 -0.005574 0.000007 0.000001
746 1393407887.296481 -0.006073 0.0 0.000001 -0.006704 0.000009 0.000001
747 1393407887.396545 0.001443 0.0 0.000004 -0.006221 0.000009 0.000002
748 1393407887.496630 0.007691 0.0 0.000003 -0.004444 0.000007 0.000002
749 1393407887.596691 0.011504 -0.0 0.000001 -0.001913 0.000003 0.000004
750 1393407887.696740 0.012318 -0.0 0.000001 0.000717 -0.0 0.000006
751 1393407887.796800 0.01033 -0.0 0.000002 0.002871 -0.000004 0.000002
752 1393407887.896897 0.006335 -0.0 0.000003 0.004124 -0.000006 0.000001
753 1393407887.996970 0.001447 0.0 0.000001 0.004316 -0.000006 -0.000002
754 1393407888.097041 -0.003137 -0.0 0.000003 0.003539 -0.000005 -0.000003
755 1393407888.197135 -0.00645 -0.0 0.000001 0.002091 -0.000003 -0.000004
756 1393407888.297198 -0.00795 -0.0 -0.000003 0.000366 -0.000001 -0.000004
757 1393407888.397257 -0.007519 -0.0 -0.000004 -0.001216 0.000002 -0.000004
758 1393407888.497343 -0.005495 -0.0 -0.000002 -0.002338 0.000003 -0.000001
759 1393407888.597396 -0.00253 -0.0 -0.000002 -0.002815 0.000004 -0.000004
760 1393407888.697473 0.000627 -0.0 -0.000003 -0.002606 0.000004 -0.000001
761 1393407888.797554 0.003253 -0.0 -0.000001 -0.001856 0.000003 -0.0
762 1393407888.897596 0.004835 0.0 0.000002 -0.000792 0.000001 -0.000003
763 1393407888.997667 0.00517 -0.0 0.000001 0.000312 -0.0 0.000001
764 1393407889.097744 0.004325 0.0 -0.0 0.001206 -0.000001 0.000001
765 1393407889.197812 0.002633 0.0 -0.000003 0.001727 -0.000002 0.000001
766 1393407889.297866 0.00057 -0.0 -0.000005 0.001802 -0.000002 0.000001
767 1393407889.397933 -0.001359 0.0 -0.000005 0.001471 -0.000002 0.000002
768 1393407889.497989 -0.002746 0.0 -0.000003 0.000858 -0.000001 -0.000001
770 1393407889.767428 -0.002818 0.0 0.0 0.000185 -0.0 0.000002
771 1393407889.867488 -0.002571 0.0 0.000003 -0.000412 0.0 0.000002
