542 1393407866.882790 0.0 0.0 0.0 0.0 0.0 0.0
543 1393407866.982865 0.0 0.0 0.0 0.0 0.0 0.0
544 1393407867.082930 0.0 0.0 0.0 0.0 0.0 0.0
545 1393407867.182994 0.0 0.0 0.0 0.0 0.0 0.0
546 1393407867.283056 0.0 0.0 0.0 0.0 0.0 0.0
547 1393407867.383110 0.0 0.0 0.0 0.0 0.0 0.0
548 1393407867.483174 0.0 0.0 0.0 0.0 0.0 0.0
549 1393407867.583235 0.0 0.0 0.0 0.0 0.0 0.0
550 1393407867.683307 0.0 0.0 0.0 0.0 0.0 0.0
551 1393407867.783392 0.0 0.0 0.0 0.0 0.0 0.0
552 1393407867.883451 0.0 0.0 0.0 0.0 0.0 0.0
553 1393407867.983537 0.0 0.0 0.0 0.0 0.0 0.0
554 1393407868.083605 0.0 0.0 0.0 0.0 0.0 0.0
555 1393407868.183670 0.0 0.0 0.0 0.0 0.0 0.0
556 1393407868.283744 0.0 0.0 0.0 0.0 0.0 0.0
557 1393407868.383805 0.000006 -0.000006 -0.0 0.000002 -0.000001 -0.0
558 1393407868.483875 0.000006 -0.000007 -0.0 0.000002 -0.0 -0.0
559 1393407868.583964 0.000006 -0.000013 -0.0 0.000002 -0.0 -0.0
560 1393407868.684020 0.000007 -0.0 -0.0 0.000002 -0.0 -0.000001
561 1393407868.784089 0.000006 -0.000007 -0.0 0.000002 -0.0 -0.0
562 1393407868.884149 0.000006 -0.000011 -0.0 0.000002 -0.0 -0.0
563 1393407868.984217 0.000006 -0.000007 -0.0 0.000002 -0.0 0.0
564 1393407869.084292 0.000006 0.000008 -0.0 0.000002 -0.000001 -0.0
565 1393407869.184351 0.000006 -0.000009 -0.0 0.000002 -0.0 -0.0
566 1393407869.284427 0.000007 0.000016 0.0 0.000002 -0.000001 -0.0
567 1393407869.384492 0.000006 0.000007 0.0 0.000002 -0.0 0.0
568 1393407869.484550 0.000006 -0.000001 -0.0 0.000002 0.0 0.0
569 1393407869.584605 0.000007 0.000013 0.0 0.000002 -0.0 0.0
570 1393407869.684666 0.000007 0.000011 -0.0 0.000002 -0.0 0.0
571 1393407869.784736 0.000007 0.000007 -0.0 0.000002 -0.000001 -0.0
572 1393407869.884796 0.000007 -0.000001 -0.0 0.000002 -0.0 -0.0
573 1393407869.984889 0.000007 0.0 -0.0 0.000002 -0.000001 -0.0
574 1393407870.084975 0.000007 0.000006 -0.0 0.000002 -0.000001 -0.0
575 1393407870.185034 0.000007 0.000003 -0.0 0.000002 -0.000001 -0.0
576 1393407870.285097 0.000007 -0.000003 -0.0 0.000002 -0.0 -0.0
577 1393407870.385182 0.000007 0.000003 -0.0 0.000002 -0.000001 -0.0
578 1393407870.485241 0.000007 0.00001 -0.0 0.000002 -0.000001 -0.0
579 1393407870.585327 0.000007 0.00001 -0.0 0.000002 -0.000001 -0.0
580 1393407870.685382 0.000007 0.000008 -0.0 0.000002 -0.000001 -0.0
581 1393407870.785464 0.000007 -0.0 -0.0 0.000002 -0.0 -0.0
582 1393407870.885516 0.000006 0.000002 -0.0 0.000002 -0.000001 -0.0
583 1393407870.985577 0.000006 0.000005 -0.0 0.000002 -0.000001 0.0
584 1393407871.085638 0.000006 0.000011 -0.0 0.000002 -0.000001 0.0
585 1393407871.185710 0.000006 0.000012 0.0 0.000002 -0.000001 0.0
586 1393407871.285784 0.000006 -0.000001 -0.0 0.000002 -0.0 0.0
587 1393407871.385848 0.000006 -0.000003 -0.0 0.000002 -0.0 0.0
588 1393407871.485904 0.000006 -0.000025 -0.0 0.000002 0.0 0.0
589 1393407871.585966 0.000006 -0.000019 -0.0 0.000002 0.0 -0.0
590 1393407871.686023 0.000006 -0.000025 -0.0 0.000002 0.0 0.0
591 1393407871.786084 0.000006 -0.000024 -0.0 0.000002 0.0 0.0
592 1393407871.886145 0.000005 -0.000035 -0.0 0.000002 0.0 0.0
593 1393407871.986220 0.000006 -0.000018 -0.0 0.000002 0.0 0.0
594 1393407872.086276 0.000006 -0.000014 -0.0 0.000002 -0.0 0.0
595 1393407872.186339 0.000006 -0.000004 -0.0 0.000002 -0.000001 0.0
596 1393407872.286425 0.000006 -0.000005 -0.0 0.000002 -0.0 0.0
597 1393407872.386481 0.000007 -0.000003 -0.0 0.000002 -0.0 0.0
598 1393407872.486563 0.000006 -0.000001 -0.0 0.000002 -0.0 0.0
599 1393407872.586627 0.000006 -0.000006 -0.0 0.000002 -0.0 0.000001
600 1393407872.686698 -0.702877 -0.000005 -0.000186 0.449553 -0.00648 0.000001
601 1393407872.786766 -5.807816 -0.000168 -0.000271 2.02899 -0.012197 0.0
602 1393407872.886821 -19.296345 -0.000452 -0.00033 3.207005 -0.013405 -0.000001
603 1393407872.986891 -45.04995 -0.000812 -0.00043 1.591774 -0.008482 0.0
604 1393407873.086947 -85.218089 -0.001095 -0.000607 -4.332844 -0.000452 -0.000001
605 1393407873.187012 -137.323035 -0.001206 -0.000805 -15.227724 0.007156 -0.0
606 1393407873.287074 -189.311182 -0.001199 -0.001012 -31.595957 0.013401 0.0
607 1393407873.387126 -207.187952 -0.001161 -0.001351 -54.23721 0.019597 0.000016
608 1393407873.487199 -143.292526 -0.001133 -0.00146 -60.773018 0.023504 0.000012
609 1393407873.587255 -18.65583 -0.001142 -0.001489 -27.928172 0.024677 0.00001
610 1393407873.687321 97.615457 -0.001139 -0.001439 33.352289 0.022215 0.000009
611 1393407873.787380 132.767676 -0.001069 -0.001317 97.830605 0.017091 0.000008
612 1393407873.887447 140.9372 -0.00091 -0.001134 88.804132 0.010751 0.000006
613 1393407873.987506 84.391911 -0.000703 -0.000891 74.157452 0.004304 0.000005
614 1393407874.087594 22.649313 -0.000457 -0.000617 44.994252 -0.001179 0.000002
615 1393407874.187649 -36.239614 -0.000209 -0.000301 0.054291 -0.004668 0.000001
616 1393407874.287704 -78.50091 0.000056 -0.000188 -14.920298 -0.013019 0.0
617 1393407874.387790 -88.371872 0.000175 -0.000008 -40.139342 -0.020334 -0.000004
618 1393407874.487862 -91.07424 0.000156 0.000175 -44.937034 -0.023505 -0.000007
619 1393407874.587915 -87.499934 0.00003 0.000315 -45.683207 -0.020588 -0.000008
620 1393407874.687981 -41.888267 -0.000086 0.000348 -44.452441 -0.013928 -0.000012
621 1393407874.788053 -0.446293 -0.000101 0.000323 -21.05725 -0.006928 -0.000012
622 1393407874.888113 35.60893 -0.000032 0.000261 -0.986541 -0.000851 -0.000013
623 1393407874.988199 46.441237 0.000042 0.000001 7.816274 0.005538 0.000003
624 1393407875.088259 52.765452 0.000086 -0.000093 22.906458 0.010108 -0.0
625 1393407875.188314 54.567198 0.000057 -0.000152 25.788389 0.012434 -0.000001
626 1393407875.288374 54.920109 0.000002 -0.000175 26.311481 0.011506 -0.0
627 1393407875.388446 27.354583 -0.000033 -0.000159 27.296948 0.008067 0.000001
628 1393407875.488500 1.948637 -0.000033 -0.000123 13.87386 0.003412 0.000002
629 1393407875.588557 -20.658112 -0.00001 -0.000065 1.380023 -0.00147 0.000003
630 1393407875.688646 -27.546004 0.000011 -0.00001 -9.95749 -0.005655 0.000002
631 1393407875.788714 -31.304756 0.00002 0.000054 -13.182521 -0.008199 0.000001
632 1393407875.888783 -32.164842 0.000009 0.000091 -14.807245 -0.008499 0.000002
633 1393407875.988856 -33.815459 -0.000011 0.000098 -15.054645 -0.006786 -0.000001
634 1393407876.088909 -17.457292 -0.00002 0.000082 -16.411801 -0.003987 -0.000002
635 1393407876.188968 -1.82949 -0.000014 0.000059 -8.763314 -0.000958 -0.000004
636 1393407876.289037 12.237047 0.000003 0.000018 -1.155198 0.001756 -0.000005
637 1393407876.389118 16.217438 0.000016 -0.000024 5.740424 0.003784 -0.000004
638 1393407876.489177 18.270129 0.000015 -0.000048 7.561874 0.00482 -0.000004
639 1393407876.589247 18.610338 0.000006 -0.000065 8.44464 0.004708 -0.000002
640 1393407876.689337 20.321353 -0.000003 -0.000065 8.516244 0.003555 -0.000004
641 1393407876.789399 10.986059 -0.000005 -0.000052 9.70427 0.001729 -0.000003
642 1393407876.889486 -3.550048 -0.000003 -0.00003 5.476401 -0.00029 -0.000001
643 1393407876.989544 -7.015517 0.000001 0.000001 0.964886 -0.002036 0.0
644 1393407877.089614 -9.299677 0.000003 0.000024 -3.175306 -0.003131 0.000002
645 1393407877.189690 -13.400825 0.000001 0.000038 -4.22306 -0.003377 0.000002
646 1393407877.289742 -12.80853 -0.000002 0.000044 -4.706399 -0.002829 0.000002
647 1393407877.389815 -10.020617 -0.000004 0.000041 -4.70938 -0.00175 0.0
648 1393407877.489888 -4.191923 -0.000002 0.000026 -4.350996 -0.000466 0.000002
649 1393407877.589953 1.824945 0.000001 0.000006 -4.567402 0.000736 0.000003
650 1393407877.690015 3.89583 0.000004 -0.000009 -2.055535 0.001626 0.000001
651 1393407877.790076 5.221553 0.000003 -0.000019 0.304614 0.002065 0.000001
652 1393407877.890160 5.834971 0.000002 -0.000027 2.302976 0.002005 -0.000001
653 1393407877.990235 5.847455 0.000001 -0.000025 2.556497 0.00151 0.0
654 1393407878.090310 7.093878 0.0 -0.000016 2.532735 0.00074 -0.0
655 1393407878.190386 4.273971 -0.0 -0.000007 2.308386 -0.000106 0.000001
656 1393407878.290457 0.983927 -0.0 0.000002 1.966577 -0.00083 0.000001
657 1393407878.390516 -2.118948 -0.0 0.000011 1.779489 -0.00128 0.000002
658 1393407878.490589 -2.862074 -0.000001 0.000018 -0.0499 -0.001391 0.000003
659 1393407878.590646 -3.181499 -0.000001 0.000021 -0.461859 -0.001184 0.000002
660 1393407878.690689 -3.15289 -0.000001 0.000017 -0.686269 -0.00075 0.000002
661 1393407878.790761 -2.873156 0.0 0.000012 -0.754421 -0.000213 0.000002
662 1393407878.890821 -3.251681 0.000001 0.000003 -0.70816 0.000297 -0.000001
663 1393407878.990880 -1.605106 0.000002 -0.000005 -0.593468 0.000677 -0.000003
664 1393407879.090952 1.121296 0.000002 -0.000011 -0.451168 0.000863 -0.000002
665 1393407879.191025 1.524908 0.000001 -0.000013 -0.570406 0.00084 -0.000002
666 1393407879.291070 1.678903 0.000001 -0.000012 -0.549672 0.000635 -0.000002
667 1393407879.391162 1.639473 0.0 -0.00001 -0.410513 0.000313 -0.000001
668 1393407879.491223 1.464636 -0.0 -0.000008 -0.199734 -0.000037 -0.000003
669 1393407879.591299 1.217467 -0.0 -0.000003 0.028282 -0.000337 -0.000004
670 1393407879.691373 1.243939 -0.0 0.0 0.221855 -0.000526 -0.000004
671 1393407879.791434 0.993287 -0.0 0.000004 0.342145 -0.000575 -0.000003
672 1393407879.891495 -0.22997 -0.000001 0.000005 0.372748 -0.000492 -0.000001
673 1393407879.991573 -0.371842 -0.0 0.000004 0.317279 -0.000311 -0.000001
674 1393407880.091626 -0.405282 0.0 0.000004 0.198756 -0.000086 0.000001
675 1393407880.191681 -0.364425 0.0 0.000002 0.051451 0.00013 -0.0
676 1393407880.291751 -0.282699 0.0 -0.000002 -0.089486 0.00029 -0.000002
677 1393407880.391825 -0.433447 0.000001 -0.000002 -0.193766 0.000367 0.000001
678 1393407880.491897 -0.469738 0.000001 -0.000003 -0.242341 0.000354 0.000001
679 1393407880.591995 -0.398645 0.0 -0.000004 -0.231798 0.000265 -0.000001
680 1393407880.692064 -0.249606 0.0 -0.000005 -0.171976 0.000128 -0.0
681 1393407880.792123 -0.065016 -0.0 -0.000002 -0.082183 -0.000019 -0.000002
682 1393407880.892208 0.10984 -0.0 0.000002 0.013861 -0.000144 0.000001
683 1393407880.992262 0.239615 -0.0 0.000003 0.095051 -0.000222 0.000001
684 1393407881.092348 0.300313 -0.0 0.000003 0.145214 -0.000242 0.0
685 1393407881.192409 0.287224 -0.0 0.000005 0.157104 -0.000206 0.000001
686 1393407881.292490 0.213011 -0.0 0.000003 0.133194 -0.00013 0.000001
687 1393407881.392555 0.101026 -0.0 0.000003 0.082895 -0.000035 -0.000001
688 1393407881.492614 -0.01935 -0.0 0.0 0.02058 0.000056 -0.0
689 1393407881.592689 -0.120858 0.0 -0.000001 -0.038608 0.000123 0.0
690 1393407881.692754 -0.183088 0.0 -0.000001 -0.081919 0.000155 0.000002
691 1393407881.792817 -0.1975 0.0 -0.000001 -0.101878 0.000149 0.000002
692 1393407881.892876 -0.166891 0.0 -0.000003 -0.097025 0.000111 0.000002
693 1393407881.992951 -0.103851 0.0 -0.000001 -0.071688 0.000053 0.000004
694 1393407882.093036 -0.025985 0.0 0.000001 -0.033865 -0.000009 0.000004
695 1393407882.193104 0.047953 0.0 0.000001 0.006673 -0.000062 0.000002
696 1393407882.293194 0.102133 0.0 0.0 0.040721 -0.000095 -0.0
697 1393407882.393254 0.127396 0.0 0.000002 0.061683 -0.000103 -0.0
698 1393407882.493308 0.121622 0.0 0.000002 0.066509 -0.000088 0.000001
699 1393407882.593394 0.089985 0.0 0.000001 0.056161 -0.000055 0.000001
700 1393407882.693468 0.042926 0.0 -0.0 0.035011 -0.000015 -0.000001
701 1393407882.793529 -0.00764 0.0 0.0 0.008862 0.000023 0.0
702 1393407882.893611 -0.050429 0.0 -0.000001 -0.016091 0.000051 -0.0
703 1393407882.993668 -0.076843 0.0 0.0 -0.034427 0.000065 -0.0
704 1393407883.093732 -0.08314 0.0 -0.000001 -0.04295 0.000062 -0.000003
705 1393407883.193793 -0.070457 0.0 -0.000001 -0.041024 0.000046 -0.000001
706 1393407883.293857 -0.04393 0.0 -0.000001 -0.030361 0.000022 -0.000002
707 1393407883.393953 -0.011174 0.0 0.0 -0.014416 -0.000004 -0.000002
708 1393407883.494032 0.019836 0.0 0.0 0.002623 -0.000026 -0.0
709 1393407883.594093 0.042667 0.0 0.000001 0.016965 -0.00004 0.0
710 1393407883.694154 0.053397 0.0 0.0 0.025846 -0.000043 0.0
711 1393407883.794227 0.051056 0.0 -0.000001 0.027939 -0.000037 -0.000002
712 1393407883.894294 0.037895 0.0 -0.0 0.0237 -0.000024 -0.000002
713 1393407883.994364 0.018026 -0.0 0.000001 0.014778 -0.000007 -0.0
714 1393407884.094415 -0.003352 0.0 0.000001 0.003714 0.000009 -0.0
715 1393407884.194479 -0.021305 0.0 0.0 -0.006769 0.000021 -0.0
716 1393407884.294540 -0.032414 0.0 0.000001 -0.014485 0.000027 -0.000002
717 1393407884.394602 -0.035019 0.0 0.0 -0.018052 0.000026 -0.000001
718 1393407884.494694 -0.029789 0.0 0.000001 -0.017303 0.000019 -0.000003
719 1393407884.594737 -0.018705 0.0 0.0 -0.012867 0.000009 -0.0
720 1393407884.694808 -0.004918 0.0 0.0 -0.006173 -0.000002 -0.000002
721 1393407884.794867 0.008219 -0.0 0.0 0.001027 -0.000011 -0.000001
722 1393407884.894951 0.017956 -0.0 -0.000001 0.007118 -0.000017 -0.000001
723 1393407884.995022 0.022546 -0.0 0.000001 0.010892 -0.000019 -0.0
724 1393407885.095084 0.021632 0.0 0.000001 0.011811 -0.000016 -0.0
725 1393407885.195145 0.016151 0.0 0.000002 0.010059 -0.000011 -0.000001
726 1393407885.295201 0.007869 -0.0 0.000001 0.006353 -0.000003 0.000001
727 1393407885.395277 -0.001089 -0.0 -0.000002 0.001725 0.000003 -0.0
728 1393407885.495334 -0.008669 -0.0 -0.0 -0.002685 0.000008 0.000002
729 1393407885.595377 -0.013409 -0.0 -0.000001 -0.005955 0.000011 0.000004
730 1393407885.695437 -0.014647 -0.0 -0.000001 -0.007523 0.00001 0.000003
731 1393407885.795503 -0.012516 -0.0 0.0 -0.007247 0.000008 0.000001
732 1393407885.895568 -0.007937 -0.0 0.000001 -0.005433 0.000003 -0.0
733 1393407885.995658 -0.002192 0.0 0.000001 -0.002657 -0.000001 -0.000001
734 1393407886.095741 0.003316 0.0 -0.0 0.000354 -0.000005 -0.000001
735 1393407886.195801 0.007395 0.0 -0.000001 0.002905 -0.000007 -0.000001
736 1393407886.295871 0.00935 0.0 -0.000003 0.004498 -0.000008 -0.000002
737 1393407886.395929 0.00903 0.0 -0.000004 0.004914 -0.000007 -0.000002
738 1393407886.495985 0.006785 0.0 -0.000003 0.004211 -0.000005 -0.000001
739 1393407886.596040 0.003332 0.0 -0.000002 0.002671 -0.000002 0.000001
740 1393407886.696106 -0.000415 0.0 -0.0 0.000743 0.000001 -0.0
741 1393407886.796167 -0.00361 0.0 0.000002 -0.00111 0.000003 -0.000002
742 1393407886.896254 -0.005609 0.0 0.000002 -0.002487 0.000004 0.0
743 1393407886.996319 -0.006141 0.0 -0.0 -0.003152 0.000004 0.000001
744 1393407887.096390 -0.00526 0.0 -0.0 -0.003043 0.000003 0.000001
745 1393407887.196422 -0.003339 0.0 -0.000001 -0.002282 0.000001 0.000002
746 1393407887.296481 -0.00093 0.0 0.000001 -0.001117 -0.000001 0.000001
747 1393407887.396545 0.001385 0.0 0.000002 0.000145 -0.000003 0.000001
748 1393407887.496630 0.003103 0.0 0.000002 0.001217 -0.000004 0.000001
749 1393407887.596691 0.003927 0.0 0.000001 0.001886 -0.000004 0.000002
750 1393407887.696740 0.003794 0.0 0.000001 0.002062 -0.000003 0.000003
751 1393407887.796800 0.002846 0.0 0.000002 0.001768 -0.000002 0.000002
752 1393407887.896897 0.001394 0.0 -0.0 0.001119 -0.000001 -0.0
753 1393407887.996970 -0.000179 0.0 -0.000002 0.000307 0.0 -0.0
754 1393407888.097041 -0.001518 0.0 0.000001 -0.000469 0.000001 0.0
755 1393407888.197135 -0.002355 -0.0 0.0 -0.001045 0.000001 0.0
756 1393407888.297198 -0.00257 -0.0 0.0 -0.001319 0.000001 -0.000001
757 1393407888.397257 -0.0022 0.0 0.000002 -0.001272 0.000001 -0.000003
758 1393407888.497343 -0.001391 -0.0 0.000003 -0.000951 -0.0 -0.000001
759 1393407888.597396 -0.000378 -0.0 0.000001 -0.000462 -0.000001 -0.000001
760 1393407888.697473 0.000595 -0.0 -0.000001 0.000069 -0.000001 -0.0
761 1393407888.797554 0.001316 0.0 -0.000002 0.000519 -0.000002 -0.000002
762 1393407888.897596 0.001657 0.0 -0.000001 0.000799 -0.000002 -0.000003
763 1393407888.997667 0.001596 0.0 -0.0 0.000871 -0.000002 -0.000001
764 1393407889.097744 0.001193 0.0 -0.000002 0.000742 -0.000001 0.000001
765 1393407889.197812 0.00058 0.0 -0.000003 0.000467 -0.000001 0.000001
766 1393407889.297866 -0.000084 0.0 -0.000003 0.000124 -0.0 0.000001
767 1393407889.397933 -0.000649 0.0 -0.000002 -0.000203 0.0 0.000002
768 1393407889.497989 -0.001001 0.0 -0.000001 -0.000446 0.0 0.000001
