This is pdfTeX, Version 3.14159265-2.6-1.40.17 (TeX Live 2016/W32TeX) (preloaded format=pdflatex 2017.2.9)  22 FEB 2017 12:12
entering extended mode
 \write18 enabled.
 %&-line parsing enabled.
**./D2.3.tex
(./D2.3.tex
LaTeX2e <2017/01/01> patch level 1
Babel <3.9r> and hyphenation patterns for 83 language(s) loaded.
(c:/texlive/2016/texmf-dist/tex/latex/base/article.cls
Document Class: article 2014/09/29 v1.4h Standard LaTeX document class
(c:/texlive/2016/texmf-dist/tex/latex/base/size12.clo
File: size12.clo 2014/09/29 v1.4h Standard LaTeX file (size option)
)
\c@part=\count79
\c@section=\count80
\c@subsection=\count81
\c@subsubsection=\count82
\c@paragraph=\count83
\c@subparagraph=\count84
\c@figure=\count85
\c@table=\count86
\abovecaptionskip=\skip41
\belowcaptionskip=\skip42
\bibindent=\dimen102
) (./deliverable.sty
Package: deliverable 2013/03/04 1.1 LaTeX2e package

Package: `deliverable.sty' (Style file for official deliverable documents) 1.1 
<2013/03/04> 
(c:/texlive/2016/texmf-dist/tex/latex/fancyhdr/fancyhdr.sty
Package: fancyhdr 2016/09/06 3.8 Extensive control of page headers and footers
\fancy@headwidth=\skip43
\f@ncyO@elh=\skip44
\f@ncyO@erh=\skip45
\f@ncyO@olh=\skip46
\f@ncyO@orh=\skip47
\f@ncyO@elf=\skip48
\f@ncyO@erf=\skip49
\f@ncyO@olf=\skip50
\f@ncyO@orf=\skip51
)
(c:/texlive/2016/texmf-dist/tex/latex/lastpage/lastpage.sty
Package: lastpage 2015/03/29 v1.2m Refers to last page's name (HMM; JPG)
))
(c:/texlive/2016/texmf-dist/tex/latex/tools/xspace.sty
Package: xspace 2014/10/28 v1.13 Space after command names (DPC,MH)
)
(c:/texlive/2016/texmf-dist/tex/latex/tools/verbatim.sty
Package: verbatim 2014/10/28 v1.5q LaTeX2e package for verbatim enhancements
\every@verbatim=\toks14
\verbatim@line=\toks15
\verbatim@in@stream=\read1
)
(c:/texlive/2016/texmf-dist/tex/latex/graphics/color.sty
Package: color 2016/07/10 v1.1e Standard LaTeX Color (DPC)

(c:/texlive/2016/texmf-dist/tex/latex/graphics-cfg/color.cfg
File: color.cfg 2016/01/02 v1.6 sample color configuration
)
Package color Info: Driver file: pdftex.def on input line 147.

(c:/texlive/2016/texmf-dist/tex/latex/graphics-def/pdftex.def
File: pdftex.def 2017/01/12 v0.06k Graphics/color for pdfTeX

(c:/texlive/2016/texmf-dist/tex/generic/oberdiek/infwarerr.sty
Package: infwarerr 2016/05/16 v1.4 Providing info/warning/error messages (HO)
)
(c:/texlive/2016/texmf-dist/tex/generic/oberdiek/ltxcmds.sty
Package: ltxcmds 2016/05/16 v1.23 LaTeX kernel commands for general use (HO)
)
\Gread@gobject=\count87
))
(c:/texlive/2016/texmf-dist/tex/latex/listings/listings.sty
(c:/texlive/2016/texmf-dist/tex/latex/graphics/keyval.sty
Package: keyval 2014/10/28 v1.15 key=value parser (DPC)
\KV@toks@=\toks16
)
\lst@mode=\count88
\lst@gtempboxa=\box26
\lst@token=\toks17
\lst@length=\count89
\lst@currlwidth=\dimen103
\lst@column=\count90
\lst@pos=\count91
\lst@lostspace=\dimen104
\lst@width=\dimen105
\lst@newlines=\count92
\lst@lineno=\count93
\lst@maxwidth=\dimen106

(c:/texlive/2016/texmf-dist/tex/latex/listings/lstmisc.sty
File: lstmisc.sty 2015/06/04 1.6 (Carsten Heinz)
\c@lstnumber=\count94
\lst@skipnumbers=\count95
\lst@framebox=\box27
)
(c:/texlive/2016/texmf-dist/tex/latex/listings/listings.cfg
File: listings.cfg 2015/06/04 1.6 listings configuration
))
Package: listings 2015/06/04 1.6 (Carsten Heinz)

(c:/texlive/2016/texmf-dist/tex/latex/xcolor/xcolor.sty
Package: xcolor 2016/05/11 v2.12 LaTeX color extensions (UK)

(c:/texlive/2016/texmf-dist/tex/latex/graphics-cfg/color.cfg
File: color.cfg 2016/01/02 v1.6 sample color configuration
)
Package xcolor Info: Package option `usenames' ignored on input line 216.
Package xcolor Info: Driver file: pdftex.def on input line 225.

(c:/texlive/2016/texmf-dist/tex/latex/colortbl/colortbl.sty
Package: colortbl 2012/02/13 v1.0a Color table columns (DPC)

(c:/texlive/2016/texmf-dist/tex/latex/tools/array.sty
Package: array 2016/10/06 v2.4d Tabular extension package (FMi)
\col@sep=\dimen107
\extrarowheight=\dimen108
\NC@list=\toks18
\extratabsurround=\skip52
\backup@length=\skip53
)
\everycr=\toks19
\minrowclearance=\skip54
)
LaTeX Info: Redefining \color on input line 709.
\rownum=\count96
Package xcolor Info: Model `cmy' substituted by `cmy0' on input line 1348.
Package xcolor Info: Model `hsb' substituted by `rgb' on input line 1352.
Package xcolor Info: Model `RGB' extended on input line 1364.
Package xcolor Info: Model `HTML' substituted by `rgb' on input line 1366.
Package xcolor Info: Model `Hsb' substituted by `hsb' on input line 1367.
Package xcolor Info: Model `tHsb' substituted by `hsb' on input line 1368.
Package xcolor Info: Model `HSB' substituted by `hsb' on input line 1369.
Package xcolor Info: Model `Gray' substituted by `gray' on input line 1370.
Package xcolor Info: Model `wave' substituted by `hsb' on input line 1371.

(c:/texlive/2016/texmf-dist/tex/latex/graphics/dvipsnam.def
File: dvipsnam.def 2016/06/17 v3.0m Driver-dependent file (DPC,SPQR)
))
(c:/texlive/2016/texmf-dist/tex/latex/graphics/graphicx.sty
Package: graphicx 2014/10/28 v1.0g Enhanced LaTeX Graphics (DPC,SPQR)

(c:/texlive/2016/texmf-dist/tex/latex/graphics/graphics.sty
Package: graphics 2016/10/09 v1.0u Standard LaTeX Graphics (DPC,SPQR)

(c:/texlive/2016/texmf-dist/tex/latex/graphics/trig.sty
Package: trig 2016/01/03 v1.10 sin cos tan (DPC)
)
(c:/texlive/2016/texmf-dist/tex/latex/graphics-cfg/graphics.cfg
File: graphics.cfg 2016/06/04 v1.11 sample graphics configuration
)
Package graphics Info: Driver file: pdftex.def on input line 99.
)
\Gin@req@height=\dimen109
\Gin@req@width=\dimen110
)
(c:/texlive/2016/texmf-dist/tex/latex/url/url.sty
\Urlmuskip=\muskip10
Package: url 2013/09/16  ver 3.4  Verb mode for urls, etc.
)
(c:/texlive/2016/texmf-dist/tex/latex/pdfpages/pdfpages.sty
Package: pdfpages 2017/01/14 v0.5h Insert pages of external PDF documents (AM)

(c:/texlive/2016/texmf-dist/tex/latex/base/ifthen.sty
Package: ifthen 2014/09/29 v1.1c Standard LaTeX ifthen package (DPC)
)
(c:/texlive/2016/texmf-dist/tex/latex/tools/calc.sty
Package: calc 2014/10/28 v4.3 Infix arithmetic (KKT,FJ)
\calc@Acount=\count97
\calc@Bcount=\count98
\calc@Adimen=\dimen111
\calc@Bdimen=\dimen112
\calc@Askip=\skip55
\calc@Bskip=\skip56
LaTeX Info: Redefining \setlength on input line 80.
LaTeX Info: Redefining \addtolength on input line 81.
\calc@Ccount=\count99
\calc@Cskip=\skip57
)
(c:/texlive/2016/texmf-dist/tex/latex/eso-pic/eso-pic.sty
Package: eso-pic 2015/07/21 v2.0g eso-pic (RN)

(c:/texlive/2016/texmf-dist/tex/generic/oberdiek/atbegshi.sty
Package: atbegshi 2016/06/09 v1.18 At begin shipout hook (HO)

(c:/texlive/2016/texmf-dist/tex/generic/oberdiek/ifpdf.sty
Package: ifpdf 2016/05/14 v3.1 Provides the ifpdf switch
)))
\AM@pagewidth=\dimen113
\AM@pageheight=\dimen114

(c:/texlive/2016/texmf-dist/tex/latex/pdfpages/pppdftex.def
File: pppdftex.def 2017/01/14 v0.5h Pdfpages driver for pdfTeX (AM)
)
\AM@pagebox=\box28
\AM@global@opts=\toks20
\AM@toc@title=\toks21
\c@AM@survey=\count100
\AM@templatesizebox=\box29
)
(c:/texlive/2016/texmf-dist/tex/latex/amsmath/amsmath.sty
Package: amsmath 2016/11/05 v2.16a AMS math features
\@mathmargin=\skip58

For additional information on amsmath, use the `?' option.
(c:/texlive/2016/texmf-dist/tex/latex/amsmath/amstext.sty
Package: amstext 2000/06/29 v2.01 AMS text

(c:/texlive/2016/texmf-dist/tex/latex/amsmath/amsgen.sty
File: amsgen.sty 1999/11/30 v2.0 generic functions
\@emptytoks=\toks22
\ex@=\dimen115
))
(c:/texlive/2016/texmf-dist/tex/latex/amsmath/amsbsy.sty
Package: amsbsy 1999/11/29 v1.2d Bold Symbols
\pmbraise@=\dimen116
)
(c:/texlive/2016/texmf-dist/tex/latex/amsmath/amsopn.sty
Package: amsopn 2016/03/08 v2.02 operator names
)
\inf@bad=\count101
LaTeX Info: Redefining \frac on input line 213.
\uproot@=\count102
\leftroot@=\count103
LaTeX Info: Redefining \overline on input line 375.
\classnum@=\count104
\DOTSCASE@=\count105
LaTeX Info: Redefining \ldots on input line 472.
LaTeX Info: Redefining \dots on input line 475.
LaTeX Info: Redefining \cdots on input line 596.
\Mathstrutbox@=\box30
\strutbox@=\box31
\big@size=\dimen117
LaTeX Font Info:    Redeclaring font encoding OML on input line 712.
LaTeX Font Info:    Redeclaring font encoding OMS on input line 713.
\macc@depth=\count106
\c@MaxMatrixCols=\count107
\dotsspace@=\muskip11
\c@parentequation=\count108
\dspbrk@lvl=\count109
\tag@help=\toks23
\row@=\count110
\column@=\count111
\maxfields@=\count112
\andhelp@=\toks24
\eqnshift@=\dimen118
\alignsep@=\dimen119
\tagshift@=\dimen120
\tagwidth@=\dimen121
\totwidth@=\dimen122
\lineht@=\dimen123
\@envbody=\toks25
\multlinegap=\skip59
\multlinetaggap=\skip60
\mathdisplay@stack=\toks26
LaTeX Info: Redefining \[ on input line 2817.
LaTeX Info: Redefining \] on input line 2818.
)
(c:/texlive/2016/texmf-dist/tex/latex/amsfonts/amssymb.sty
Package: amssymb 2013/01/14 v3.01 AMS font symbols

(c:/texlive/2016/texmf-dist/tex/latex/amsfonts/amsfonts.sty
Package: amsfonts 2013/01/14 v3.01 Basic AMSFonts support
\symAMSa=\mathgroup4
\symAMSb=\mathgroup5
LaTeX Font Info:    Overwriting math alphabet `\mathfrak' in version `bold'
(Font)                  U/euf/m/n --> U/euf/b/n on input line 106.
))
(c:/texlive/2016/texmf-dist/tex/latex/mathtools/mathtools.sty
Package: mathtools 2015/11/12 v1.18 mathematical typesetting tools

(c:/texlive/2016/texmf-dist/tex/latex/mathtools/mhsetup.sty
Package: mhsetup 2010/01/21 v1.2a programming setup (MH)
)
LaTeX Info: Thecontrolsequence`\('isalreadyrobust on input line 129.
LaTeX Info: Thecontrolsequence`\)'isalreadyrobust on input line 129.
LaTeX Info: Thecontrolsequence`\['isalreadyrobust on input line 129.
LaTeX Info: Thecontrolsequence`\]'isalreadyrobust on input line 129.
\g_MT_multlinerow_int=\count113
\l_MT_multwidth_dim=\dimen124
\origjot=\skip61
\l_MT_shortvdotswithinadjustabove_dim=\dimen125
\l_MT_shortvdotswithinadjustbelow_dim=\dimen126
\l_MT_above_intertext_sep=\dimen127
\l_MT_below_intertext_sep=\dimen128
\l_MT_above_shortintertext_sep=\dimen129
\l_MT_below_shortintertext_sep=\dimen130
)
(c:/texlive/2016/texmf-dist/tex/latex/hyperref/hyperref.sty
Package: hyperref 2016/06/24 v6.83q Hypertext links for LaTeX

(c:/texlive/2016/texmf-dist/tex/generic/oberdiek/hobsub-hyperref.sty
Package: hobsub-hyperref 2016/05/16 v1.14 Bundle oberdiek, subset hyperref (HO)


(c:/texlive/2016/texmf-dist/tex/generic/oberdiek/hobsub-generic.sty
Package: hobsub-generic 2016/05/16 v1.14 Bundle oberdiek, subset generic (HO)
Package: hobsub 2016/05/16 v1.14 Construct package bundles (HO)
Package hobsub Info: Skipping package `infwarerr' (already loaded).
Package hobsub Info: Skipping package `ltxcmds' (already loaded).
Package: ifluatex 2016/05/16 v1.4 Provides the ifluatex switch (HO)
Package ifluatex Info: LuaTeX not detected.
Package: ifvtex 2016/05/16 v1.6 Detect VTeX and its facilities (HO)
Package ifvtex Info: VTeX not detected.
Package: intcalc 2016/05/16 v1.2 Expandable calculations with integers (HO)
Package hobsub Info: Skipping package `ifpdf' (already loaded).
Package: etexcmds 2016/05/16 v1.6 Avoid name clashes with e-TeX commands (HO)
Package etexcmds Info: Could not find \expanded.
(etexcmds)             That can mean that you are not using pdfTeX 1.50 or
(etexcmds)             that some package has redefined \expanded.
(etexcmds)             In the latter case, load this package earlier.
Package: kvsetkeys 2016/05/16 v1.17 Key value parser (HO)
Package: kvdefinekeys 2016/05/16 v1.4 Define keys (HO)
Package: pdftexcmds 2016/05/21 v0.22 Utility functions of pdfTeX for LuaTeX (HO
)
Package pdftexcmds Info: LuaTeX not detected.
Package pdftexcmds Info: \pdf@primitive is available.
Package pdftexcmds Info: \pdf@ifprimitive is available.
Package pdftexcmds Info: \pdfdraftmode found.
Package: pdfescape 2016/05/16 v1.14 Implements pdfTeX's escape features (HO)
Package: bigintcalc 2016/05/16 v1.4 Expandable calculations on big integers (HO
)
Package: bitset 2016/05/16 v1.2 Handle bit-vector datatype (HO)
Package: uniquecounter 2016/05/16 v1.3 Provide unlimited unique counter (HO)
)
Package hobsub Info: Skipping package `hobsub' (already loaded).
Package: letltxmacro 2016/05/16 v1.5 Let assignment for LaTeX macros (HO)
Package: hopatch 2016/05/16 v1.3 Wrapper for package hooks (HO)
Package: xcolor-patch 2016/05/16 xcolor patch
Package: atveryend 2016/05/16 v1.9 Hooks at the very end of document (HO)
Package atveryend Info: \enddocument detected (standard20110627).
Package hobsub Info: Skipping package `atbegshi' (already loaded).
Package: refcount 2016/05/16 v3.5 Data extraction from label references (HO)
Package: hycolor 2016/05/16 v1.8 Color options for hyperref/bookmark (HO)
)
(c:/texlive/2016/texmf-dist/tex/generic/ifxetex/ifxetex.sty
Package: ifxetex 2010/09/12 v0.6 Provides ifxetex conditional
)
(c:/texlive/2016/texmf-dist/tex/latex/oberdiek/auxhook.sty
Package: auxhook 2016/05/16 v1.4 Hooks for auxiliary files (HO)
)
(c:/texlive/2016/texmf-dist/tex/latex/oberdiek/kvoptions.sty
Package: kvoptions 2016/05/16 v3.12 Key value format for package options (HO)
)
\@linkdim=\dimen131
\Hy@linkcounter=\count114
\Hy@pagecounter=\count115

(c:/texlive/2016/texmf-dist/tex/latex/hyperref/pd1enc.def
File: pd1enc.def 2016/06/24 v6.83q Hyperref: PDFDocEncoding definition (HO)
)
\Hy@SavedSpaceFactor=\count116

(c:/texlive/2016/texmf-dist/tex/latex/latexconfig/hyperref.cfg
File: hyperref.cfg 2002/06/06 v1.2 hyperref configuration of TeXLive
)
Package hyperref Info: Hyper figures OFF on input line 4486.
Package hyperref Info: Link nesting OFF on input line 4491.
Package hyperref Info: Hyper index ON on input line 4494.
Package hyperref Info: Plain pages OFF on input line 4501.
Package hyperref Info: Backreferencing OFF on input line 4506.
Package hyperref Info: Implicit mode ON; LaTeX internals redefined.
Package hyperref Info: Bookmarks ON on input line 4735.
\c@Hy@tempcnt=\count117
LaTeX Info: Redefining \url on input line 5088.
\XeTeXLinkMargin=\dimen132
\Fld@menulength=\count118
\Field@Width=\dimen133
\Fld@charsize=\dimen134
Package hyperref Info: Hyper figures OFF on input line 6342.
Package hyperref Info: Link nesting OFF on input line 6347.
Package hyperref Info: Hyper index ON on input line 6350.
Package hyperref Info: backreferencing OFF on input line 6357.
Package hyperref Info: Link coloring OFF on input line 6362.
Package hyperref Info: Link coloring with OCG OFF on input line 6367.
Package hyperref Info: PDF/A mode OFF on input line 6372.
LaTeX Info: Redefining \ref on input line 6412.
LaTeX Info: Redefining \pageref on input line 6416.
\Hy@abspage=\count119
\c@Item=\count120
\c@Hfootnote=\count121
)

Package hyperref Message: Driver (autodetected): hpdftex.

(c:/texlive/2016/texmf-dist/tex/latex/hyperref/hpdftex.def
File: hpdftex.def 2016/06/24 v6.83q Hyperref driver for pdfTeX
\Fld@listcount=\count122
\c@bookmark@seq@number=\count123

(c:/texlive/2016/texmf-dist/tex/latex/oberdiek/rerunfilecheck.sty
Package: rerunfilecheck 2016/05/16 v1.8 Rerun checks for auxiliary files (HO)
Package uniquecounter Info: New unique counter `rerunfilecheck' on input line 2
82.
)
\Hy@SectionHShift=\skip62
)

Package hyperref Warning: Option `bookmarks' has already been used,
(hyperref)                setting the option has no effect on input line 42.

Package hyperref Info: Option `unicode' set `false' on input line 42.
Package hyperref Info: Option `pdftoolbar' set `true' on input line 42.
Package hyperref Info: Option `pdfmenubar' set `true' on input line 42.
Package hyperref Info: Option `pdffitwindow' set `false' on input line 42.
Package hyperref Info: Option `pdfnewwindow' set `true' on input line 42.
Package hyperref Info: Option `colorlinks' set `true' on input line 42.
(c:/texlive/2016/texmf-dist/tex/latex/cite/cite.sty
LaTeX Info: Redefining \cite on input line 302.
LaTeX Info: Redefining \nocite on input line 332.
Package: cite 2015/02/27  v 5.5
)
(c:/texlive/2016/texmf-dist/tex/latex/psnfss/mathptmx.sty
Package: mathptmx 2005/04/12 PSNFSS-v9.2a Times w/ Math, improved (SPQR, WaS) 
LaTeX Font Info:    Redeclaring symbol font `operators' on input line 28.
LaTeX Font Info:    Overwriting symbol font `operators' in version `normal'
(Font)                  OT1/cmr/m/n --> OT1/ztmcm/m/n on input line 28.
LaTeX Font Info:    Overwriting symbol font `operators' in version `bold'
(Font)                  OT1/cmr/bx/n --> OT1/ztmcm/m/n on input line 28.
LaTeX Font Info:    Redeclaring symbol font `letters' on input line 29.
LaTeX Font Info:    Overwriting symbol font `letters' in version `normal'
(Font)                  OML/cmm/m/it --> OML/ztmcm/m/it on input line 29.
LaTeX Font Info:    Overwriting symbol font `letters' in version `bold'
(Font)                  OML/cmm/b/it --> OML/ztmcm/m/it on input line 29.
LaTeX Font Info:    Redeclaring symbol font `symbols' on input line 30.
LaTeX Font Info:    Overwriting symbol font `symbols' in version `normal'
(Font)                  OMS/cmsy/m/n --> OMS/ztmcm/m/n on input line 30.
LaTeX Font Info:    Overwriting symbol font `symbols' in version `bold'
(Font)                  OMS/cmsy/b/n --> OMS/ztmcm/m/n on input line 30.
LaTeX Font Info:    Redeclaring symbol font `largesymbols' on input line 31.
LaTeX Font Info:    Overwriting symbol font `largesymbols' in version `normal'
(Font)                  OMX/cmex/m/n --> OMX/ztmcm/m/n on input line 31.
LaTeX Font Info:    Overwriting symbol font `largesymbols' in version `bold'
(Font)                  OMX/cmex/m/n --> OMX/ztmcm/m/n on input line 31.
\symbold=\mathgroup6
\symitalic=\mathgroup7
LaTeX Font Info:    Redeclaring math alphabet \mathbf on input line 34.
LaTeX Font Info:    Overwriting math alphabet `\mathbf' in version `normal'
(Font)                  OT1/cmr/bx/n --> OT1/ptm/bx/n on input line 34.
LaTeX Font Info:    Overwriting math alphabet `\mathbf' in version `bold'
(Font)                  OT1/cmr/bx/n --> OT1/ptm/bx/n on input line 34.
LaTeX Font Info:    Redeclaring math alphabet \mathit on input line 35.
LaTeX Font Info:    Overwriting math alphabet `\mathit' in version `normal'
(Font)                  OT1/cmr/m/it --> OT1/ptm/m/it on input line 35.
LaTeX Font Info:    Overwriting math alphabet `\mathit' in version `bold'
(Font)                  OT1/cmr/bx/it --> OT1/ptm/m/it on input line 35.
LaTeX Info: Redefining \hbar on input line 50.
)
(c:/texlive/2016/texmf-dist/tex/latex/tools/bm.sty
Package: bm 2017/01/16 v1.2c Bold Symbol Support (DPC/FMi)
LaTeX Info: Redefining \bm on input line 207.
)
(c:/texlive/2016/texmf-dist/tex/latex/psnfss/times.sty
Package: times 2005/04/12 PSNFSS-v9.2a (SPQR) 
)
(c:/texlive/2016/texmf-dist/tex/latex/sttools/stfloats.sty
Package: stfloats 2016/06/28 v3.2 Improve float mechanism and baselineskip sett
ings
\@dblbotnum=\count124
\c@dblbotnumber=\count125
)
(c:/texlive/2016/texmf-dist/tex/latex/psfrag/psfrag.sty
Package: psfrag 1998/04/11 v3.04 PSfrag (MCG)
\pfg@pcount=\count126
\pfg@scount=\count127
\pfg@temp=\write3
)
(c:/texlive/2016/texmf-dist/tex/latex/float/float.sty
Package: float 2001/11/08 v1.3d Float enhancements (AL)
\c@float@type=\count128
\float@exts=\toks27
\float@box=\box32
\@float@everytoks=\toks28
\@floatcapt=\box33
)
(c:/texlive/2016/texmf-dist/tex/latex/base/fix-cm.sty
Package: fix-cm 2015/01/14 v1.1t fixes to LaTeX

(c:/texlive/2016/texmf-dist/tex/latex/base/ts1enc.def
File: ts1enc.def 2001/06/05 v3.0e (jk/car/fm) Standard LaTeX file
))
(c:/texlive/2016/texmf-dist/tex/latex/tools/multicol.sty
Package: multicol 2016/04/07 v1.8p multicolumn formatting (FMi)
\c@tracingmulticols=\count129
\mult@box=\box34
\multicol@leftmargin=\dimen135
\c@unbalance=\count130
\c@collectmore=\count131
\doublecol@number=\count132
\multicoltolerance=\count133
\multicolpretolerance=\count134
\full@width=\dimen136
\page@free=\dimen137
\premulticols=\dimen138
\postmulticols=\dimen139
\multicolsep=\skip63
\multicolbaselineskip=\skip64
\partial@page=\box35
\last@line=\box36
\maxbalancingoverflow=\dimen140
\mult@rightbox=\box37
\mult@grightbox=\box38
\mult@gfirstbox=\box39
\mult@firstbox=\box40
\@tempa=\box41
\@tempa=\box42
\@tempa=\box43
\@tempa=\box44
\@tempa=\box45
\@tempa=\box46
\@tempa=\box47
\@tempa=\box48
\@tempa=\box49
\@tempa=\box50
\@tempa=\box51
\@tempa=\box52
\@tempa=\box53
\@tempa=\box54
\@tempa=\box55
\@tempa=\box56
\@tempa=\box57
\c@columnbadness=\count135
\c@finalcolumnbadness=\count136
\last@try=\dimen141
\multicolovershoot=\dimen142
\multicolundershoot=\dimen143
\mult@nat@firstbox=\box58
\colbreak@box=\box59
\mc@col@check@num=\count137
)
(c:/texlive/2016/texmf-dist/tex/latex/wrapfig/wrapfig.sty
\wrapoverhang=\dimen144
\WF@size=\dimen145
\c@WF@wrappedlines=\count138
\WF@box=\box60
\WF@everypar=\toks29
Package: wrapfig 2003/01/31  v 3.6
)
(c:/texlive/2016/texmf-dist/tex/latex/mdwtools/mdwtab.sty
Package: mdwtab 1998/04/28 1.9 Table typesetting with style
\tab@state=\count139
\tab@columns=\count140
\tab@preamble=\toks30
\tab@shortline=\toks31
\extrarowheight=\dimen146
\tabextrasep=\dimen147
\arrayextrasep=\dimen148
\smarraycolsep=\dimen149
\smarrayextrasep=\dimen150
\tab@width=\dimen151
\col@sep=\dimen152
\tab@endheight=\dimen153
\tab@leftskip=\skip65
\tab@rightskip=\skip66
\fn@notes=\box61
\fn@width=\dimen154
)
(c:/texlive/2016/texmf-dist/tex/latex/mdwtools/mdwmath.sty
Package: mdwmath 1996/04/11 1.1 Nice mathematical things
\sq@sqrt=\count141
LaTeX Info: Redefining \sqrt on input line 84.
)
(c:/texlive/2016/texmf-dist/tex/latex/tools/enumerate.sty
Package: enumerate 2015/07/23 v3.00 enumerate extensions (DPC)
\@enLab=\toks32
)
(c:/texlive/2016/texmf-dist/tex/latex/algorithm2e/algorithm2e.sty
Package: algorithm2e 2013/01/06 v5.00 algorithms environments
\c@AlgoLine=\count142
\algocf@hangindent=\skip67

(c:/texlive/2016/texmf-dist/tex/latex/relsize/relsize.sty
Package: relsize 2013/03/29 ver 4.1
)
********************************************************
Package `algorithm2e' Release 5.1 -- october 19 2015 --
- algorithm2e-announce@lirmm.fr mailing list for announcement about releases
- algorithm2e-discussion@lirmm.fr mailing list for discussion about package
subscribe by emailing sympa@lirmm.fr with 'subscribe <list> <firstname name>'
- Author: Christophe Fiorio (christophe.fiorio@umontpellier.fr)
********************************************************
\skiptotal=\skip68
\skiplinenumber=\skip69
\skiprule=\skip70
\skiphlne=\skip71
\skiptext=\skip72
\skiplength=\skip73
\algomargin=\skip74
\skipalgocfslide=\skip75
\algowidth=\dimen155
\inoutsize=\dimen156
\inoutindent=\dimen157
\interspacetitleruled=\dimen158
\interspacealgoruled=\dimen159
\interspacetitleboxruled=\dimen160
\algocf@ruledwidth=\skip76
\algocf@inoutbox=\box62
\algocf@inputbox=\box63
\AlCapSkip=\skip77
\AlCapHSkip=\skip78
\algoskipindent=\skip79
\algocf@nlbox=\box64
\algocf@hangingbox=\box65
\algocf@untilbox=\box66
\algocf@skipuntil=\skip80
\algocf@capbox=\box67
\algoheightruledefault=\skip81
\algoheightrule=\skip82
\algotitleheightruledefault=\skip83
\algotitleheightrule=\skip84
\c@algocfline=\count143
\c@algocfproc=\count144
\c@algocf=\count145
\algocf@algoframe=\box68
\algocf@algobox=\box69
) (c:/texlive/2016/texmf-dist/tex/latex/base/inputenc.sty
Package: inputenc 2015/03/17 v1.2c Input encoding file
\inpenc@prehook=\toks33
\inpenc@posthook=\toks34

(c:/texlive/2016/texmf-dist/tex/latex/base/utf8.def
File: utf8.def 2016/02/28 v1.1s UTF-8 support for inputenc
Now handling font encoding OML ...
... no UTF-8 mapping file for font encoding OML
Now handling font encoding T1 ...
... processing UTF-8 mapping file for font encoding T1

(c:/texlive/2016/texmf-dist/tex/latex/base/t1enc.dfu
File: t1enc.dfu 2016/02/28 v1.1s UTF-8 support for inputenc
   defining Unicode char U+00A0 (decimal 160)
   defining Unicode char U+00A1 (decimal 161)
   defining Unicode char U+00A3 (decimal 163)
   defining Unicode char U+00AB (decimal 171)
   defining Unicode char U+00AD (decimal 173)
   defining Unicode char U+00BB (decimal 187)
   defining Unicode char U+00BF (decimal 191)
   defining Unicode char U+00C0 (decimal 192)
   defining Unicode char U+00C1 (decimal 193)
   defining Unicode char U+00C2 (decimal 194)
   defining Unicode char U+00C3 (decimal 195)
   defining Unicode char U+00C4 (decimal 196)
   defining Unicode char U+00C5 (decimal 197)
   defining Unicode char U+00C6 (decimal 198)
   defining Unicode char U+00C7 (decimal 199)
   defining Unicode char U+00C8 (decimal 200)
   defining Unicode char U+00C9 (decimal 201)
   defining Unicode char U+00CA (decimal 202)
   defining Unicode char U+00CB (decimal 203)
   defining Unicode char U+00CC (decimal 204)
   defining Unicode char U+00CD (decimal 205)
   defining Unicode char U+00CE (decimal 206)
   defining Unicode char U+00CF (decimal 207)
   defining Unicode char U+00D0 (decimal 208)
   defining Unicode char U+00D1 (decimal 209)
   defining Unicode char U+00D2 (decimal 210)
   defining Unicode char U+00D3 (decimal 211)
   defining Unicode char U+00D4 (decimal 212)
   defining Unicode char U+00D5 (decimal 213)
   defining Unicode char U+00D6 (decimal 214)
   defining Unicode char U+00D8 (decimal 216)
   defining Unicode char U+00D9 (decimal 217)
   defining Unicode char U+00DA (decimal 218)
   defining Unicode char U+00DB (decimal 219)
   defining Unicode char U+00DC (decimal 220)
   defining Unicode char U+00DD (decimal 221)
   defining Unicode char U+00DE (decimal 222)
   defining Unicode char U+00DF (decimal 223)
   defining Unicode char U+00E0 (decimal 224)
   defining Unicode char U+00E1 (decimal 225)
   defining Unicode char U+00E2 (decimal 226)
   defining Unicode char U+00E3 (decimal 227)
   defining Unicode char U+00E4 (decimal 228)
   defining Unicode char U+00E5 (decimal 229)
   defining Unicode char U+00E6 (decimal 230)
   defining Unicode char U+00E7 (decimal 231)
   defining Unicode char U+00E8 (decimal 232)
   defining Unicode char U+00E9 (decimal 233)
   defining Unicode char U+00EA (decimal 234)
   defining Unicode char U+00EB (decimal 235)
   defining Unicode char U+00EC (decimal 236)
   defining Unicode char U+00ED (decimal 237)
   defining Unicode char U+00EE (decimal 238)
   defining Unicode char U+00EF (decimal 239)
   defining Unicode char U+00F0 (decimal 240)
   defining Unicode char U+00F1 (decimal 241)
   defining Unicode char U+00F2 (decimal 242)
   defining Unicode char U+00F3 (decimal 243)
   defining Unicode char U+00F4 (decimal 244)
   defining Unicode char U+00F5 (decimal 245)
   defining Unicode char U+00F6 (decimal 246)
   defining Unicode char U+00F8 (decimal 248)
   defining Unicode char U+00F9 (decimal 249)
   defining Unicode char U+00FA (decimal 250)
   defining Unicode char U+00FB (decimal 251)
   defining Unicode char U+00FC (decimal 252)
   defining Unicode char U+00FD (decimal 253)
   defining Unicode char U+00FE (decimal 254)
   defining Unicode char U+00FF (decimal 255)
   defining Unicode char U+0100 (decimal 256)
   defining Unicode char U+0101 (decimal 257)
   defining Unicode char U+0102 (decimal 258)
   defining Unicode char U+0103 (decimal 259)
   defining Unicode char U+0104 (decimal 260)
   defining Unicode char U+0105 (decimal 261)
   defining Unicode char U+0106 (decimal 262)
   defining Unicode char U+0107 (decimal 263)
   defining Unicode char U+0108 (decimal 264)
   defining Unicode char U+0109 (decimal 265)
   defining Unicode char U+010A (decimal 266)
   defining Unicode char U+010B (decimal 267)
   defining Unicode char U+010C (decimal 268)
   defining Unicode char U+010D (decimal 269)
   defining Unicode char U+010E (decimal 270)
   defining Unicode char U+010F (decimal 271)
   defining Unicode char U+0110 (decimal 272)
   defining Unicode char U+0111 (decimal 273)
   defining Unicode char U+0112 (decimal 274)
   defining Unicode char U+0113 (decimal 275)
   defining Unicode char U+0114 (decimal 276)
   defining Unicode char U+0115 (decimal 277)
   defining Unicode char U+0116 (decimal 278)
   defining Unicode char U+0117 (decimal 279)
   defining Unicode char U+0118 (decimal 280)
   defining Unicode char U+0119 (decimal 281)
   defining Unicode char U+011A (decimal 282)
   defining Unicode char U+011B (decimal 283)
   defining Unicode char U+011C (decimal 284)
   defining Unicode char U+011D (decimal 285)
   defining Unicode char U+011E (decimal 286)
   defining Unicode char U+011F (decimal 287)
   defining Unicode char U+0120 (decimal 288)
   defining Unicode char U+0121 (decimal 289)
   defining Unicode char U+0122 (decimal 290)
   defining Unicode char U+0123 (decimal 291)
   defining Unicode char U+0124 (decimal 292)
   defining Unicode char U+0125 (decimal 293)
   defining Unicode char U+0128 (decimal 296)
   defining Unicode char U+0129 (decimal 297)
   defining Unicode char U+012A (decimal 298)
   defining Unicode char U+012B (decimal 299)
   defining Unicode char U+012C (decimal 300)
   defining Unicode char U+012D (decimal 301)
   defining Unicode char U+012E (decimal 302)
   defining Unicode char U+012F (decimal 303)
   defining Unicode char U+0130 (decimal 304)
   defining Unicode char U+0131 (decimal 305)
   defining Unicode char U+0132 (decimal 306)
   defining Unicode char U+0133 (decimal 307)
   defining Unicode char U+0134 (decimal 308)
   defining Unicode char U+0135 (decimal 309)
   defining Unicode char U+0136 (decimal 310)
   defining Unicode char U+0137 (decimal 311)
   defining Unicode char U+0139 (decimal 313)
   defining Unicode char U+013A (decimal 314)
   defining Unicode char U+013B (decimal 315)
   defining Unicode char U+013C (decimal 316)
   defining Unicode char U+013D (decimal 317)
   defining Unicode char U+013E (decimal 318)
   defining Unicode char U+0141 (decimal 321)
   defining Unicode char U+0142 (decimal 322)
   defining Unicode char U+0143 (decimal 323)
   defining Unicode char U+0144 (decimal 324)
   defining Unicode char U+0145 (decimal 325)
   defining Unicode char U+0146 (decimal 326)
   defining Unicode char U+0147 (decimal 327)
   defining Unicode char U+0148 (decimal 328)
   defining Unicode char U+014A (decimal 330)
   defining Unicode char U+014B (decimal 331)
   defining Unicode char U+014C (decimal 332)
   defining Unicode char U+014D (decimal 333)
   defining Unicode char U+014E (decimal 334)
   defining Unicode char U+014F (decimal 335)
   defining Unicode char U+0150 (decimal 336)
   defining Unicode char U+0151 (decimal 337)
   defining Unicode char U+0152 (decimal 338)
   defining Unicode char U+0153 (decimal 339)
   defining Unicode char U+0154 (decimal 340)
   defining Unicode char U+0155 (decimal 341)
   defining Unicode char U+0156 (decimal 342)
   defining Unicode char U+0157 (decimal 343)
   defining Unicode char U+0158 (decimal 344)
   defining Unicode char U+0159 (decimal 345)
   defining Unicode char U+015A (decimal 346)
   defining Unicode char U+015B (decimal 347)
   defining Unicode char U+015C (decimal 348)
   defining Unicode char U+015D (decimal 349)
   defining Unicode char U+015E (decimal 350)
   defining Unicode char U+015F (decimal 351)
   defining Unicode char U+0160 (decimal 352)
   defining Unicode char U+0161 (decimal 353)
   defining Unicode char U+0162 (decimal 354)
   defining Unicode char U+0163 (decimal 355)
   defining Unicode char U+0164 (decimal 356)
   defining Unicode char U+0165 (decimal 357)
   defining Unicode char U+0168 (decimal 360)
   defining Unicode char U+0169 (decimal 361)
   defining Unicode char U+016A (decimal 362)
   defining Unicode char U+016B (decimal 363)
   defining Unicode char U+016C (decimal 364)
   defining Unicode char U+016D (decimal 365)
   defining Unicode char U+016E (decimal 366)
   defining Unicode char U+016F (decimal 367)
   defining Unicode char U+0170 (decimal 368)
   defining Unicode char U+0171 (decimal 369)
   defining Unicode char U+0172 (decimal 370)
   defining Unicode char U+0173 (decimal 371)
   defining Unicode char U+0174 (decimal 372)
   defining Unicode char U+0175 (decimal 373)
   defining Unicode char U+0176 (decimal 374)
   defining Unicode char U+0177 (decimal 375)
   defining Unicode char U+0178 (decimal 376)
   defining Unicode char U+0179 (decimal 377)
   defining Unicode char U+017A (decimal 378)
   defining Unicode char U+017B (decimal 379)
   defining Unicode char U+017C (decimal 380)
   defining Unicode char U+017D (decimal 381)
   defining Unicode char U+017E (decimal 382)
   defining Unicode char U+01CD (decimal 461)
   defining Unicode char U+01CE (decimal 462)
   defining Unicode char U+01CF (decimal 463)
   defining Unicode char U+01D0 (decimal 464)
   defining Unicode char U+01D1 (decimal 465)
   defining Unicode char U+01D2 (decimal 466)
   defining Unicode char U+01D3 (decimal 467)
   defining Unicode char U+01D4 (decimal 468)
   defining Unicode char U+01E2 (decimal 482)
   defining Unicode char U+01E3 (decimal 483)
   defining Unicode char U+01E6 (decimal 486)
   defining Unicode char U+01E7 (decimal 487)
   defining Unicode char U+01E8 (decimal 488)
   defining Unicode char U+01E9 (decimal 489)
   defining Unicode char U+01EA (decimal 490)
   defining Unicode char U+01EB (decimal 491)
   defining Unicode char U+01F0 (decimal 496)
   defining Unicode char U+01F4 (decimal 500)
   defining Unicode char U+01F5 (decimal 501)
   defining Unicode char U+0218 (decimal 536)
   defining Unicode char U+0219 (decimal 537)
   defining Unicode char U+021A (decimal 538)
   defining Unicode char U+021B (decimal 539)
   defining Unicode char U+1E02 (decimal 7682)
   defining Unicode char U+1E03 (decimal 7683)
   defining Unicode char U+200C (decimal 8204)
   defining Unicode char U+2010 (decimal 8208)
   defining Unicode char U+2011 (decimal 8209)
   defining Unicode char U+2012 (decimal 8210)
   defining Unicode char U+2013 (decimal 8211)
   defining Unicode char U+2014 (decimal 8212)
   defining Unicode char U+2015 (decimal 8213)
   defining Unicode char U+2018 (decimal 8216)
   defining Unicode char U+2019 (decimal 8217)
   defining Unicode char U+201A (decimal 8218)
   defining Unicode char U+201C (decimal 8220)
   defining Unicode char U+201D (decimal 8221)
   defining Unicode char U+201E (decimal 8222)
   defining Unicode char U+2030 (decimal 8240)
   defining Unicode char U+2031 (decimal 8241)
   defining Unicode char U+2039 (decimal 8249)
   defining Unicode char U+203A (decimal 8250)
   defining Unicode char U+2423 (decimal 9251)
)
Now handling font encoding OT1 ...
... processing UTF-8 mapping file for font encoding OT1

(c:/texlive/2016/texmf-dist/tex/latex/base/ot1enc.dfu
File: ot1enc.dfu 2016/02/28 v1.1s UTF-8 support for inputenc
   defining Unicode char U+00A0 (decimal 160)
   defining Unicode char U+00A1 (decimal 161)
   defining Unicode char U+00A3 (decimal 163)
   defining Unicode char U+00AD (decimal 173)
   defining Unicode char U+00B8 (decimal 184)
   defining Unicode char U+00BF (decimal 191)
   defining Unicode char U+00C5 (decimal 197)
   defining Unicode char U+00C6 (decimal 198)
   defining Unicode char U+00D8 (decimal 216)
   defining Unicode char U+00DF (decimal 223)
   defining Unicode char U+00E6 (decimal 230)
   defining Unicode char U+00EC (decimal 236)
   defining Unicode char U+00ED (decimal 237)
   defining Unicode char U+00EE (decimal 238)
   defining Unicode char U+00EF (decimal 239)
   defining Unicode char U+00F8 (decimal 248)
   defining Unicode char U+0131 (decimal 305)
   defining Unicode char U+0141 (decimal 321)
   defining Unicode char U+0142 (decimal 322)
   defining Unicode char U+0152 (decimal 338)
   defining Unicode char U+0153 (decimal 339)
   defining Unicode char U+0174 (decimal 372)
   defining Unicode char U+0175 (decimal 373)
   defining Unicode char U+0176 (decimal 374)
   defining Unicode char U+0177 (decimal 375)
   defining Unicode char U+0218 (decimal 536)
   defining Unicode char U+0219 (decimal 537)
   defining Unicode char U+021A (decimal 538)
   defining Unicode char U+021B (decimal 539)
   defining Unicode char U+2013 (decimal 8211)
   defining Unicode char U+2014 (decimal 8212)
   defining Unicode char U+2018 (decimal 8216)
   defining Unicode char U+2019 (decimal 8217)
   defining Unicode char U+201C (decimal 8220)
   defining Unicode char U+201D (decimal 8221)
)
Now handling font encoding OMS ...
... processing UTF-8 mapping file for font encoding OMS

(c:/texlive/2016/texmf-dist/tex/latex/base/omsenc.dfu
File: omsenc.dfu 2016/02/28 v1.1s UTF-8 support for inputenc
   defining Unicode char U+00A7 (decimal 167)
   defining Unicode char U+00B6 (decimal 182)
   defining Unicode char U+00B7 (decimal 183)
   defining Unicode char U+2020 (decimal 8224)
   defining Unicode char U+2021 (decimal 8225)
   defining Unicode char U+2022 (decimal 8226)
)
Now handling font encoding OMX ...
... no UTF-8 mapping file for font encoding OMX
Now handling font encoding U ...
... no UTF-8 mapping file for font encoding U
Now handling font encoding PD1 ...
... no UTF-8 mapping file for font encoding PD1
Now handling font encoding TS1 ...
... processing UTF-8 mapping file for font encoding TS1

(c:/texlive/2016/texmf-dist/tex/latex/base/ts1enc.dfu
File: ts1enc.dfu 2016/02/28 v1.1s UTF-8 support for inputenc
   defining Unicode char U+00A2 (decimal 162)
   defining Unicode char U+00A3 (decimal 163)
   defining Unicode char U+00A4 (decimal 164)
   defining Unicode char U+00A5 (decimal 165)
   defining Unicode char U+00A6 (decimal 166)
   defining Unicode char U+00A7 (decimal 167)
   defining Unicode char U+00A8 (decimal 168)
   defining Unicode char U+00A9 (decimal 169)
   defining Unicode char U+00AA (decimal 170)
   defining Unicode char U+00AC (decimal 172)
   defining Unicode char U+00AE (decimal 174)
   defining Unicode char U+00AF (decimal 175)
   defining Unicode char U+00B0 (decimal 176)
   defining Unicode char U+00B1 (decimal 177)
   defining Unicode char U+00B2 (decimal 178)
   defining Unicode char U+00B3 (decimal 179)
   defining Unicode char U+00B4 (decimal 180)
   defining Unicode char U+00B5 (decimal 181)
   defining Unicode char U+00B6 (decimal 182)
   defining Unicode char U+00B7 (decimal 183)
   defining Unicode char U+00B9 (decimal 185)
   defining Unicode char U+00BA (decimal 186)
   defining Unicode char U+00BC (decimal 188)
   defining Unicode char U+00BD (decimal 189)
   defining Unicode char U+00BE (decimal 190)
   defining Unicode char U+00D7 (decimal 215)
   defining Unicode char U+00F7 (decimal 247)
   defining Unicode char U+0192 (decimal 402)
   defining Unicode char U+02C7 (decimal 711)
   defining Unicode char U+02D8 (decimal 728)
   defining Unicode char U+02DD (decimal 733)
   defining Unicode char U+0E3F (decimal 3647)
   defining Unicode char U+2016 (decimal 8214)
   defining Unicode char U+2020 (decimal 8224)
   defining Unicode char U+2021 (decimal 8225)
   defining Unicode char U+2022 (decimal 8226)
   defining Unicode char U+2030 (decimal 8240)
   defining Unicode char U+2031 (decimal 8241)
   defining Unicode char U+203B (decimal 8251)
   defining Unicode char U+203D (decimal 8253)
   defining Unicode char U+2044 (decimal 8260)
   defining Unicode char U+204E (decimal 8270)
   defining Unicode char U+2052 (decimal 8274)
   defining Unicode char U+20A1 (decimal 8353)
   defining Unicode char U+20A4 (decimal 8356)
   defining Unicode char U+20A6 (decimal 8358)
   defining Unicode char U+20A9 (decimal 8361)
   defining Unicode char U+20AB (decimal 8363)
   defining Unicode char U+20AC (decimal 8364)
   defining Unicode char U+20B1 (decimal 8369)
   defining Unicode char U+2103 (decimal 8451)
   defining Unicode char U+2116 (decimal 8470)
   defining Unicode char U+2117 (decimal 8471)
   defining Unicode char U+211E (decimal 8478)
   defining Unicode char U+2120 (decimal 8480)
   defining Unicode char U+2122 (decimal 8482)
   defining Unicode char U+2126 (decimal 8486)
   defining Unicode char U+2127 (decimal 8487)
   defining Unicode char U+212E (decimal 8494)
   defining Unicode char U+2190 (decimal 8592)
   defining Unicode char U+2191 (decimal 8593)
   defining Unicode char U+2192 (decimal 8594)
   defining Unicode char U+2193 (decimal 8595)
   defining Unicode char U+2329 (decimal 9001)
   defining Unicode char U+232A (decimal 9002)
   defining Unicode char U+2422 (decimal 9250)
   defining Unicode char U+25E6 (decimal 9702)
   defining Unicode char U+25EF (decimal 9711)
   defining Unicode char U+266A (decimal 9834)
)
   defining Unicode char U+00A9 (decimal 169)
   defining Unicode char U+00AA (decimal 170)
   defining Unicode char U+00AE (decimal 174)
   defining Unicode char U+00BA (decimal 186)
   defining Unicode char U+02C6 (decimal 710)
   defining Unicode char U+02DC (decimal 732)
   defining Unicode char U+200C (decimal 8204)
   defining Unicode char U+2026 (decimal 8230)
   defining Unicode char U+2122 (decimal 8482)
   defining Unicode char U+2423 (decimal 9251)
))
(c:/texlive/2016/texmf-dist/tex/latex/caption/caption.sty
Package: caption 2016/02/21 v3.3-144 Customizing captions (AR)

(c:/texlive/2016/texmf-dist/tex/latex/caption/caption3.sty
Package: caption3 2016/05/22 v1.7-166 caption3 kernel (AR)
Package caption3 Info: TeX engine: e-TeX on input line 67.
\captionmargin=\dimen161
\captionmargin@=\dimen162
\captionwidth=\dimen163
\caption@tempdima=\dimen164
\caption@indent=\dimen165
\caption@parindent=\dimen166
\caption@hangindent=\dimen167
)
\c@ContinuedFloat=\count146
Package caption Info: float package is loaded.
Package caption Info: hyperref package is loaded.
Package caption Info: listings package is loaded.
Package caption Info: wrapfig package is loaded.
) (./D2.3.aux

LaTeX Warning: Label `modelling' multiply defined.


LaTeX Warning: Label `Table1' multiply defined.


LaTeX Warning: Label `table:nars' multiply defined.


LaTeX Warning: Label `fig:setup' multiply defined.

)
\openout1 = `D2.3.aux'.

LaTeX Font Info:    Checking defaults for OML/cmm/m/it on input line 145.
LaTeX Font Info:    ... okay on input line 145.
LaTeX Font Info:    Checking defaults for T1/cmr/m/n on input line 145.
LaTeX Font Info:    ... okay on input line 145.
LaTeX Font Info:    Checking defaults for OT1/cmr/m/n on input line 145.
LaTeX Font Info:    ... okay on input line 145.
LaTeX Font Info:    Checking defaults for OMS/cmsy/m/n on input line 145.
LaTeX Font Info:    ... okay on input line 145.
LaTeX Font Info:    Checking defaults for OMX/cmex/m/n on input line 145.
LaTeX Font Info:    ... okay on input line 145.
LaTeX Font Info:    Checking defaults for U/cmr/m/n on input line 145.
LaTeX Font Info:    ... okay on input line 145.
LaTeX Font Info:    Checking defaults for PD1/pdf/m/n on input line 145.
LaTeX Font Info:    ... okay on input line 145.
LaTeX Font Info:    Checking defaults for TS1/cmr/m/n on input line 145.
LaTeX Font Info:    ... okay on input line 145.
LaTeX Font Info:    Try loading font information for OT1+phv on input line 145.

 (c:/texlive/2016/texmf-dist/tex/latex/psnfss/ot1phv.fd
File: ot1phv.fd 2001/06/04 scalable font definitions for OT1/phv.
)
Package lastpage Info: Please have a look at the pageslts package at
(lastpage)             https://www.ctan.org/pkg/pageslts
(lastpage)             ! on input line 145.

(c:/texlive/2016/texmf-dist/tex/context/base/mkii/supp-pdf.mkii
[Loading MPS to PDF converter (version 2006.09.02).]
\scratchcounter=\count147
\scratchdimen=\dimen168
\scratchbox=\box70
\nofMPsegments=\count148
\nofMParguments=\count149
\everyMPshowfont=\toks35
\MPscratchCnt=\count150
\MPscratchDim=\dimen169
\MPnumerator=\count151
\makeMPintoPDFobject=\count152
\everyMPtoPDFconversion=\toks36
) (c:/texlive/2016/texmf-dist/tex/latex/oberdiek/epstopdf-base.sty
Package: epstopdf-base 2016/05/15 v2.6 Base part for package epstopdf

(c:/texlive/2016/texmf-dist/tex/latex/oberdiek/grfext.sty
Package: grfext 2016/05/16 v1.2 Manage graphics extensions (HO)
)
Package epstopdf-base Info: Redefining graphics rule for `.eps' on input line 4
38.
Package grfext Info: Graphics extension search list:
(grfext)             [.png,.pdf,.jpg,.mps,.jpeg,.jbig2,.jb2,.PNG,.PDF,.JPG,.JPE
G,.JBIG2,.JB2,.eps]
(grfext)             \AppendGraphicsExtensions on input line 456.

(c:/texlive/2016/texmf-dist/tex/latex/latexconfig/epstopdf-sys.cfg
File: epstopdf-sys.cfg 2010/07/13 v1.3 Configuration of (r)epstopdf for TeX Liv
e
))
\c@lstlisting=\count153
\AtBeginShipoutBox=\box71

(c:/texlive/2016/texmf-dist/tex/latex/oberdiek/pdflscape.sty
Package: pdflscape 2016/05/14 v0.11 Display of landscape pages in PDF (HO)

(c:/texlive/2016/texmf-dist/tex/latex/graphics/lscape.sty
Package: lscape 2000/10/22 v3.01 Landscape Pages (DPC)
)
Package pdflscape Info: Auto-detected driver: pdftex on input line 81.
)
Package hyperref Info: Link coloring ON on input line 145.

(c:/texlive/2016/texmf-dist/tex/latex/hyperref/nameref.sty
Package: nameref 2016/05/21 v2.44 Cross-referencing by name of section

(c:/texlive/2016/texmf-dist/tex/generic/oberdiek/gettitlestring.sty
Package: gettitlestring 2016/05/16 v1.5 Cleanup title references (HO)
)
\c@section@level=\count154
)
LaTeX Info: Redefining \ref on input line 145.
LaTeX Info: Redefining \pageref on input line 145.
LaTeX Info: Redefining \nameref on input line 145.

(./D2.3.out) (./D2.3.out)
\@outlinefile=\write4
\openout4 = `D2.3.out'.

Package caption Info: Begin \AtBeginDocument code.
Package caption Info: End \AtBeginDocument code.

<images/seventh.png, id=257, 148.555pt x 125.46875pt>
File: images/seventh.png Graphic file (type png)
 <use images/seventh.png>
Package pdftex.def Info: images/seventh.png used on input line 147.
(pdftex.def)             Requested size: 148.55463pt x 125.46843pt.

<images/codycoLogo.png, id=259, 310.15875pt x 104.39pt>
File: images/codycoLogo.png Graphic file (type png)

<use images/codycoLogo.png>
Package pdftex.def Info: images/codycoLogo.png used on input line 147.
(pdftex.def)             Requested size: 310.15799pt x 104.38972pt.
LaTeX Font Info:    Font shape `OT1/phv/bx/n' in size <20.74> not available
(Font)              Font shape `OT1/phv/b/n' tried instead on input line 147.
LaTeX Font Info:    Try loading font information for OT1+ztmcm on input line 14
7.

(c:/texlive/2016/texmf-dist/tex/latex/psnfss/ot1ztmcm.fd
File: ot1ztmcm.fd 2000/01/03 Fontinst v1.801 font definitions for OT1/ztmcm.
)
LaTeX Font Info:    Try loading font information for OML+ztmcm on input line 14
7.

(c:/texlive/2016/texmf-dist/tex/latex/psnfss/omlztmcm.fd
File: omlztmcm.fd 2000/01/03 Fontinst v1.801 font definitions for OML/ztmcm.
)
LaTeX Font Info:    Try loading font information for OMS+ztmcm on input line 14
7.

(c:/texlive/2016/texmf-dist/tex/latex/psnfss/omsztmcm.fd
File: omsztmcm.fd 2000/01/03 Fontinst v1.801 font definitions for OMS/ztmcm.
)
LaTeX Font Info:    Try loading font information for OMX+ztmcm on input line 14
7.

(c:/texlive/2016/texmf-dist/tex/latex/psnfss/omxztmcm.fd
File: omxztmcm.fd 2000/01/03 Fontinst v1.801 font definitions for OMX/ztmcm.
)
LaTeX Font Info:    Try loading font information for OT1+ptm on input line 147.


(c:/texlive/2016/texmf-dist/tex/latex/psnfss/ot1ptm.fd
File: ot1ptm.fd 2001/06/04 font definitions for OT1/ptm.
)
LaTeX Font Info:    Font shape `OT1/ptm/bx/n' in size <12> not available
(Font)              Font shape `OT1/ptm/b/n' tried instead on input line 147.
LaTeX Font Info:    Font shape `OT1/ptm/bx/n' in size <9> not available
(Font)              Font shape `OT1/ptm/b/n' tried instead on input line 147.
LaTeX Font Info:    Font shape `OT1/ptm/bx/n' in size <7> not available
(Font)              Font shape `OT1/ptm/b/n' tried instead on input line 147.
LaTeX Font Info:    Font shape `OT1/phv/m/it' in size <14.4> not available
(Font)              Font shape `OT1/phv/m/sl' tried instead on input line 147.
LaTeX Font Info:    Font shape `OT1/phv/bx/n' in size <14.4> not available
(Font)              Font shape `OT1/phv/b/n' tried instead on input line 147.

Overfull \hbox (25.39873pt too wide) in paragraph at lines 147--147
 [][] 
 []

LaTeX Font Info:    Font shape `OT1/phv/bx/n' in size <17.28> not available
(Font)              Font shape `OT1/phv/b/n' tried instead on input line 147.
LaTeX Font Info:    Font shape `OT1/phv/bx/n' in size <12> not available
(Font)              Font shape `OT1/phv/b/n' tried instead on input line 147.

Underfull \hbox (badness 1112) in paragraph at lines 147--147
[]$[]$ \OT1/phv/m/n/12 De-part-ment for Au-toma-tion, Bio-cy-ber-net-ics
 []


Underfull \hbox (badness 6110) in paragraph at lines 147--147
[]\OT1/phv/b/n/12 Workpackage re-spon-si-
 []


Underfull \hbox (badness 1242) in paragraph at lines 147--147
[]\OT1/phv/m/n/12 Serena Ivaldi (IN-RIA), Chie Taka-hashi (UB),
 []


Underfull \vbox (badness 10000) has occurred while \output is active []

 [0
Non-PDF special ignored!

{c:/texlive/2016/texmf-var/fonts/map/pdftex/updmap/pdftex.map} <./images/sevent
h.png> <./images/codycoLogo.png>]
Underfull \hbox (badness 1275) in paragraph at lines 147--147
\OT1/phv/m/n/12 the re-sults on de-vel-op-ing mod-els of hu-man
 []


Underfull \hbox (badness 1057) in paragraph at lines 147--147
[]\OT1/phv/m/n/12 contacts, model learn-ing, prob-a-bilis-tic move-
 []

[1] [2

] (./D2.3.toc [3

])
\tf@toc=\write5
\openout5 = `D2.3.toc'.

 [4] [5] [6] (./Chie/ChieD2.3.tex [7]
<Chie/figs/Figure1.png, id=391, 1053.9375pt x 678.535pt>
File: Chie/figs/Figure1.png Graphic file (type png)

<use Chie/figs/Figure1.png>
Package pdftex.def Info: Chie/figs/Figure1.png used on input line 22.
(pdftex.def)             Requested size: 318.66946pt x 205.16687pt.
LaTeX Font Info:    Font shape `OT1/phv/m/it' in size <12> not available
(Font)              Font shape `OT1/phv/m/sl' tried instead on input line 28.
 [8]
<Chie/figs/Figure2.png, id=399, 1471.4975pt x 550.055pt>
File: Chie/figs/Figure2.png Graphic file (type png)

<use Chie/figs/Figure2.png>
Package pdftex.def Info: Chie/figs/Figure2.png used on input line 34.
(pdftex.def)             Requested size: 318.66946pt x 119.11562pt.
 [9 <./Chie/figs/Figure1.png>] [10 <./Chie/figs/Figure2.png>]
Underfull \vbox (badness 7151) has occurred while \output is active []

 [11]
<Chie/figs/Figure3.png, id=427, 548.0475pt x 526.3665pt>
File: Chie/figs/Figure3.png Graphic file (type png)

<use Chie/figs/Figure3.png>
Package pdftex.def Info: Chie/figs/Figure3.png used on input line 85.
(pdftex.def)             Requested size: 318.66946pt x 306.06383pt.

Underfull \vbox (badness 10000) has occurred while \output is active []

 [12 <./Chie/figs/Figure3.png>] <Chie/figs/Figure4.png, id=435, 372.79276pt x 2
56.5585pt>
File: Chie/figs/Figure4.png Graphic file (type png)

<use Chie/figs/Figure4.png>
Package pdftex.def Info: Chie/figs/Figure4.png used on input line 104.
(pdftex.def)             Requested size: 318.66946pt x 219.31282pt.

<Chie/figs/Table1.png, id=436, 1621.05624pt x 314.17375pt>
File: Chie/figs/Table1.png Graphic file (type png)

<use Chie/figs/Table1.png>
Package pdftex.def Info: Chie/figs/Table1.png used on input line 111.
(pdftex.def)             Requested size: 318.66946pt x 61.7598pt.
 [13 <./Chie/figs/Figure4.png> <./Chie/figs/Table1.png>] <Chie/figs/Figure5.png
, id=451, 369.7815pt x 426.99525pt>
File: Chie/figs/Figure5.png Graphic file (type png)

<use Chie/figs/Figure5.png>
Package pdftex.def Info: Chie/figs/Figure5.png used on input line 149.
(pdftex.def)             Requested size: 318.66946pt x 368.00365pt.
 [14] [15 <./Chie/figs/Figure5.png>]
<Chie/figs/Figure6.png, id=466, 1438.37375pt x 748.7975pt>
File: Chie/figs/Figure6.png Graphic file (type png)

<use Chie/figs/Figure6.png>
Package pdftex.def Info: Chie/figs/Figure6.png used on input line 173.
(pdftex.def)             Requested size: 432.48048pt x 225.1437pt.
 [16 <./Chie/figs/Figure6.png>]
<Chie/figs/Figure7.png, id=475, 841.9455pt x 455.301pt>
File: Chie/figs/Figure7.png Graphic file (type png)

<use Chie/figs/Figure7.png>
Package pdftex.def Info: Chie/figs/Figure7.png used on input line 195.
(pdftex.def)             Requested size: 318.66946pt x 172.32838pt.
 [17]
<Chie/figs/Figure8.png, id=481, 1397.22pt x 587.19376pt>
File: Chie/figs/Figure8.png Graphic file (type png)

<use Chie/figs/Figure8.png>
Package pdftex.def Info: Chie/figs/Figure8.png used on input line 204.
(pdftex.def)             Requested size: 318.66946pt x 133.92278pt.
 [18 <./Chie/figs/Figure7.png> <./Chie/figs/Figure8.png>] <Chie/figs/Figure9.pn
g, id=491, 1475.5125pt x 569.12625pt>
File: Chie/figs/Figure9.png Graphic file (type png)

<use Chie/figs/Figure9.png>
Package pdftex.def Info: Chie/figs/Figure9.png used on input line 218.
(pdftex.def)             Requested size: 318.66946pt x 122.91554pt.

<Chie/figs/Figure10.png, id=492, 355.92975pt x 313.17pt>
File: Chie/figs/Figure10.png Graphic file (type png)

<use Chie/figs/Figure10.png>
Package pdftex.def Info: Chie/figs/Figure10.png used on input line 232.
(pdftex.def)             Requested size: 318.66946pt x 280.40247pt.
 [19 <./Chie/figs/Figure9.png>]
<Chie/figs/Figure11.png, id=501, 871.255pt x 590.205pt>
File: Chie/figs/Figure11.png Graphic file (type png)

<use Chie/figs/Figure11.png>
Package pdftex.def Info: Chie/figs/Figure11.png used on input line 258.
(pdftex.def)             Requested size: 318.66946pt x 215.86882pt.
 [20 <./Chie/figs/Figure10.png>] [21 <./Chie/figs/Figure11.png>] <Chie/figs/Fig
ure12.png, id=517, 276.5532pt x 127.4361pt>
File: Chie/figs/Figure12.png Graphic file (type png)

<use Chie/figs/Figure12.png>
Package pdftex.def Info: Chie/figs/Figure12.png used on input line 285.
(pdftex.def)             Requested size: 318.66946pt x 146.8537pt.

<Chie/figs/Figure13.png, id=518, 254.3904pt x 127.4361pt>
File: Chie/figs/Figure13.png Graphic file (type png)

<use Chie/figs/Figure13.png>
Package pdftex.def Info: Chie/figs/Figure13.png used on input line 293.
(pdftex.def)             Requested size: 318.66946pt x 159.64473pt.
 [22 <./Chie/figs/Figure12.png>]
<Chie/figs/Figure14.png, id=528, 275.5896pt x 132.7359pt>
File: Chie/figs/Figure14.png Graphic file (type png)

<use Chie/figs/Figure14.png>
Package pdftex.def Info: Chie/figs/Figure14.png used on input line 311.
(pdftex.def)             Requested size: 318.66946pt x 153.49777pt.
 [23 <./Chie/figs/Figure13.png> <./Chie/figs/Figure14.png>] <Chie/figs/Table3.p
ng, id=539, 1305.87875pt x 754.82pt>
File: Chie/figs/Table3.png Graphic file (type png)

<use Chie/figs/Table3.png>
Package pdftex.def Info: Chie/figs/Table3.png used on input line 333.
(pdftex.def)             Requested size: 318.66946pt x 184.18964pt.

<Chie/figs/Figure15.png, id=540, 711.25725pt x 228.25275pt>
File: Chie/figs/Figure15.png Graphic file (type png)

<use Chie/figs/Figure15.png>
Package pdftex.def Info: Chie/figs/Figure15.png used on input line 343.
(pdftex.def)             Requested size: 318.66946pt x 102.26349pt.
) [24 <./Chie/figs/Table3.png>] [25 <./Chie/figs/Figure15.png>] (./Serena/IJSR_
edhhi.tex
<Serena/figures/conceptual6.pdf, id=560, 1019.07213pt x 343.961pt>
File: Serena/figures/conceptual6.pdf Graphic file (type pdf)

<use Serena/figures/conceptual6.pdf>
Package pdftex.def Info: Serena/figures/conceptual6.pdf used on input line 40.
(pdftex.def)             Requested size: 364.19664pt x 122.92313pt.
 [26

 <./Serena/figures/conceptual6.pdf>]
LaTeX Font Info:    Font shape `OT1/ptm/bx/n' in size <10> not available
(Font)              Font shape `OT1/ptm/b/n' tried instead on input line 63.
LaTeX Font Info:    Font shape `OT1/ptm/bx/n' in size <7.4> not available
(Font)              Font shape `OT1/ptm/b/n' tried instead on input line 63.
LaTeX Font Info:    Font shape `OT1/ptm/bx/n' in size <6> not available
(Font)              Font shape `OT1/ptm/b/n' tried instead on input line 63.
LaTeX Font Info:    Try loading font information for OMS+phv on input line 69.

(c:/texlive/2016/texmf-dist/tex/latex/psnfss/omsphv.fd
File: omsphv.fd 
)
LaTeX Font Info:    Font shape `OMS/phv/m/n' in size <12> not available
(Font)              Font shape `OMS/cmsy/m/n' tried instead on input line 69.
 [27]
Underfull \hbox (badness 10000) in paragraph at lines 126--126
[]
 []


Underfull \hbox (badness 10000) in paragraph at lines 126--126

 []


Underfull \hbox (badness 10000) in paragraph at lines 126--126
[]
 []


Underfull \hbox (badness 10000) in paragraph at lines 126--126

 []


Underfull \hbox (badness 10000) in paragraph at lines 126--126
[]
 []


Underfull \hbox (badness 10000) in paragraph at lines 126--126

 []


Underfull \hbox (badness 10000) in paragraph at lines 126--126
[]\OT1/phv/m/n/12 Le Maitre and
 []


Underfull \hbox (badness 10000) in paragraph at lines 126--126
[]
 []


Underfull \hbox (badness 10000) in paragraph at lines 126--126

 []


Underfull \hbox (badness 10000) in paragraph at lines 126--126
[]
 []


Underfull \hbox (badness 10000) in paragraph at lines 126--126

 []


Underfull \hbox (badness 10000) in paragraph at lines 126--126
[]
 []


Underfull \hbox (badness 10000) in paragraph at lines 126--126

 []


Underfull \hbox (badness 10000) in paragraph at lines 126--126
[]
 []


Underfull \hbox (badness 10000) in paragraph at lines 126--126

 []


Underfull \hbox (badness 10000) in paragraph at lines 126--126
[]
 []


Underfull \hbox (badness 10000) in paragraph at lines 126--126

 []

[28] [29] [30] [31]
LaTeX Font Info:    Try loading font information for OT1+pcr on input line 232.

 (c:/texlive/2016/texmf-dist/tex/latex/psnfss/ot1pcr.fd
File: ot1pcr.fd 2001/06/04 font definitions for OT1/pcr.
)
Underfull \vbox (badness 10000) has occurred while \output is active []

 [32]
[33] [34]
LaTeX Font Info:    Font shape `OT1/phv/m/it' in size <10> not available
(Font)              Font shape `OT1/phv/m/sl' tried instead on input line 299.
 [35]
<Serena/figures/expe-setting.pdf, id=863, 595.90128pt x 347.24475pt>
File: Serena/figures/expe-setting.pdf Graphic file (type pdf)

<use Serena/figures/expe-setting.pdf>
Package pdftex.def Info: Serena/figures/expe-setting.pdf used on input line 347
.
(pdftex.def)             Requested size: 318.66946pt x 185.70258pt.
 [36]
<Serena/figures/tubes.jpg, id=880, 825.0825pt x 753.81625pt>
File: Serena/figures/tubes.jpg Graphic file (type jpg)

<use Serena/figures/tubes.jpg>
Package pdftex.def Info: Serena/figures/tubes.jpg used on input line 368.
(pdftex.def)             Requested size: 182.09485pt x 166.35768pt.
 [37 <./Serena/figures/expe-setting.pdf>]
[38 <./Serena/figures/tubes.jpg>]
Underfull \hbox (badness 10000) in paragraph at lines 416--416
[][][]\OT1/phv/m/n/10 It is a dis-sem-i-na-tion video from IIT show-ing the iCu
b, avail-able on Youtube:
 []

[39]
<Serena/figures/contacts_guidance.png, id=983, 1020.81375pt x 498.86375pt>
File: Serena/figures/contacts_guidance.png Graphic file (type png)

<use Serena/figures/contacts_guidance.png>
Package pdftex.def Info: Serena/figures/contacts_guidance.png used on input lin
e 454.
(pdftex.def)             Requested size: 318.66946pt x 155.73468pt.

<Serena/figures/construction_phases_bar.jpg, id=984, 1018.46498pt x 680.0607pt>
File: Serena/figures/construction_phases_bar.jpg Graphic file (type jpg)
<use Serena/figures/construction_phases_bar.jpg>
Package pdftex.def Info: Serena/figures/construction_phases_bar.jpg used on inp
ut line 463.
(pdftex.def)             Requested size: 318.66946pt x 212.78824pt.

<Serena/figures/manipulation_screenshots/people_gazing/gaze1.png, id=985, 250.9
375pt x 401.5pt>
File: Serena/figures/manipulation_screenshots/people_gazing/gaze1.png Graphic f
ile (type png)

<use Serena/figures/manipulation_screenshots/people_gazing/gaze1.png>
Package pdftex.def Info: Serena/figures/manipulation_screenshots/people_gazing/
gaze1.png used on input line 473.
(pdftex.def)             Requested size: 91.04742pt x 145.67938pt.

<Serena/figures/manipulation_screenshots/people_gazing/gaze2.png, id=986, 250.9
375pt x 401.5pt>
File: Serena/figures/manipulation_screenshots/people_gazing/gaze2.png Graphic f
ile (type png)

<use Serena/figures/manipulation_screenshots/people_gazing/gaze2.png>
Package pdftex.def Info: Serena/figures/manipulation_screenshots/people_gazing/
gaze2.png used on input line 474.
(pdftex.def)             Requested size: 91.04742pt x 145.67938pt.

<Serena/figures/manipulation_screenshots/people_gazing/gaze3.png, id=987, 250.9
375pt x 401.5pt>
File: Serena/figures/manipulation_screenshots/people_gazing/gaze3.png Graphic f
ile (type png)

<use Serena/figures/manipulation_screenshots/people_gazing/gaze3.png>
Package pdftex.def Info: Serena/figures/manipulation_screenshots/people_gazing/
gaze3.png used on input line 475.
(pdftex.def)             Requested size: 91.04742pt x 145.67938pt.

<Serena/figures/manipulation_screenshots/people_gazing/gaze5.png, id=988, 250.9
375pt x 401.5pt>
File: Serena/figures/manipulation_screenshots/people_gazing/gaze5.png Graphic f
ile (type png)

<use Serena/figures/manipulation_screenshots/people_gazing/gaze5.png>
Package pdftex.def Info: Serena/figures/manipulation_screenshots/people_gazing/
gaze5.png used on input line 476.
(pdftex.def)             Requested size: 91.04742pt x 145.67938pt.

<Serena/figures/manipulation_screenshots/people_contact/contact_guy_1.png, id=9
89, 250.9375pt x 401.5pt>
File: Serena/figures/manipulation_screenshots/people_contact/contact_guy_1.png 
Graphic file (type png)

<use Serena/figures/manipulation_screenshots/people_contact/contact_guy_1.png>
Package pdftex.def Info: Serena/figures/manipulation_screenshots/people_contact
/contact_guy_1.png used on input line 486.
(pdftex.def)             Requested size: 104.7042pt x 167.5261pt.

<Serena/figures/manipulation_screenshots/people_contact/contact_guy_2.png, id=9
90, 250.9375pt x 401.5pt>
File: Serena/figures/manipulation_screenshots/people_contact/contact_guy_2.png 
Graphic file (type png)

<use Serena/figures/manipulation_screenshots/people_contact/contact_guy_2.png>
Package pdftex.def Info: Serena/figures/manipulation_screenshots/people_contact
/contact_guy_2.png used on input line 487.
(pdftex.def)             Requested size: 104.7042pt x 167.5261pt.

<Serena/figures/manipulation_screenshots/people_contact/contact_guy_3.png, id=9
91, 250.9375pt x 401.5pt>
File: Serena/figures/manipulation_screenshots/people_contact/contact_guy_3.png 
Graphic file (type png)

<use Serena/figures/manipulation_screenshots/people_contact/contact_guy_3.png>
Package pdftex.def Info: Serena/figures/manipulation_screenshots/people_contact
/contact_guy_3.png used on input line 488.
(pdftex.def)             Requested size: 104.7042pt x 167.5261pt.

<Serena/figures/manipulation_screenshots/people_contact/contact_vecchia_1.png, 
id=992, 250.9375pt x 401.5pt>
File: Serena/figures/manipulation_screenshots/people_contact/contact_vecchia_1.
png Graphic file (type png)

<use Serena/figures/manipulation_screenshots/people_contact/contact_vecchia_1.p
ng>
Package pdftex.def Info: Serena/figures/manipulation_screenshots/people_contact
/contact_vecchia_1.png used on input line 490.
(pdftex.def)             Requested size: 104.7042pt x 167.5261pt.

<Serena/figures/manipulation_screenshots/people_contact/contact_vecchia_2.png, 
id=993, 250.9375pt x 401.5pt>
File: Serena/figures/manipulation_screenshots/people_contact/contact_vecchia_2.
png Graphic file (type png)

<use Serena/figures/manipulation_screenshots/people_contact/contact_vecchia_2.p
ng>
Package pdftex.def Info: Serena/figures/manipulation_screenshots/people_contact
/contact_vecchia_2.png used on input line 491.
(pdftex.def)             Requested size: 104.7042pt x 167.5261pt.

<Serena/figures/manipulation_screenshots/people_contact/contact_vecchia_3.png, 
id=994, 250.9375pt x 401.5pt>
File: Serena/figures/manipulation_screenshots/people_contact/contact_vecchia_3.
png Graphic file (type png)

<use Serena/figures/manipulation_screenshots/people_contact/contact_vecchia_3.p
ng>
Package pdftex.def Info: Serena/figures/manipulation_screenshots/people_contact
/contact_vecchia_3.png used on input line 492.
(pdftex.def)             Requested size: 104.7042pt x 167.5261pt.

<Serena/figures/manipulation_screenshots/people_show_result_after/finished1.png
, id=995, 250.9375pt x 401.5pt>
File: Serena/figures/manipulation_screenshots/people_show_result_after/finished
1.png Graphic file (type png)

<use Serena/figures/manipulation_screenshots/people_show_result_after/finished1
.png>
Package pdftex.def Info: Serena/figures/manipulation_screenshots/people_show_re
sult_after/finished1.png used on input line 502.
(pdftex.def)             Requested size: 91.04742pt x 145.67938pt.

<Serena/figures/manipulation_screenshots/people_show_result_after/finished2.png
, id=996, 250.9375pt x 401.5pt>
File: Serena/figures/manipulation_screenshots/people_show_result_after/finished
2.png Graphic file (type png)

<use Serena/figures/manipulation_screenshots/people_show_result_after/finished2
.png>
Package pdftex.def Info: Serena/figures/manipulation_screenshots/people_show_re
sult_after/finished2.png used on input line 503.
(pdftex.def)             Requested size: 91.04742pt x 145.67938pt.

<Serena/figures/manipulation_screenshots/people_show_result_after/finished3.png
, id=997, 250.9375pt x 401.5pt>
File: Serena/figures/manipulation_screenshots/people_show_result_after/finished
3.png Graphic file (type png)

<use Serena/figures/manipulation_screenshots/people_show_result_after/finished3
.png>
Package pdftex.def Info: Serena/figures/manipulation_screenshots/people_show_re
sult_after/finished3.png used on input line 504.
(pdftex.def)             Requested size: 91.04742pt x 145.67938pt.

<Serena/figures/manipulation_screenshots/people_show_result_after/finished4.png
, id=998, 250.9375pt x 401.5pt>
File: Serena/figures/manipulation_screenshots/people_show_result_after/finished
4.png Graphic file (type png)

<use Serena/figures/manipulation_screenshots/people_show_result_after/finished4
.png>
Package pdftex.def Info: Serena/figures/manipulation_screenshots/people_show_re
sult_after/finished4.png used on input line 505.
(pdftex.def)             Requested size: 91.04742pt x 145.67938pt.

Underfull \hbox (badness 1688) in paragraph at lines 550--550
\OT1/phv/m/n/12 tion (score mean
 []

[40 <./Serena/figures/contacts_guidance.png>] [41]
Underfull \vbox (badness 2409) has occurred while \output is active []

 [42 <./Serena/figures/construction_phases_bar.jpg> <./Serena/figures/manipulat
ion_screenshots/people_gazing/gaze1.png> <./Serena/figures/manipulation_screens
hots/people_gazing/gaze2.png> <./Serena/figures/manipulation_screenshots/people
_gazing/gaze3.png> <./Serena/figures/manipulation_screenshots/people_gazing/gaz
e5.png>]
Underfull \vbox (badness 1142) has occurred while \output is active []

 [43 <./Serena/figures/manipulation_screenshots/people_contact/contact_guy_1.pn
g> <./Serena/figures/manipulation_screenshots/people_contact/contact_guy_2.png>
 <./Serena/figures/manipulation_screenshots/people_contact/contact_guy_3.png> <
./Serena/figures/manipulation_screenshots/people_contact/contact_vecchia_1.png>
 <./Serena/figures/manipulation_screenshots/people_contact/contact_vecchia_2.pn
g> <./Serena/figures/manipulation_screenshots/people_contact/contact_vecchia_3.
png>]
Underfull \hbox (badness 3068) in paragraph at lines 592--593
\OT1/phv/m/n/12 The par-tic-i-pants' av-er-age ex-tro-ver-sion score was 111.77
 ($\OML/ztmcm/m/it/12 ^^[$\OT1/phv/m/n/12 =22.86; min=61,
 []


Underfull \hbox (badness 5607) in paragraph at lines 611--613
[]$\OML/ztmcm/m/it/12 r[]$\OT1/phv/m/n/12 = -0.13 ; p=0.927
 []


Underfull \hbox (badness 4084) in paragraph at lines 613--614
[]$\OML/ztmcm/m/it/12 r[]$\OT1/phv/m/n/12 = 0.098 ; p=0.471
 []


Underfull \hbox (badness 4084) in paragraph at lines 615--617
[]$\OML/ztmcm/m/it/12 r[]$\OT1/phv/m/n/12 = 0.058 ; p=0.671
 []


Underfull \hbox (badness 4084) in paragraph at lines 617--618
[]$\OML/ztmcm/m/it/12 r[]$\OT1/phv/m/n/12 = 0.215 ; p=0.875
 []


Underfull \hbox (badness 3271) in paragraph at lines 619--621
[]$[]$\OT1/phv/b/n/12 = 0.318 ; p=0.017
 []


Underfull \hbox (badness 3271) in paragraph at lines 621--622
[]$[]$\OT1/phv/b/n/12 = 0.321 ; p=0.016
 []

[44 <./Serena/figures/manipulation_screenshots/people_show_result_after/finishe
d1.png> <./Serena/figures/manipulation_screenshots/people_show_result_after/fin
ished2.png> <./Serena/figures/manipulation_screenshots/people_show_result_after
/finished3.png> <./Serena/figures/manipulation_screenshots/people_show_result_a
fter/finished4.png>]
<Serena/figures/plots_extraversion_utterance_3.pdf, id=1063, 813.56088pt x 1027
.16971pt>
File: Serena/figures/plots_extraversion_utterance_3.pdf Graphic file (type pdf)

 <use Serena/figures/plots_extraversion_utterance_3.pdf>
Package pdftex.def Info: Serena/figures/plots_extraversion_utterance_3.pdf used
 on input line 630.
(pdftex.def)             Requested size: 227.62204pt x 287.38612pt.
 [45 <./Serena/figures/plots_extraversion_utterance_3.pdf>]
Underfull \hbox (badness 10000) in paragraph at lines 695--695
[]$\OML/ztmcm/m/it/12 r[]$\OT1/phv/m/n/12 =-0.160;
 []


Underfull \hbox (badness 10000) in paragraph at lines 695--695
[]$\OML/ztmcm/m/it/12 r[]$\OT1/phv/m/n/12 =-0.215;
 []


Underfull \hbox (badness 10000) in paragraph at lines 695--695
[]$\OML/ztmcm/m/it/12 r[]$\OT1/phv/m/n/12 =0.009;
 []


Underfull \hbox (badness 10000) in paragraph at lines 695--695
[]$[]$\OT1/phv/b/n/12 =-0.311;
 []


Underfull \hbox (badness 10000) in paragraph at lines 695--695
\OT1/phv/b/n/12 p=0.020
 []


Underfull \hbox (badness 10000) in paragraph at lines 695--695
[]$[]$\OT1/phv/b/n/12 =-0.334;
 []


Underfull \hbox (badness 10000) in paragraph at lines 695--695
\OT1/phv/b/n/12 p=0.012
 []


Underfull \hbox (badness 10000) in paragraph at lines 695--695
[]$\OML/ztmcm/m/it/12 r[]$\OT1/phv/m/n/12 =-0.120;
 []


Underfull \hbox (badness 7888) in paragraph at lines 695--695
[]\OT1/phv/m/n/12 Gaze to-wards hands fre-
 []


Underfull \hbox (badness 10000) in paragraph at lines 695--695
[]$\OML/ztmcm/m/it/12 r[]$\OT1/phv/m/n/12 =-0.073;
 []


Underfull \hbox (badness 10000) in paragraph at lines 695--695
[]$\OML/ztmcm/m/it/12 r[]$\OT1/phv/m/n/12 =-0.138;
 []


Underfull \hbox (badness 10000) in paragraph at lines 695--695
[]$\OML/ztmcm/m/it/12 r[]$\OT1/phv/m/n/12 =-0.043;
 []


Underfull \hbox (badness 10000) in paragraph at lines 695--695
[]$[]$\OT1/phv/b/n/12 =0.381;
 []


Underfull \hbox (badness 10000) in paragraph at lines 695--695
\OT1/phv/b/n/12 p=0.004
 []


Underfull \hbox (badness 10000) in paragraph at lines 695--695
[]$[]$\OT1/phv/b/n/12 =0.334;
 []


Underfull \hbox (badness 10000) in paragraph at lines 695--695
\OT1/phv/b/n/12 p=0.012
 []


Underfull \hbox (badness 10000) in paragraph at lines 695--695
[]$\OML/ztmcm/m/it/12 r[]$\OT1/phv/m/n/12 =0.094;
 []


Underfull \hbox (badness 10000) in paragraph at lines 695--695
[]$\OML/ztmcm/m/it/12 r[]$\OT1/phv/m/n/12 =0.018;
 []


Underfull \hbox (badness 10000) in paragraph at lines 695--695
[]$\OML/ztmcm/m/it/12 r[]$\OT1/phv/m/n/12 =-0.093;
 []


Underfull \hbox (badness 10000) in paragraph at lines 695--695
[]$[]$\OT1/phv/b/n/12 =-0.323;
 []


Underfull \hbox (badness 10000) in paragraph at lines 695--695
\OT1/phv/b/n/12 p=0.015
 []


Underfull \hbox (badness 10000) in paragraph at lines 695--695
[]$\OML/ztmcm/m/it/12 r[]$\OT1/phv/m/n/12 =0.172;
 []


Underfull \hbox (badness 10000) in paragraph at lines 695--695
[]$\OML/ztmcm/m/it/12 r[]$\OT1/phv/m/n/12 =0.058;
 []


Underfull \hbox (badness 10000) in paragraph at lines 695--695
[]$\OML/ztmcm/m/it/12 r[]$\OT1/phv/m/n/12 =-0.249;
 []

<Serena/figures/plots_nars_gaze_3.pdf, id=1158, 839.10823pt x 1106.66219pt>
File: Serena/figures/plots_nars_gaze_3.pdf Graphic file (type pdf)

<use Serena/figures/plots_nars_gaze_3.pdf>
Package pdftex.def Info: Serena/figures/plots_nars_gaze_3.pdf used on input lin
e 705.
(pdftex.def)             Requested size: 227.62204pt x 300.20435pt.
 [46] [47] [48 <./Serena/figures/plots_nars_gaze_3.pdf>] [49] [50]
Underfull \vbox (badness 1755) has occurred while \output is active []

 [51]
[52] [53] [54]
Underfull \hbox (badness 4726) in paragraph at lines 936--936
[]\OT1/phv/m/n/12 Je me sen-ti-rais mal []a l'aise si
 []


Underfull \hbox (badness 2608) in paragraph at lines 936--936
\OT1/phv/m/n/12 les robots avaient r[]eellement des
 []


Underfull \hbox (badness 3954) in paragraph at lines 936--936
[]\OT1/phv/m/n/12 I would feel re-laxed talk-ing with
 []


Underfull \hbox (badness 10000) in paragraph at lines 911--938
[]\OT1/phv/b/n/12 Negative At-ti-tude To-wards Robots Ques-tion-naire (NARS)
 []


Underfull \hbox (badness 1867) in paragraph at lines 976--976
[]\OT1/phv/m/n/12 The robot an-swers to ques-tions too
 []


Underfull \hbox (badness 1859) in paragraph at lines 976--976
\OT1/phv/m/n/12 robot pour con-stru-ire quelque chose
 []


Underfull \hbox (badness 1859) in paragraph at lines 976--976
\OT1/phv/m/n/12 robot pour con-stru-ire quelque chose
 []


Underfull \hbox (badness 10000) in paragraph at lines 950--977
[]\OT1/phv/b/n/12 Post-experimental ques-tion-naire for eval-u-a-tion of the hu
man-
 []


Underfull \hbox (badness 10000) in paragraph at lines 950--977
\OT1/phv/b/n/12 humanoid col-lab-o-ra-tive tasks with phys-i-cal in-ter-ac-tion

 []


Underfull \hbox (badness 10000) in paragraph at lines 985--985
[][][]\OT1/phv/m/n/10 See down-load in-struc-tions at [][]$\OT1/pcr/m/n/10 http
 : / / eris . liralab . it / wiki / UPMC _ iCub _ project /
 []


Underfull \hbox (badness 10000) in paragraph at lines 988--988
[][][][][]$\OT1/pcr/m/n/10 https : / / github . com / robotology / icub-[]basic
-[]demos / tree / master /
 []

[55] [56] [57]
<Serena/figures/gui_actions.jpg, id=1375, 985.6825pt x 670.505pt>
File: Serena/figures/gui_actions.jpg Graphic file (type jpg)

<use Serena/figures/gui_actions.jpg>
Package pdftex.def Info: Serena/figures/gui_actions.jpg used on input line 994.

(pdftex.def)             Requested size: 292.78922pt x 199.16928pt.

<Serena/figures/gui_demoforcecontrol.jpg, id=1376, 280.04625pt x 191.71625pt>
File: Serena/figures/gui_demoforcecontrol.jpg Graphic file (type jpg)

<use Serena/figures/gui_demoforcecontrol.jpg>
Package pdftex.def Info: Serena/figures/gui_demoforcecontrol.jpg used on input 
line 995.
(pdftex.def)             Requested size: 103.90605pt x 71.13188pt.

<Serena/figures/gui_speech.jpg, id=1379, 768.8725pt x 649.42625pt>
File: Serena/figures/gui_speech.jpg Graphic file (type jpg)

<use Serena/figures/gui_speech.jpg>
Package pdftex.def Info: Serena/figures/gui_speech.jpg used on input line 1003.

(pdftex.def)             Requested size: 202.10776pt x 170.71652pt.

<Serena/figures/gui_faceexpressions.jpg, id=1380, 325.215pt x 666.49pt>
File: Serena/figures/gui_faceexpressions.jpg Graphic file (type jpg)

<use Serena/figures/gui_faceexpressions.jpg>
Package pdftex.def Info: Serena/figures/gui_faceexpressions.jpg used on input l
ine 1004.
(pdftex.def)             Requested size: 83.29842pt x 170.71652pt.
) [58 <./Serena/figures/gui_actions.jpg> <./Serena/figures/gui_demoforcecontrol
.jpg>] [59 <./Serena/figures/gui_speech.jpg> <./Serena/figures/gui_faceexpressi
ons.jpg>] (./Luka/IROS2016.tex
[60

] [61]
Package epstopdf Info: Source file: <Luka/scheme.eps>
(epstopdf)                    date: 2017-02-09 11:33:38
(epstopdf)                    size: 84549 bytes
(epstopdf)             Output file: <Luka/scheme-eps-converted-to.pdf>
(epstopdf)                    date: 2017-02-09 11:34:16
(epstopdf)                    size: 51957 bytes
(epstopdf)             Command: <epstopdf --outfile=Luka/scheme-eps-converted-t
o.pdf Luka/scheme.eps>
(epstopdf)             \includegraphics on input line 36.
Package epstopdf Info: Output file is already uptodate.
 <Luka/scheme-eps-converted-to.pdf, id=1482, 809.0225pt x 337.26pt>
File: Luka/scheme-eps-converted-to.pdf Graphic file (type pdf)

<use Luka/scheme-eps-converted-to.pdf>
Package pdftex.def Info: Luka/scheme-eps-converted-to.pdf used on input line 36
.
(pdftex.def)             Requested size: 318.66946pt x 132.84314pt.
 [62] [63 <./Luka/scheme-eps-converted-to.pdf>] [64] [65] <Luka/setup.jpg, id=1
551, 401.5pt x 189.1065pt>
File: Luka/setup.jpg Graphic file (type jpg)

<use Luka/setup.jpg>
Package pdftex.def Info: Luka/setup.jpg used on input line 114.
(pdftex.def)             Requested size: 273.14922pt x 128.66284pt.
Package epstopdf Info: Source file: <Luka/env.eps>
(epstopdf)                    date: 2017-02-09 11:33:38
(epstopdf)                    size: 119669 bytes
(epstopdf)             Output file: <Luka/env-eps-converted-to.pdf>
(epstopdf)                    date: 2017-02-09 11:34:17
(epstopdf)                    size: 34027 bytes
(epstopdf)             Command: <epstopdf --outfile=Luka/env-eps-converted-to.p
df Luka/env.eps>
(epstopdf)             \includegraphics on input line 121.
Package epstopdf Info: Output file is already uptodate.

<Luka/env-eps-converted-to.pdf, id=1552, 519.9425pt x 442.65375pt>
File: Luka/env-eps-converted-to.pdf Graphic file (type pdf)

<use Luka/env-eps-converted-to.pdf>
Package pdftex.def Info: Luka/env-eps-converted-to.pdf used on input line 121.
(pdftex.def)             Requested size: 182.09485pt x 155.02568pt.
 [66 <./Luka/setup.jpg>]
Package epstopdf Info: Source file: <Luka/results1.eps>
(epstopdf)                    date: 2017-02-09 11:33:38
(epstopdf)                    size: 948183 bytes
(epstopdf)             Output file: <Luka/results1-eps-converted-to.pdf>
(epstopdf)                    date: 2017-02-09 11:34:19
(epstopdf)                    size: 287735 bytes
(epstopdf)             Command: <epstopdf --outfile=Luka/results1-eps-converted
-to.pdf Luka/results1.eps>
(epstopdf)             \includegraphics on input line 137.
Package epstopdf Info: Output file is already uptodate.

<Luka/results1-eps-converted-to.pdf, id=1561, 928.46875pt x 643.40375pt>
File: Luka/results1-eps-converted-to.pdf Graphic file (type pdf)

<use Luka/results1-eps-converted-to.pdf>
Package pdftex.def Info: Luka/results1-eps-converted-to.pdf used on input line 
137.
(pdftex.def)             Requested size: 386.96024pt x 268.15623pt.
 [67 <./Luka/env-eps-converted-to.pdf>]
Package epstopdf Info: Source file: <Luka/results2.eps>
(epstopdf)                    date: 2017-02-09 11:33:38
(epstopdf)                    size: 243664 bytes
(epstopdf)             Output file: <Luka/results2-eps-converted-to.pdf>
(epstopdf)                    date: 2017-02-09 11:34:21
(epstopdf)                    size: 131302 bytes
(epstopdf)             Command: <epstopdf --outfile=Luka/results2-eps-converted
-to.pdf Luka/results2.eps>
(epstopdf)             \includegraphics on input line 148.
Package epstopdf Info: Output file is already uptodate.
<Luka/results2-eps-converted-to.pdf, id=1573, 983.675pt x 376.40625pt>
File: Luka/results2-eps-converted-to.pdf Graphic file (type pdf)

<use Luka/results2-eps-converted-to.pdf>
Package pdftex.def Info: Luka/results2-eps-converted-to.pdf used on input line 
148.
(pdftex.def)             Requested size: 386.96024pt x 148.07289pt.
 [68 <./Luka/results1-eps-converted-to.pdf>] [69 <./Luka/results2-eps-converted
-to.pdf>] [70]) [71]
(./Zrinka/platform.tex <"Zrinka/methods".png, id=1627, 561.09625pt x 369.38pt>
File: "Zrinka/methods".png Graphic file (type png)

<use "Zrinka/methods".png>
Package pdftex.def Info: "Zrinka/methods".png used on input line 11.
(pdftex.def)             Requested size: 273.14922pt x 179.81416pt.
 [72

 <./Zrinka/methods.png>]
<"Zrinka/step error-all steps".png, id=1641, 343.0416pt x 390.4989pt>
File: "Zrinka/step error-all steps".png Graphic file (type png)

<use "Zrinka/step error-all steps".png>
Package pdftex.def Info: "Zrinka/step error-all steps".png used on input line 2
2.
(pdftex.def)             Requested size: 273.14922pt x 310.94566pt.

<"Zrinka/step onset time-all steps".png, id=1642, 343.0416pt x 394.5942pt>
File: "Zrinka/step onset time-all steps".png Graphic file (type png)

<use "Zrinka/step onset time-all steps".png>
Package pdftex.def Info: "Zrinka/step onset time-all steps".png used on input l
ine 29.
(pdftex.def)             Requested size: 273.14922pt x 314.20663pt.

<"Zrinka/step exec time-all steps".png, id=1643, 343.0416pt x 395.076pt>
File: "Zrinka/step exec time-all steps".png Graphic file (type png)

<use "Zrinka/step exec time-all steps".png>
Package pdftex.def Info: "Zrinka/step exec time-all steps".png used on input li
ne 36.
(pdftex.def)             Requested size: 273.14922pt x 314.5903pt.
) [73 <./Zrinka/step error-all steps.png (PNG copy)>] [74 <./Zrinka/step onset 
time-all steps.png (PNG copy)>]
[75 <./Zrinka/step exec time-all steps.png (PNG copy)>] (./D2.3.bbl
Underfull \hbox (badness 1675) in paragraph at lines 11--14
[]\OT1/phv/m/n/12 Salvatore M. An-za-lone, Sofi-ane Boucenna, Ser-ena Ivaldi, a
nd Mo-hamed
 []

[76

] [77] [78] [79] [80]
Underfull \hbox (badness 1331) in paragraph at lines 462--467
[]\OT1/phv/m/n/12 Stephen N Robi-novitch, Fabio Feld-man, Yi-jian Yang, Re-becc
a Schonnop,
 []

[81] [82]) 
AED: lastpage setting LastPage
[83]
Package atveryend Info: Empty hook `BeforeClearDocument' on input line 224.
Package atveryend Info: Empty hook `AfterLastShipout' on input line 224.
 (./D2.3.aux)
Package atveryend Info: Executing hook `AtVeryEndDocument' on input line 224.
Package atveryend Info: Executing hook `AtEndAfterFileList' on input line 224.
Package rerunfilecheck Info: File `D2.3.out' has not changed.
(rerunfilecheck)             Checksum: FC7C8EBC29787BAC67710559DA5B1284;5142.


LaTeX Warning: There were multiply-defined labels.

Package atveryend Info: Empty hook `AtVeryVeryEnd' on input line 224.
 )
(\end occurred inside a group at level 1)

### simple group (level 1) entered at line 1061 ({)
### bottom level 
Here is how much of TeX's memory you used:
 13924 strings out of 493013
 212214 string characters out of 6136994
 356279 words of memory out of 5000000
 16771 multiletter control sequences out of 15000+600000
 58665 words of font info for 119 fonts, out of 8000000 for 9000
 1141 hyphenation exceptions out of 8191
 41i,15n,45p,1542b,3799s stack positions out of 5000i,500n,10000p,200000b,80000s
{c:/texlive/2016/texmf-dist/fonts/enc/dvips/base/8r.enc}<c:/tex
live/2016/texmf-dist/fonts/type1/public/amsfonts/cm/cmex10.pfb><c:/texlive/2016
/texmf-dist/fonts/type1/public/amsfonts/cm/cmmi10.pfb><c:/texlive/2016/texmf-di
st/fonts/type1/public/amsfonts/cm/cmr10.pfb><c:/texlive/2016/texmf-dist/fonts/t
ype1/public/amsfonts/cm/cmsy10.pfb><c:/texlive/2016/texmf-dist/fonts/type1/urw/
courier/ucrr8a.pfb><c:/texlive/2016/texmf-dist/fonts/type1/urw/helvetic/uhvb8a.
pfb><c:/texlive/2016/texmf-dist/fonts/type1/urw/helvetic/uhvr8a.pfb><c:/texlive
/2016/texmf-dist/fonts/type1/urw/helvetic/uhvro8a.pfb><c:/texlive/2016/texmf-di
st/fonts/type1/urw/symbol/usyr.pfb><c:/texlive/2016/texmf-dist/fonts/type1/urw/
symbol/usyr.pfb><c:/texlive/2016/texmf-dist/fonts/type1/urw/times/utmb8a.pfb><c
:/texlive/2016/texmf-dist/fonts/type1/urw/times/utmr8a.pfb><c:/texlive/2016/tex
mf-dist/fonts/type1/urw/times/utmri8a.pfb>
Output written on D2.3.pdf (84 pages, 28924447 bytes).
PDF statistics:
 1825 PDF objects out of 2073 (max. 8388607)
 1481 compressed objects within 15 object streams
 348 named destinations out of 1000 (max. 500000)
 770 words of extra memory for PDF output out of 10000 (max. 10000000)

