This is pdfTeX, Version 3.14159265-2.6-1.40.15 (TeX Live 2014) (preloaded format=pdflatex 2014.11.24)  1 APR 2017 17:34
entering extended mode
 restricted \write18 enabled.
 %&-line parsing enabled.
**\nonstopmode\input fourthYearReport.tex
(./fourthYearReport.tex
(/usr/local/texlive/2014/texmf-dist/tex/latex/base/article.cls
Document Class: article 2007/10/19 v1.4h Standard LaTeX document class
(/usr/local/texlive/2014/texmf-dist/tex/latex/base/size12.clo
File: size12.clo 2007/10/19 v1.4h Standard LaTeX file (size option)
)
\c@part=\count79
\c@section=\count80
\c@subsection=\count81
\c@subsubsection=\count82
\c@paragraph=\count83
\c@subparagraph=\count84
\c@figure=\count85
\c@table=\count86
\abovecaptionskip=\skip41
\belowcaptionskip=\skip42
\bibindent=\dimen102
) (./report.sty
Package: report 2013/03/04 1.1 LaTeX2e package

Package: `report.sty' (Style file for official report documents) 1.1 <2013/03/0
4> 
(/usr/local/texlive/2014/texmf-dist/tex/latex/fancyhdr/fancyhdr.sty
\fancy@headwidth=\skip43
\f@ncyO@elh=\skip44
\f@ncyO@erh=\skip45
\f@ncyO@olh=\skip46
\f@ncyO@orh=\skip47
\f@ncyO@elf=\skip48
\f@ncyO@erf=\skip49
\f@ncyO@olf=\skip50
\f@ncyO@orf=\skip51
)
(/usr/local/texlive/2014/texmf-dist/tex/latex/lastpage/lastpage.sty
Package: lastpage 2013/01/28 v1.2l Refers to last page's name (HMM; JPG)
))
(/usr/local/texlive/2014/texmf-dist/tex/latex/tools/xspace.sty
Package: xspace 2009/10/20 v1.13 Space after command names (DPC,MH)
)
(/usr/local/texlive/2014/texmf-dist/tex/latex/tools/verbatim.sty
Package: verbatim 2003/08/22 v1.5q LaTeX2e package for verbatim enhancements
\every@verbatim=\toks14
\verbatim@line=\toks15
\verbatim@in@stream=\read1
)
(/usr/local/texlive/2014/texmf-dist/tex/latex/graphics/color.sty
Package: color 2014/04/23 v1.1a Standard LaTeX Color (DPC)

(/usr/local/texlive/2014/texmf-dist/tex/latex/latexconfig/color.cfg
File: color.cfg 2007/01/18 v1.5 color configuration of teTeX/TeXLive
)
Package color Info: Driver file: pdftex.def on input line 137.

(/usr/local/texlive/2014/texmf-dist/tex/latex/pdftex-def/pdftex.def
File: pdftex.def 2011/05/27 v0.06d Graphics/color for pdfTeX

(/usr/local/texlive/2014/texmf-dist/tex/generic/oberdiek/infwarerr.sty
Package: infwarerr 2010/04/08 v1.3 Providing info/warning/error messages (HO)
)
(/usr/local/texlive/2014/texmf-dist/tex/generic/oberdiek/ltxcmds.sty
Package: ltxcmds 2011/11/09 v1.22 LaTeX kernel commands for general use (HO)
)
\Gread@gobject=\count87
))
(/usr/local/texlive/2014/texmf-dist/tex/latex/xcolor/xcolor.sty
Package: xcolor 2007/01/21 v2.11 LaTeX color extensions (UK)

(/usr/local/texlive/2014/texmf-dist/tex/latex/latexconfig/color.cfg
File: color.cfg 2007/01/18 v1.5 color configuration of teTeX/TeXLive
)
Package xcolor Info: Package option `usenames' ignored on input line 216.
Package xcolor Info: Driver file: pdftex.def on input line 225.

(/usr/local/texlive/2014/texmf-dist/tex/latex/colortbl/colortbl.sty
Package: colortbl 2012/02/13 v1.0a Color table columns (DPC)

(/usr/local/texlive/2014/texmf-dist/tex/latex/tools/array.sty
Package: array 2008/09/09 v2.4c Tabular extension package (FMi)
\col@sep=\dimen103
\extrarowheight=\dimen104
\NC@list=\toks16
\extratabsurround=\skip52
\backup@length=\skip53
)
\everycr=\toks17
\minrowclearance=\skip54
)
LaTeX Info: Redefining \color on input line 702.
\rownum=\count88
Package xcolor Info: Model `cmy' substituted by `cmy0' on input line 1337.
Package xcolor Info: Model `hsb' substituted by `rgb' on input line 1341.
Package xcolor Info: Model `RGB' extended on input line 1353.
Package xcolor Info: Model `HTML' substituted by `rgb' on input line 1355.
Package xcolor Info: Model `Hsb' substituted by `hsb' on input line 1356.
Package xcolor Info: Model `tHsb' substituted by `hsb' on input line 1357.
Package xcolor Info: Model `HSB' substituted by `hsb' on input line 1358.
Package xcolor Info: Model `Gray' substituted by `gray' on input line 1359.
Package xcolor Info: Model `wave' substituted by `hsb' on input line 1360.

(/usr/local/texlive/2014/texmf-dist/tex/latex/graphics/dvipsnam.def
File: dvipsnam.def 2014/04/23 v3.0j Driver-dependant file (DPC,SPQR)
))
(/usr/local/texlive/2014/texmf-dist/tex/latex/graphics/graphicx.sty
Package: graphicx 2014/04/25 v1.0g Enhanced LaTeX Graphics (DPC,SPQR)

(/usr/local/texlive/2014/texmf-dist/tex/latex/graphics/keyval.sty
Package: keyval 2014/05/08 v1.15 key=value parser (DPC)
\KV@toks@=\toks18
)
(/usr/local/texlive/2014/texmf-dist/tex/latex/graphics/graphics.sty
Package: graphics 2009/02/05 v1.0o Standard LaTeX Graphics (DPC,SPQR)

(/usr/local/texlive/2014/texmf-dist/tex/latex/graphics/trig.sty
Package: trig 1999/03/16 v1.09 sin cos tan (DPC)
)
(/usr/local/texlive/2014/texmf-dist/tex/latex/latexconfig/graphics.cfg
File: graphics.cfg 2010/04/23 v1.9 graphics configuration of TeX Live
)
Package graphics Info: Driver file: pdftex.def on input line 91.
)
\Gin@req@height=\dimen105
\Gin@req@width=\dimen106
)
(/usr/local/texlive/2014/texmf-dist/tex/latex/url/url.sty
\Urlmuskip=\muskip10
Package: url 2013/09/16  ver 3.4  Verb mode for urls, etc.
)
(/usr/local/texlive/2014/texmf-dist/tex/latex/tools/longtable.sty
Package: longtable 2004/02/01 v4.11 Multi-page Table package (DPC)
\LTleft=\skip55
\LTright=\skip56
\LTpre=\skip57
\LTpost=\skip58
\LTchunksize=\count89
\LTcapwidth=\dimen107
\LT@head=\box26
\LT@firsthead=\box27
\LT@foot=\box28
\LT@lastfoot=\box29
\LT@cols=\count90
\LT@rows=\count91
\c@LT@tables=\count92
\c@LT@chunks=\count93
\LT@p@ftn=\toks19
)
(/usr/local/texlive/2014/texmf-dist/tex/latex/amsmath/amsmath.sty
Package: amsmath 2013/01/14 v2.14 AMS math features
\@mathmargin=\skip59

For additional information on amsmath, use the `?' option.
(/usr/local/texlive/2014/texmf-dist/tex/latex/amsmath/amstext.sty
Package: amstext 2000/06/29 v2.01

(/usr/local/texlive/2014/texmf-dist/tex/latex/amsmath/amsgen.sty
File: amsgen.sty 1999/11/30 v2.0
\@emptytoks=\toks20
\ex@=\dimen108
))
(/usr/local/texlive/2014/texmf-dist/tex/latex/amsmath/amsbsy.sty
Package: amsbsy 1999/11/29 v1.2d
\pmbraise@=\dimen109
)
(/usr/local/texlive/2014/texmf-dist/tex/latex/amsmath/amsopn.sty
Package: amsopn 1999/12/14 v2.01 operator names
)
\inf@bad=\count94
LaTeX Info: Redefining \frac on input line 210.
\uproot@=\count95
\leftroot@=\count96
LaTeX Info: Redefining \overline on input line 306.
\classnum@=\count97
\DOTSCASE@=\count98
LaTeX Info: Redefining \ldots on input line 378.
LaTeX Info: Redefining \dots on input line 381.
LaTeX Info: Redefining \cdots on input line 466.
\Mathstrutbox@=\box30
\strutbox@=\box31
\big@size=\dimen110
LaTeX Font Info:    Redeclaring font encoding OML on input line 566.
LaTeX Font Info:    Redeclaring font encoding OMS on input line 567.
\macc@depth=\count99
\c@MaxMatrixCols=\count100
\dotsspace@=\muskip11
\c@parentequation=\count101
\dspbrk@lvl=\count102
\tag@help=\toks21
\row@=\count103
\column@=\count104
\maxfields@=\count105
\andhelp@=\toks22
\eqnshift@=\dimen111
\alignsep@=\dimen112
\tagshift@=\dimen113
\tagwidth@=\dimen114
\totwidth@=\dimen115
\lineht@=\dimen116
\@envbody=\toks23
\multlinegap=\skip60
\multlinetaggap=\skip61
\mathdisplay@stack=\toks24
LaTeX Info: Redefining \[ on input line 2665.
LaTeX Info: Redefining \] on input line 2666.
)
(/usr/local/texlive/2014/texmf-dist/tex/latex/tools/bm.sty
Package: bm 2004/02/26 v1.1c Bold Symbol Support (DPC/FMi)
\symboldoperators=\mathgroup4
\symboldletters=\mathgroup5
\symboldsymbols=\mathgroup6
LaTeX Font Info:    Redeclaring math alphabet \mathbf on input line 137.
LaTeX Info: Redefining \bm on input line 203.
)
(/usr/local/texlive/2014/texmf-dist/tex/latex/titlesec/titlesec.sty
Package: titlesec 2011/12/15 v2.10.0 Sectioning titles
\ttl@box=\box32
\beforetitleunit=\skip62
\aftertitleunit=\skip63
\ttl@plus=\dimen117
\ttl@minus=\dimen118
\ttl@toksa=\toks25
\titlewidth=\dimen119
\titlewidthlast=\dimen120
\titlewidthfirst=\dimen121
)
(/usr/local/texlive/2014/texmf-dist/tex/latex/pdfpages/pdfpages.sty
Package: pdfpages 2013/08/25 v0.4v Insert pages of external PDF documents (AM)

(/usr/local/texlive/2014/texmf-dist/tex/latex/base/ifthen.sty
Package: ifthen 2001/05/26 v1.1c Standard LaTeX ifthen package (DPC)
)
(/usr/local/texlive/2014/texmf-dist/tex/latex/tools/calc.sty
Package: calc 2007/08/22 v4.3 Infix arithmetic (KKT,FJ)
\calc@Acount=\count106
\calc@Bcount=\count107
\calc@Adimen=\dimen122
\calc@Bdimen=\dimen123
\calc@Askip=\skip64
\calc@Bskip=\skip65
LaTeX Info: Redefining \setlength on input line 75.
LaTeX Info: Redefining \addtolength on input line 76.
\calc@Ccount=\count108
\calc@Cskip=\skip66
)
(/usr/local/texlive/2014/texmf-dist/tex/latex/eso-pic/eso-pic.sty
Package: eso-pic 2013/10/06 v2.0d eso-pic (RN)

(/usr/local/texlive/2014/texmf-dist/tex/generic/oberdiek/atbegshi.sty
Package: atbegshi 2011/10/05 v1.16 At begin shipout hook (HO)

(/usr/local/texlive/2014/texmf-dist/tex/generic/oberdiek/ifpdf.sty
Package: ifpdf 2011/01/30 v2.3 Provides the ifpdf switch (HO)
Package ifpdf Info: pdfTeX in PDF mode is detected.
)))
(/usr/local/texlive/2014/texmf-dist/tex/latex/pdfpages/pppdftex.def
File: pppdftex.def 2013/08/25 v0.4v Pdfpages driver for pdfTeX (AM)
)
\AM@pagebox=\box33
\AM@toc@title=\toks26
\c@AM@survey=\count109
\AM@templatesizebox=\box34
)
(/usr/local/texlive/2014/texmf-dist/tex/latex/caption/caption.sty
Package: caption 2013/05/02 v3.3-89 Customizing captions (AR)

(/usr/local/texlive/2014/texmf-dist/tex/latex/caption/caption3.sty
Package: caption3 2013/05/02 v1.6-88 caption3 kernel (AR)
Package caption3 Info: TeX engine: e-TeX on input line 57.
\captionmargin=\dimen124
\captionmargin@=\dimen125
\captionwidth=\dimen126
\caption@tempdima=\dimen127
\caption@indent=\dimen128
\caption@parindent=\dimen129
\caption@hangindent=\dimen130
)
\c@ContinuedFloat=\count110
Package caption Info: longtable package is loaded.

(/usr/local/texlive/2014/texmf-dist/tex/latex/caption/ltcaption.sty
Package: ltcaption 2013/02/03 v1.3-62 longtable captions (AR)
))
(/usr/local/texlive/2014/texmf-dist/tex/latex/caption/subcaption.sty
Package: subcaption 2013/02/03 v1.1-62 Sub-captions (AR)
\c@subfigure=\count111
\c@subtable=\count112
)
(/usr/local/texlive/2014/texmf-dist/tex/latex/multirow/multirow.sty
\bigstrutjot=\dimen131
)
(/usr/local/texlive/2014/texmf-dist/tex/latex/appendix/appendix.sty
Package: appendix 2009/09/02 v1.2b extra appendix facilities
\c@@pps=\count113
\c@@ppsavesec=\count114
\c@@ppsaveapp=\count115
)
(/usr/local/texlive/2014/texmf-dist/tex/latex/hyperref/hyperref.sty
Package: hyperref 2012/11/06 v6.83m Hypertext links for LaTeX

(/usr/local/texlive/2014/texmf-dist/tex/generic/oberdiek/hobsub-hyperref.sty
Package: hobsub-hyperref 2012/05/28 v1.13 Bundle oberdiek, subset hyperref (HO)


(/usr/local/texlive/2014/texmf-dist/tex/generic/oberdiek/hobsub-generic.sty
Package: hobsub-generic 2012/05/28 v1.13 Bundle oberdiek, subset generic (HO)
Package: hobsub 2012/05/28 v1.13 Construct package bundles (HO)
Package hobsub Info: Skipping package `infwarerr' (already loaded).
Package hobsub Info: Skipping package `ltxcmds' (already loaded).
Package: ifluatex 2010/03/01 v1.3 Provides the ifluatex switch (HO)
Package ifluatex Info: LuaTeX not detected.
Package: ifvtex 2010/03/01 v1.5 Detect VTeX and its facilities (HO)
Package ifvtex Info: VTeX not detected.
Package: intcalc 2007/09/27 v1.1 Expandable calculations with integers (HO)
Package hobsub Info: Skipping package `ifpdf' (already loaded).
Package: etexcmds 2011/02/16 v1.5 Avoid name clashes with e-TeX commands (HO)
Package etexcmds Info: Could not find \expanded.
(etexcmds)             That can mean that you are not using pdfTeX 1.50 or
(etexcmds)             that some package has redefined \expanded.
(etexcmds)             In the latter case, load this package earlier.
Package: kvsetkeys 2012/04/25 v1.16 Key value parser (HO)
Package: kvdefinekeys 2011/04/07 v1.3 Define keys (HO)
Package: pdftexcmds 2011/11/29 v0.20 Utility functions of pdfTeX for LuaTeX (HO
)
Package pdftexcmds Info: LuaTeX not detected.
Package pdftexcmds Info: \pdf@primitive is available.
Package pdftexcmds Info: \pdf@ifprimitive is available.
Package pdftexcmds Info: \pdfdraftmode found.
Package: pdfescape 2011/11/25 v1.13 Implements pdfTeX's escape features (HO)
Package: bigintcalc 2012/04/08 v1.3 Expandable calculations on big integers (HO
)
Package: bitset 2011/01/30 v1.1 Handle bit-vector datatype (HO)
Package: uniquecounter 2011/01/30 v1.2 Provide unlimited unique counter (HO)
)
Package hobsub Info: Skipping package `hobsub' (already loaded).
Package: letltxmacro 2010/09/02 v1.4 Let assignment for LaTeX macros (HO)
Package: hopatch 2012/05/28 v1.2 Wrapper for package hooks (HO)
Package: xcolor-patch 2011/01/30 xcolor patch
Package: atveryend 2011/06/30 v1.8 Hooks at the very end of document (HO)
Package atveryend Info: \enddocument detected (standard20110627).
Package hobsub Info: Skipping package `atbegshi' (already loaded).
Package: refcount 2011/10/16 v3.4 Data extraction from label references (HO)
Package: hycolor 2011/01/30 v1.7 Color options for hyperref/bookmark (HO)
)
(/usr/local/texlive/2014/texmf-dist/tex/generic/ifxetex/ifxetex.sty
Package: ifxetex 2010/09/12 v0.6 Provides ifxetex conditional
)
(/usr/local/texlive/2014/texmf-dist/tex/latex/oberdiek/auxhook.sty
Package: auxhook 2011/03/04 v1.3 Hooks for auxiliary files (HO)
)
(/usr/local/texlive/2014/texmf-dist/tex/latex/oberdiek/kvoptions.sty
Package: kvoptions 2011/06/30 v3.11 Key value format for package options (HO)
)
\@linkdim=\dimen132
\Hy@linkcounter=\count116
\Hy@pagecounter=\count117

(/usr/local/texlive/2014/texmf-dist/tex/latex/hyperref/pd1enc.def
File: pd1enc.def 2012/11/06 v6.83m Hyperref: PDFDocEncoding definition (HO)
)
\Hy@SavedSpaceFactor=\count118

(/usr/local/texlive/2014/texmf-dist/tex/latex/latexconfig/hyperref.cfg
File: hyperref.cfg 2002/06/06 v1.2 hyperref configuration of TeXLive
)
Package hyperref Info: Hyper figures OFF on input line 4443.
Package hyperref Info: Link nesting OFF on input line 4448.
Package hyperref Info: Hyper index ON on input line 4451.
Package hyperref Info: Plain pages OFF on input line 4458.
Package hyperref Info: Backreferencing OFF on input line 4463.
Package hyperref Info: Implicit mode ON; LaTeX internals redefined.
Package hyperref Info: Bookmarks ON on input line 4688.
\c@Hy@tempcnt=\count119
LaTeX Info: Redefining \url on input line 5041.
\XeTeXLinkMargin=\dimen133
\Fld@menulength=\count120
\Field@Width=\dimen134
\Fld@charsize=\dimen135
Package hyperref Info: Hyper figures OFF on input line 6295.
Package hyperref Info: Link nesting OFF on input line 6300.
Package hyperref Info: Hyper index ON on input line 6303.
Package hyperref Info: backreferencing OFF on input line 6310.
Package hyperref Info: Link coloring OFF on input line 6315.
Package hyperref Info: Link coloring with OCG OFF on input line 6320.
Package hyperref Info: PDF/A mode OFF on input line 6325.
LaTeX Info: Redefining \ref on input line 6365.
LaTeX Info: Redefining \pageref on input line 6369.
\Hy@abspage=\count121
\c@Item=\count122
\c@Hfootnote=\count123
)

Package hyperref Message: Driver (autodetected): hpdftex.

(/usr/local/texlive/2014/texmf-dist/tex/latex/hyperref/hpdftex.def
File: hpdftex.def 2012/11/06 v6.83m Hyperref driver for pdfTeX
\Fld@listcount=\count124
\c@bookmark@seq@number=\count125

(/usr/local/texlive/2014/texmf-dist/tex/latex/oberdiek/rerunfilecheck.sty
Package: rerunfilecheck 2011/04/15 v1.7 Rerun checks for auxiliary files (HO)
Package uniquecounter Info: New unique counter `rerunfilecheck' on input line 2
82.
)
\Hy@SectionHShift=\skip67
)

Package hyperref Warning: Option `bookmarks' has already been used,
(hyperref)                setting the option has no effect on input line 108.

Package hyperref Info: Option `unicode' set `false' on input line 108.
Package hyperref Info: Option `pdftoolbar' set `true' on input line 108.
Package hyperref Info: Option `pdfmenubar' set `true' on input line 108.
Package hyperref Info: Option `pdffitwindow' set `false' on input line 108.
Package hyperref Info: Option `pdfnewwindow' set `true' on input line 108.
Package hyperref Info: Option `colorlinks' set `true' on input line 108.
(./fourthYearReport.aux)
\openout1 = `fourthYearReport.aux'.

LaTeX Font Info:    Checking defaults for OML/cmm/m/it on input line 122.
LaTeX Font Info:    ... okay on input line 122.
LaTeX Font Info:    Checking defaults for T1/cmr/m/n on input line 122.
LaTeX Font Info:    ... okay on input line 122.
LaTeX Font Info:    Checking defaults for OT1/cmr/m/n on input line 122.
LaTeX Font Info:    ... okay on input line 122.
LaTeX Font Info:    Checking defaults for OMS/cmsy/m/n on input line 122.
LaTeX Font Info:    ... okay on input line 122.
LaTeX Font Info:    Checking defaults for OMX/cmex/m/n on input line 122.
LaTeX Font Info:    ... okay on input line 122.
LaTeX Font Info:    Checking defaults for U/cmr/m/n on input line 122.
LaTeX Font Info:    ... okay on input line 122.
LaTeX Font Info:    Checking defaults for PD1/pdf/m/n on input line 122.
LaTeX Font Info:    ... okay on input line 122.
Package lastpage Info: Please have a look at the pageslts package at
(lastpage)             http://www.ctan.org/tex-archive/ 
(lastpage)             macros/latex/contrib/pageslts/ 
(lastpage)             or
(lastpage)             http://www.ctan.org/tex-archive/ 
(lastpage)             install/macros/latex/contrib/pageslts.tds.zip
(lastpage)             ! on input line 122.

(/usr/local/texlive/2014/texmf-dist/tex/context/base/supp-pdf.mkii
[Loading MPS to PDF converter (version 2006.09.02).]
\scratchcounter=\count126
\scratchdimen=\dimen136
\scratchbox=\box35
\nofMPsegments=\count127
\nofMParguments=\count128
\everyMPshowfont=\toks27
\MPscratchCnt=\count129
\MPscratchDim=\dimen137
\MPnumerator=\count130
\makeMPintoPDFobject=\count131
\everyMPtoPDFconversion=\toks28
) (/usr/local/texlive/2014/texmf-dist/tex/latex/oberdiek/epstopdf-base.sty
Package: epstopdf-base 2010/02/09 v2.5 Base part for package epstopdf

(/usr/local/texlive/2014/texmf-dist/tex/latex/oberdiek/grfext.sty
Package: grfext 2010/08/19 v1.1 Manage graphics extensions (HO)
)
Package grfext Info: Graphics extension search list:
(grfext)             [.png,.pdf,.jpg,.mps,.jpeg,.jbig2,.jb2,.PNG,.PDF,.JPG,.JPE
G,.JBIG2,.JB2,.eps]
(grfext)             \AppendGraphicsExtensions on input line 452.

(/usr/local/texlive/2014/texmf-dist/tex/latex/latexconfig/epstopdf-sys.cfg
File: epstopdf-sys.cfg 2010/07/13 v1.3 Configuration of (r)epstopdf for TeX Liv
e
))
\AtBeginShipoutBox=\box36
Package caption Info: Begin \AtBeginDocument code.
Package caption Info: hyperref package is loaded.
Package caption Info: End \AtBeginDocument code.
Package hyperref Info: Link coloring ON on input line 122.

(/usr/local/texlive/2014/texmf-dist/tex/latex/hyperref/nameref.sty
Package: nameref 2012/10/27 v2.43 Cross-referencing by name of section

(/usr/local/texlive/2014/texmf-dist/tex/generic/oberdiek/gettitlestring.sty
Package: gettitlestring 2010/12/03 v1.4 Cleanup title references (HO)
)
\c@section@level=\count132
)
LaTeX Info: Redefining \ref on input line 122.
LaTeX Info: Redefining \pageref on input line 122.
LaTeX Info: Redefining \nameref on input line 122.

(./fourthYearReport.out) (./fourthYearReport.out)
\@outlinefile=\write3
\openout3 = `fourthYearReport.out'.


<images/seventh.png, id=140, 148.555pt x 125.46875pt>
File: images/seventh.png Graphic file (type png)
 <use images/seventh.png>
Package pdftex.def Info: images/seventh.png used on input line 124.
(pdftex.def)             Requested size: 148.55463pt x 125.46843pt.

<images/codycoLogo.png, id=142, 310.15875pt x 104.39pt>
File: images/codycoLogo.png Graphic file (type png)

<use images/codycoLogo.png>
Package pdftex.def Info: images/codycoLogo.png used on input line 124.
(pdftex.def)             Requested size: 310.15799pt x 104.38972pt.


LaTeX Font Warning: Font shape `OT1/cmss/m/it' in size <14.4> not available
(Font)              Font shape `OT1/cmss/m/sl' tried instead on input line 124.



Overfull \hbox (11.42168pt too wide) in paragraph at lines 124--124
 [][] 
 []


Underfull \vbox (badness 1412) has occurred while \output is active []

 [0

{/usr/local/texlive/2014/texmf-var/fonts/map/pdftex/updmap/pdftex.map} <./image
s/seventh.png> <./images/codycoLogo.png>] [1] (./fourthYearReport.toc [2


])
\tf@toc=\write4
\openout4 = `fourthYearReport.toc'.

 [3]
(./fourthYearReport.lof
Missing character: There is no ‚ in font cmss12!
Missing character: There is no Ä in font cmss12!
Missing character: There is no ú in font cmss12!
Missing character: There is no ‚ in font cmss12!
Missing character: There is no Ä in font cmss12!
Missing character: There is no ù in font cmss12!
Missing character: There is no ‚ in font cmss12!
Missing character: There is no Ä in font cmss12!
Missing character: There is no ú in font cmss12!
Missing character: There is no ‚ in font cmss12!
Missing character: There is no Ä in font cmss12!
Missing character: There is no ù in font cmss12!

Underfull \vbox (badness 10000) has occurred while \output is active []

 [4]
Underfull \vbox (badness 10000) has occurred while \output is active []

 [5]

LaTeX Font Warning: Font shape `OT1/cmss/m/it' in size <12> not available
(Font)              Font shape `OT1/cmss/m/sl' tried instead on input line 31.

)
\tf@lof=\write5
\openout5 = `fourthYearReport.lof'.

 [6]
Underfull \vbox (badness 10000) detected at line 167
 []

(./sections/WP1/wp1_objectives.tex) (./sections/WP2/wp2_objectives.tex)
(./sections/WP3/wp3_objectives.tex
Underfull \hbox (badness 10000) in paragraph at lines 4--2

 []

) (./sections/WP4/wp4_objectives.tex [7]
LaTeX Font Info:    Try loading font information for OMS+cmss on input line 13.

LaTeX Font Info:    No file OMScmss.fd. on input line 13.


LaTeX Font Warning: Font shape `OMS/cmss/m/n' undefined
(Font)              using `OMS/cmsy/m/n' instead
(Font)              for symbol `textbullet' on input line 13.

) (./sections/WP5/wp5_objectives.tex) (./sections/WP6/wp6_objectives.tex)
(./sections/WP7/wp7_objectives.tex) [8] (./sections/WP1/wp1_progress_recap.tex)
(./sections/WP2/wp2_progress_recap.tex) (./sections/WP3/wp3_progress_recap.tex
[9]) (./sections/WP4/wp4_progress_recap.tex)
(./sections/WP5/wp5_progress_recap.tex) (./sections/WP6/wp6_progress_recap.tex
[10]) (./sections/WP7/wp7_progress_recap.tex) (./sections/WP1/wp1_progress.tex
[11]
Underfull \hbox (badness 10000) in paragraph at lines 61--62
[][][]$\OT1/cmtt/m/n/12 https : / / ocra-[]recipes . github . io / web / doxy-[
]ocra-[]wbi-[]plugins / html /
 []


Underfull \hbox (badness 10000) in paragraph at lines 65--66
[][][]$\OT1/cmtt/m/n/12 https : / / github . com / ocra-[]recipes / ocra-[]reci
pes$[][] \OT1/cmss/m/n/12 -- Optimization-based
 []


Underfull \hbox (badness 10000) in paragraph at lines 70--71
[][][]$\OT1/cmtt/m/n/12 https : / / github . com / ocra-[]recipes / ocra-[]wbi-
[]plugins / tree / master /
 []


Overfull \hbox (20.38051pt too wide) in paragraph at lines 74--75
[][][]$\OT1/cmtt/m/n/12 https : / / youtu . be / nvoFkYU351U ? list = PLsQDs1se
Nf5uJA-[]3fUTzILFZ9t7rFlfmP$[][] 
 []

<images/WBI_diagram.pdf, id=433, 3513.125pt x 2007.5pt>
File: images/WBI_diagram.pdf Graphic file (type pdf)

<use images/WBI_diagram.pdf>
Package pdftex.def Info: images/WBI_diagram.pdf used on input line 95.
(pdftex.def)             Requested size: 409.71689pt x 234.11995pt.
 [12] [13 <./images/WBI_diagram.pdf>]
Underfull \hbox (badness 2837) in paragraph at lines 129--132
[]\OT1/cmss/m/n/12 software for learn-ing Prob-a-bilis-tic Move-ments Prim-i-ti
ves from tra-jec-to-ries ac-
 []


Underfull \hbox (badness 10000) in paragraph at lines 129--132
\OT1/cmss/m/n/12 quired by demon-stra-tions on iCub: [][]$\OT1/cmtt/m/n/12 http
s : / / github . com / inria-[]larsen /
 []

<images/suit.jpg, id=582, 2569.6pt x 1927.2pt>
File: images/suit.jpg Graphic file (type jpg)
 <use images/suit.jpg>
Package pdftex.def Info: images/suit.jpg used on input line 155.
(pdftex.def)             Requested size: 409.71689pt x 307.27025pt.
)
(./sections/WP1/wp1_resources.tex) (./sections/WP2/wp2_progress.tex [14]
[15 <./images/suit.jpg>]
Underfull \hbox (badness 10000) in paragraph at lines 39--41

 []


Underfull \hbox (badness 10000) in paragraph at lines 42--43

 []

<./images/all.pdf, id=598, 803.0pt x 803.0pt>
File: ./images/all.pdf Graphic file (type pdf)
 <use ./images/all.pdf>
Package pdftex.def Info: ./images/all.pdf used on input line 68.
(pdftex.def)             Requested size: 227.62204pt x 227.61984pt.

<./images/friction_cone.pdf, id=605, 401.5pt x 401.5pt>
File: ./images/friction_cone.pdf Graphic file (type pdf)

<use ./images/friction_cone.pdf>
Package pdftex.def Info: ./images/friction_cone.pdf used on input line 114.
(pdftex.def)             Requested size: 227.62204pt x 227.62596pt.
 [16]
Underfull \vbox (badness 1748) has occurred while \output is active []

 [17 <./images/all.pdf>] <./images/unilateral.pdf, id=636, 803.0pt x 803.0pt>
File: ./images/unilateral.pdf Graphic file (type pdf)

<use ./images/unilateral.pdf>
Package pdftex.def Info: ./images/unilateral.pdf used on input line 162.
(pdftex.def)             Requested size: 227.62204pt x 227.61984pt.
 [18 <./images/friction_cone.pdf>]
Underfull \hbox (badness 10000) in paragraph at lines 207--220

 []

[19 <./images/unilateral.pdf>]
Underfull \hbox (badness 10000) in paragraph at lines 222--223

 []

<./images/twoellipses1.pdf, id=670, 386.02477pt x 398.59651pt>
File: ./images/twoellipses1.pdf Graphic file (type pdf)

<use ./images/twoellipses1.pdf>
Package pdftex.def Info: ./images/twoellipses1.pdf used on input line 296.
(pdftex.def)             Requested size: 136.5746pt x 141.0253pt.

<./images/twoellipses2.pdf, id=671, 386.45564pt x 379.684pt>
File: ./images/twoellipses2.pdf Graphic file (type pdf)

<use ./images/twoellipses2.pdf>
Package pdftex.def Info: ./images/twoellipses2.pdf used on input line 297.
(pdftex.def)             Requested size: 143.40298pt x 140.88643pt.
 [20]
Missing character: There is no ‚ in font cmss12!
Missing character: There is no Ä in font cmss12!
Missing character: There is no ú in font cmss12!
Missing character: There is no ‚ in font cmss12!
Missing character: There is no Ä in font cmss12!
Missing character: There is no ù in font cmss12!
Missing character: There is no ‚ in font cmss12!
Missing character: There is no Ä in font cmss12!
Missing character: There is no ú in font cmss12!
Missing character: There is no ‚ in font cmss12!
Missing character: There is no Ä in font cmss12!
Missing character: There is no ù in font cmss12!

Underfull \vbox (badness 10000) has occurred while \output is active []

 [21 <./images/twoellipses1.pdf> <./images/twoellipses2.pdf>]
<./images/UB-Figure1.png, id=719, 372.79276pt x 256.5585pt>
File: ./images/UB-Figure1.png Graphic file (type png)

<use ./images/UB-Figure1.png>
Package pdftex.def Info: ./images/UB-Figure1.png used on input line 349.
(pdftex.def)             Requested size: 318.66946pt x 219.31282pt.
 [22 <./images/UB-Figure1.png>]
<./images/UB-Figure2.png, id=726, 1599.9775pt x 571.13374pt>
File: ./images/UB-Figure2.png Graphic file (type png)

<use ./images/UB-Figure2.png>
Package pdftex.def Info: ./images/UB-Figure2.png used on input line 360.
(pdftex.def)             Requested size: 409.71689pt x 146.25157pt.
Missing character: There is no ‚ in font cmss12!
Missing character: There is no Ä in font cmss12!
Missing character: There is no ú in font cmss12!
Missing character: There is no ‚ in font cmss12!
Missing character: There is no Ä in font cmss12!
Missing character: There is no ù in font cmss12!
Missing character: There is no ‚ in font cmss12!
Missing character: There is no Ä in font cmss12!
Missing character: There is no ú in font cmss12!
Missing character: There is no ‚ in font cmss12!
Missing character: There is no Ä in font cmss12!
Missing character: There is no ù in font cmss12!
Missing character: There is no ‚ in font cmss12!
Missing character: There is no Ä in font cmss12!
Missing character: There is no ú in font cmss12!
Missing character: There is no ‚ in font cmss12!
Missing character: There is no Ä in font cmss12!
Missing character: There is no ù in font cmss12!
Missing character: There is no ‚ in font cmss12!
Missing character: There is no Ä in font cmss12!
Missing character: There is no ú in font cmss12!
Missing character: There is no ‚ in font cmss12!
Missing character: There is no Ä in font cmss12!
Missing character: There is no ù in font cmss12!
Missing character: There is no ‚ in font cmss12!
Missing character: There is no Ä in font cmss12!
Missing character: There is no ú in font cmss12!
Missing character: There is no ‚ in font cmss12!
Missing character: There is no Ä in font cmss12!
Missing character: There is no ù in font cmss12!

<./images/UB-Figure3.png, id=728, 1799.72375pt x 486.81876pt>
File: ./images/UB-Figure3.png Graphic file (type png)

<use ./images/UB-Figure3.png>
Package pdftex.def Info: ./images/UB-Figure3.png used on input line 371.
(pdftex.def)             Requested size: 409.71689pt x 110.822pt.
Missing character: There is no ‚ in font cmss12!
Missing character: There is no Ä in font cmss12!
Missing character: There is no ô in font cmss12!
Missing character: There is no ‚ in font cmss12!
Missing character: There is no Ä in font cmss12!
Missing character: There is no ú in font cmss12!
Missing character: There is no ‚ in font cmss12!
Missing character: There is no Ä in font cmss12!
Missing character: There is no ù in font cmss12!
Missing character: There is no ‚ in font cmss12!
Missing character: There is no Ä in font cmss12!
Missing character: There is no ú in font cmss12!
Missing character: There is no ‚ in font cmss12!
Missing character: There is no Ä in font cmss12!
Missing character: There is no ù in font cmss12!
 [23 <./images/UB-Figure2.png>]
<./images/UB-r-Figure1.png, id=736, 189.3474pt x 210.5466pt>
File: ./images/UB-r-Figure1.png Graphic file (type png)

<use ./images/UB-r-Figure1.png>
Package pdftex.def Info: ./images/UB-r-Figure1.png used on input line 385.
(pdftex.def)             Requested size: 318.66946pt x 354.35197pt.

<./images/UB-r-Figure2.jpg, id=739, 216.81pt x 87.0525pt>
File: ./images/UB-r-Figure2.jpg Graphic file (type jpg)

<use ./images/UB-r-Figure2.jpg>
Package pdftex.def Info: ./images/UB-r-Figure2.jpg used on input line 396.
(pdftex.def)             Requested size: 318.66946pt x 127.96696pt.
Missing character: There is no ‚ in font cmss12!
Missing character: There is no Ä in font cmss12!
Missing character: There is no ô in font cmss12!
Missing character: There is no ‚ in font cmss12!
Missing character: There is no Ä in font cmss12!
Missing character: There is no ô in font cmss12!
 [24 <./images/UB-Figure3.png>] [25 <./images/UB-r-Figure1.png>] <./images/UB-r
-Figure3.jpg, id=756, 963.6pt x 542.025pt>
File: ./images/UB-r-Figure3.jpg Graphic file (type jpg)

<use ./images/UB-r-Figure3.jpg>
Package pdftex.def Info: ./images/UB-r-Figure3.jpg used on input line 406.
(pdftex.def)             Requested size: 364.19664pt x 204.8551pt.

Underfull \hbox (badness 10000) in paragraph at lines 414--415

 []


Underfull \hbox (badness 10000) in paragraph at lines 416--417

 []

[26 <./images/UB-r-Figure2.jpg>]
<./images/S2S.png, id=772, 172.2435pt x 144.54pt>
File: ./images/S2S.png Graphic file (type png)
 <use ./images/S2S.png>
Package pdftex.def Info: ./images/S2S.png used on input line 433.
(pdftex.def)             Requested size: 227.62204pt x 191.02052pt.

[27 <./images/UB-r-Figure3.jpg>]
<./images/fext.png, id=782, 298.2342pt x 150.8034pt>
File: ./images/fext.png Graphic file (type png)
 <use ./images/fext.png>
Package pdftex.def Info: ./images/fext.png used on input line 448.
(pdftex.def)             Requested size: 318.66946pt x 161.14403pt.

<./images/tau.png, id=785, 299.6796pt x 151.767pt>
File: ./images/tau.png Graphic file (type png)
 <use ./images/tau.png>
Package pdftex.def Info: ./images/tau.png used on input line 456.
(pdftex.def)             Requested size: 318.66946pt x 161.3956pt.

[28 <./images/S2S.png>]
Missing character: There is no ‚ in font cmss12!
Missing character: There is no Ä in font cmss12!
Missing character: There is no ô in font cmss12!
Missing character: There is no ‚ in font cmss12!
Missing character: There is no Ä in font cmss12!
Missing character: There is no ô in font cmss12!
 [29 <./images/fext.png> <./images/tau.png>]
Missing character: There is no ‚ in font cmss12!
Missing character: There is no Ä in font cmss12!
Missing character: There is no ô in font cmss12!
Missing character: There is no ‚ in font cmss12!
Missing character: There is no Ä in font cmss12!
Missing character: There is no ô in font cmss12!

<./images/"methods".png, id=809, 561.09625pt x 369.38pt>
File: ./images/"methods".png Graphic file (type png)

<use ./images/"methods".png>
Package pdftex.def Info: ./images/"methods".png used on input line 478.
(pdftex.def)             Requested size: 182.09485pt x 119.87234pt.
 [30 <./images/methods.png>]
<./images/"step error-all steps".png, id=822, 343.0416pt x 390.4989pt>
File: ./images/"step error-all steps".png Graphic file (type png)

<use ./images/"step error-all steps".png>
Package pdftex.def Info: ./images/"step error-all steps".png used on input line
 489.
(pdftex.def)             Requested size: 182.09485pt x 207.29114pt.

<./images/"step onset time-all steps".png, id=823, 343.0416pt x 394.5942pt>
File: ./images/"step onset time-all steps".png Graphic file (type png)

<use ./images/"step onset time-all steps".png>
Package pdftex.def Info: ./images/"step onset time-all steps".png used on input
 line 496.
(pdftex.def)             Requested size: 182.09485pt x 209.46507pt.

<./images/"step exec time-all steps".png, id=824, 343.0416pt x 395.076pt>
File: ./images/"step exec time-all steps".png Graphic file (type png)

<use ./images/"step exec time-all steps".png>
Package pdftex.def Info: ./images/"step exec time-all steps".png used on input 
line 503.
(pdftex.def)             Requested size: 182.09485pt x 209.72084pt.
 [31 <./images/step error-all steps.png (PNG copy)>] [32 <./images/step onset t
ime-all steps.png (PNG copy)> <./images/step exec time-all steps.png (PNG copy)
>]
Missing character: There is no Œ in font cmss12!
Missing character: There is no ± in font cmss12!
Package epstopdf Info: Source file: <./images/"SD1".eps>
(epstopdf)                    date: 2017-03-24 17:40:46
(epstopdf)                    size: 944518 bytes
(epstopdf)             Output file: <./images/"SD1"-eps-converted-to.pdf>
(epstopdf)                    date: 2017-03-24 17:40:46
(epstopdf)                    size: 10276 bytes
(epstopdf)             Command: <repstopdf --outfile=./images/"SD1"-eps-convert
ed-to.pdf ./images/"SD1".eps>
(epstopdf)             \includegraphics on input line 523.
Package epstopdf Info: Output file is already uptodate.

<./images/"SD1"-eps-converted-to.pdf, id=836, 469.755pt x 375.4025pt>
File: ./images/"SD1"-eps-converted-to.pdf Graphic file (type pdf)

<use ./images/"SD1"-eps-converted-to.pdf>
Package pdftex.def Info: ./images/"SD1"-eps-converted-to.pdf used on input line
 523.
(pdftex.def)             Requested size: 182.09485pt x 145.51851pt.
Package epstopdf Info: Source file: <./images/"range1".eps>
(epstopdf)                    date: 2017-03-24 17:40:46
(epstopdf)                    size: 944439 bytes
(epstopdf)             Output file: <./images/"range1"-eps-converted-to.pdf>
(epstopdf)                    date: 2017-03-24 17:40:46
(epstopdf)                    size: 10725 bytes
(epstopdf)             Command: <repstopdf --outfile=./images/"range1"-eps-conv
erted-to.pdf ./images/"range1".eps>
(epstopdf)             \includegraphics on input line 532.
Package epstopdf Info: Output file is already uptodate.

<./images/"range1"-eps-converted-to.pdf, id=838, 469.755pt x 375.4025pt>
File: ./images/"range1"-eps-converted-to.pdf Graphic file (type pdf)

<use ./images/"range1"-eps-converted-to.pdf>
Package pdftex.def Info: ./images/"range1"-eps-converted-to.pdf used on input l
ine 532.
(pdftex.def)             Requested size: 182.09485pt x 145.51851pt.
) (./sections/WP2/wp2_resources.tex
Underfull \vbox (badness 2435) has occurred while \output is active []

 [33 <./images/SD1-eps-converted-to.pdf>]) (./sections/WP3/wp3_progress.tex [34
 <./images/range1-eps-converted-to.pdf>]
<images/iCub_joint_limits_leg.pdf, id=868, 3011.25pt x 4015.0pt>
File: images/iCub_joint_limits_leg.pdf Graphic file (type pdf)

<use images/iCub_joint_limits_leg.pdf>
Package pdftex.def Info: images/iCub_joint_limits_leg.pdf used on input line 20
.
(pdftex.def)             Requested size: 182.09485pt x 242.78879pt.

Underfull \hbox (badness 10000) in paragraph at lines 39--40

 []

[35 <./images/iCub_joint_limits_leg.pdf>]
<images/Boris.jpg, id=885, 4015.0pt x 2673.99pt>
File: images/Boris.jpg Graphic file (type jpg)
 <use images/Boris.jpg>
Package pdftex.def Info: images/Boris.jpg used on input line 65.
(pdftex.def)             Requested size: 401.52353pt x 267.41466pt.

Underfull \hbox (badness 10000) in paragraph at lines 78--79

 []

[36]
Underfull \hbox (badness 10000) in paragraph at lines 80--81

 []


Underfull \vbox (badness 5622) has occurred while \output is active []

 [37 <./images/Boris.jpg>]
Underfull \hbox (badness 10000) in paragraph at lines 82--83

 []

<images/control_pyramid.png, id=954, 924.45375pt x 878.28125pt>
File: images/control_pyramid.png Graphic file (type png)

<use images/control_pyramid.png>
Package pdftex.def Info: images/control_pyramid.png used on input line 86.
(pdftex.def)             Requested size: 182.09485pt x 172.99965pt.
 [38 <./images/control_pyramid.png>])
(./sections/WP3/wp3_resources.tex) (./sections/WP4/wp4_progress.tex [39]
(./sections/WP4/wp4_progress_T41_IIT.tex
<images/all1valid2.png, id=982, 985.1542pt x 524.14769pt>
File: images/all1valid2.png Graphic file (type png)

<use images/all1valid2.png>
Package pdftex.def Info: images/all1valid2.png used on input line 11.
(pdftex.def)             Requested size: 455.24408pt x 242.21455pt.
) (./sections/WP4/wp4_progress_T42_IIT.tex
Underfull \hbox (badness 10000) in paragraph at lines 3--4

 []

[40 <./images/all1valid2.png (PNG copy)>]
Underfull \hbox (badness 10000) in paragraph at lines 5--6

 []


Underfull \hbox (badness 10000) in paragraph at lines 7--8

 []


Underfull \hbox (badness 10000) in paragraph at lines 9--10

 []


Underfull \hbox (badness 10000) in paragraph at lines 11--12

 []


Underfull \hbox (badness 10000) in paragraph at lines 13--14

 []


Underfull \hbox (badness 10000) in paragraph at lines 15--16

 []

[41]
Underfull \hbox (badness 10000) in paragraph at lines 17--18

 []


Underfull \hbox (badness 2591) in paragraph at lines 23--24
[]\OT1/cmss/m/n/12 Furthermore, a for-mal anal-y-sis of the ac-cu-racy and ob-s
erv-abil-ity will be per-
 []


Underfull \hbox (badness 2435) in paragraph at lines 23--24
\OT1/cmss/m/n/12 formed in the next steps. The pro-posed method and ini-tial re
-sults have been
 []


Underfull \hbox (badness 3930) in paragraph at lines 23--24
\OT1/cmss/m/n/12 pub-lished as a pa-per [[]] through the 2016 IEEE-RAS In-ter-n
a-tional Con-fer-ence
 []


Underfull \hbox (badness 1360) in paragraph at lines 23--24
\OT1/cmss/m/n/12 on Hu-manoid Robots. The ap-pli-ca-tion is be-ing re-leased on
 the github repos-i-tory
 []


Underfull \hbox (badness 10000) in paragraph at lines 23--24

 []

<images/T42-selfCalibration-Diagnosis.png, id=1009, 1623.06375pt x 702.625pt>
File: images/T42-selfCalibration-Diagnosis.png Graphic file (type png)

<use images/T42-selfCalibration-Diagnosis.png>
Package pdftex.def Info: images/T42-selfCalibration-Diagnosis.png used on input
 line 27.
(pdftex.def)             Requested size: 364.19664pt x 157.65495pt.
) [42 <./images/T42-selfCalibration-Diagnosis.png>] [43]) (./sections/WP4/wp4_r
esources.tex)
(./sections/WP5/wp5_progress.tex [44]
<./images/3Dfigure.pdf, id=1046, 1304.875pt x 1003.75pt>
File: ./images/3Dfigure.pdf Graphic file (type pdf)

<use ./images/3Dfigure.pdf>
Package pdftex.def Info: ./images/3Dfigure.pdf used on input line 41.
(pdftex.def)             Requested size: 378.40407pt x 291.08005pt.

<./images/2DfigureShoulder.pdf, id=1051, 803.0pt x 602.25pt>
File: ./images/2DfigureShoulder.pdf Graphic file (type pdf)

<use ./images/2DfigureShoulder.pdf>
Package pdftex.def Info: ./images/2DfigureShoulder.pdf used on input line 56.
(pdftex.def)             Requested size: 321.1943pt x 240.89572pt.

<./images/2DfigureElbow.pdf, id=1052, 803.0pt x 602.25pt>
File: ./images/2DfigureElbow.pdf Graphic file (type pdf)

<use ./images/2DfigureElbow.pdf>
Package pdftex.def Info: ./images/2DfigureElbow.pdf used on input line 63.
(pdftex.def)             Requested size: 321.1943pt x 240.89572pt.

<./images/icub_optimum.png, id=1053, 523.9575pt x 649.42625pt>
File: ./images/icub_optimum.png Graphic file (type png)

<use ./images/icub_optimum.png>
Package pdftex.def Info: ./images/icub_optimum.png used on input line 69.
(pdftex.def)             Requested size: 209.57928pt x 259.7659pt.
 [45 <./images/3Dfigure.pdf>]
<images/full_A1.png, id=1066, 1370.11874pt x 914.41624pt>
File: images/full_A1.png Graphic file (type png)

<use images/full_A1.png>
Package pdftex.def Info: images/full_A1.png used on input line 112.
(pdftex.def)             Requested size: 455.24408pt x 303.82332pt.

<images/sensorFusion_results.png, id=1067, 1468.48625pt x 591.20876pt>
File: images/sensorFusion_results.png Graphic file (type png)

<use images/sensorFusion_results.png>
Package pdftex.def Info: images/sensorFusion_results.png used on input line 119
.
(pdftex.def)             Requested size: 455.24408pt x 183.27281pt.
 [46 <./images/2DfigureShoulder.pdf>]
[47 <./images/2DfigureElbow.pdf> <./images/icub_optimum.png>] [48 <./images/ful
l_A1.png> <./images/sensorFusion_results.png>]
<images/Rviz_pHRI.png, id=1093, 1269.74374pt x 715.67375pt>
File: images/Rviz_pHRI.png Graphic file (type png)

<use images/Rviz_pHRI.png>
Package pdftex.def Info: images/Rviz_pHRI.png used on input line 131.
(pdftex.def)             Requested size: 364.19664pt x 205.26865pt.
) (./sections/WP5/wp5_resources.tex)
(./sections/WP6/wp6_progress.tex [49 <./images/Rviz_pHRI.png>])
(./sections/WP6/wp6_resources.tex) (./sections/WP7/wp7_progress.tex
<images/tg24.jpg, id=1104, 1204.5pt x 903.375pt>
File: images/tg24.jpg Graphic file (type jpg)
 <use images/tg24.jpg>
Package pdftex.def Info: images/tg24.jpg used on input line 8.
(pdftex.def)             Requested size: 455.24408pt x 341.43896pt.
Missing character: There is no ‚ in font cmss12!
Missing character: There is no Ä in font cmss12!
Missing character: There is no ô in font cmss12!
 [50]
[51 <./images/tg24.jpg>]
Missing character: There is no ‚ in font cmss12!
Missing character: There is no Ä in font cmss12!
Missing character: There is no ú in font cmss12!
Missing character: There is no ‚ in font cmss12!
Missing character: There is no Ä in font cmss12!
Missing character: There is no ù in font cmss12!
 [52]
Missing character: There is no √ in font cmss12!
Missing character: There is no © in font cmss12!
Missing character: There is no ƒ in font cmss12!
Missing character: There is no ç in font cmss12!
Missing character: There is no √ in font cmss12!
Missing character: There is no © in font cmss12!
Missing character: There is no ‚ in font cmss12!
Missing character: There is no Ä in font cmss12!
Missing character: There is no ô in font cmss12!

Underfull \hbox (badness 1838) in paragraph at lines 104--106
[]\OT1/cmss/m/n/12 ``Technologies: les robots en-vahissent notre quo-ti-dien'' 
May 26th, 2016:
 []


Underfull \hbox (badness 10000) in paragraph at lines 104--106
\OT1/cmtt/m/n/12 technologies-[]les-[]robots-[]envahissent-[]notre-[]quotidien 
_ 1470757 .
 []

) (./sections/WP7/wp7_resources.tex [53])
<./images/deliverables.pdf, id=1163, 464.04921pt x 573.8521pt>
File: ./images/deliverables.pdf Graphic file (type pdf)

<use ./images/deliverables.pdf>
Package pdftex.def Info: ./images/deliverables.pdf used on input line 233.
(pdftex.def)             Requested size: 273.14922pt x 337.7905pt.

<./images/milestones.pdf, id=1164, 502.59828pt x 236.9652pt>
File: ./images/milestones.pdf Graphic file (type pdf)

<use ./images/milestones.pdf>
Package pdftex.def Info: ./images/milestones.pdf used on input line 240.
(pdftex.def)             Requested size: 455.24408pt x 214.63707pt.
 [54 <./images/deliverables.pdf>]
(./fourthYearReport.bbl [55 <./images/milestones.pdf>]
Missing character: There is no ‚ in font cmss12!
Missing character: There is no Ä in font cmss12!
Missing character: There is no ì in font cmss12!
 [56] [57]
Missing character: There is no √ in font cmss12!
Missing character: There is no † in font cmss12!
Missing character: There is no √ in font cmss12!
Missing character: There is no © in font cmss12!
 [58] [59])

AED: lastpage setting LastPage
[60]
Package atveryend Info: Empty hook `BeforeClearDocument' on input line 249.
Package atveryend Info: Empty hook `AfterLastShipout' on input line 249.
 (./fourthYearReport.aux)
Package atveryend Info: Executing hook `AtVeryEndDocument' on input line 249.
Package atveryend Info: Executing hook `AtEndAfterFileList' on input line 249.
Package rerunfilecheck Info: File `fourthYearReport.out' has not changed.
(rerunfilecheck)             Checksum: 07F3009C1F53CAA99CE4A2D42FD79A84;3699.


LaTeX Font Warning: Some font shapes were not available, defaults substituted.

Package atveryend Info: Empty hook `AtVeryVeryEnd' on input line 249.
 ) 
Here is how much of TeX's memory you used:
 9580 strings out of 493117
 145984 string characters out of 6135432
 286035 words of memory out of 5000000
 12517 multiletter control sequences out of 15000+600000
 14307 words of font info for 50 fonts, out of 8000000 for 9000
 1141 hyphenation exceptions out of 8191
 41i,12n,45p,2063b,485s stack positions out of 5000i,500n,10000p,200000b,80000s
</usr/local/texlive/2014/texmf-dist/fonts/type1/public/amsfonts/cm/cmbx12.pfb
></usr/local/texlive/2014/texmf-dist/fonts/type1/public/amsfonts/cm/cmmi12.pfb>
</usr/local/texlive/2014/texmf-dist/fonts/type1/public/amsfonts/cm/cmmi6.pfb></
usr/local/texlive/2014/texmf-dist/fonts/type1/public/amsfonts/cm/cmmi8.pfb></us
r/local/texlive/2014/texmf-dist/fonts/type1/public/amsfonts/cm/cmmib10.pfb></us
r/local/texlive/2014/texmf-dist/fonts/type1/public/amsfonts/cm/cmr12.pfb></usr/
local/texlive/2014/texmf-dist/fonts/type1/public/amsfonts/cm/cmr8.pfb></usr/loc
al/texlive/2014/texmf-dist/fonts/type1/public/amsfonts/cm/cmss10.pfb></usr/loca
l/texlive/2014/texmf-dist/fonts/type1/public/amsfonts/cm/cmss12.pfb></usr/local
/texlive/2014/texmf-dist/fonts/type1/public/amsfonts/cm/cmssbx10.pfb></usr/loca
l/texlive/2014/texmf-dist/fonts/type1/public/amsfonts/cm/cmssi12.pfb></usr/loca
l/texlive/2014/texmf-dist/fonts/type1/public/amsfonts/cm/cmsy10.pfb></usr/local
/texlive/2014/texmf-dist/fonts/type1/public/amsfonts/cm/cmsy8.pfb></usr/local/t
exlive/2014/texmf-dist/fonts/type1/public/amsfonts/cm/cmtt12.pfb>
Output written on fourthYearReport.pdf (61 pages, 45609554 bytes).
PDF statistics:
 1404 PDF objects out of 1440 (max. 8388607)
 1189 compressed objects within 12 object streams
 233 named destinations out of 1000 (max. 500000)
 468 words of extra memory for PDF output out of 10000 (max. 10000000)

