\BOOKMARK [2][-]{subsection.3.2}{Project objectives for the period}{}% 1
\BOOKMARK [3][-]{subsubsection.3.2.1}{Overview}{subsection.3.2}% 2
\BOOKMARK [4][-]{paragraph.3.2.1.1}{WP1: toolbox for computing and controlling dynamics of whole-body movements with contacts \(UB\)}{subsubsection.3.2.1}% 3
\BOOKMARK [4][-]{paragraph.3.2.1.2}{WP2: understanding and modelling human whole-body behaviours in physical interaction \(JSI\)}{subsubsection.3.2.1}% 4
\BOOKMARK [4][-]{paragraph.3.2.1.3}{WP3: control and optimization of whole-body motion in contact \(UPMC\)}{subsubsection.3.2.1}% 5
\BOOKMARK [4][-]{paragraph.3.2.1.4}{WP4: adaptation, Generalization and Improvement of Compliant Control and Tasks with Contacts \(TUD\)}{subsubsection.3.2.1}% 6
\BOOKMARK [4][-]{paragraph.3.2.1.5}{WP5: systems integration, standardization and evaluation on the iCub robot \(IIT\)}{subsubsection.3.2.1}% 7
\BOOKMARK [4][-]{paragraph.3.2.1.6}{WP6: management \(IIT\)}{subsubsection.3.2.1}% 8
\BOOKMARK [4][-]{paragraph.3.2.1.7}{WP7: dissemination and Exploitation \(IIT\)}{subsubsection.3.2.1}% 9
\BOOKMARK [2][-]{subsection.3.3}{Work progress and achievements during the period}{}% 10
\BOOKMARK [3][-]{subsubsection.3.3.1}{Progress overview and contribution to the research field}{subsection.3.3}% 11
\BOOKMARK [3][-]{subsubsection.3.3.2}{Work packages progress}{subsection.3.3}% 12
\BOOKMARK [4][-]{paragraph.3.3.2.1}{Work package 1 progress}{subsubsection.3.3.2}% 13
\BOOKMARK [4][-]{paragraph.3.3.2.2}{Work package 2 progress}{subsubsection.3.3.2}% 14
\BOOKMARK [4][-]{paragraph.3.3.2.3}{Work package 3 progress}{subsubsection.3.3.2}% 15
\BOOKMARK [5][-]{subparagraph.3.3.2.3.1}{Solving the local control problem \(T3.3\) \(IIT: xxPM, UPMC: 3PM\)}{paragraph.3.3.2.3}% 16
\BOOKMARK [5][-]{subparagraph.3.3.2.3.2}{Bootstrapping and validating the control approach in rigid world and compliant cases \(T3.4\) \(TUD: 3.6PM, UPMC: 5.51PM, UB: xxPM, JSI: 1 PM, INRIA: 1.98PM\)}{paragraph.3.3.2.3}% 17
\BOOKMARK [5][-]{subparagraph.3.3.2.3.3}{Deviations from workplan}{paragraph.3.3.2.3}% 18
\BOOKMARK [5][-]{subparagraph.3.3.2.3.4}{Resources}{paragraph.3.3.2.3}% 19
\BOOKMARK [4][-]{paragraph.3.3.2.4}{Work package 4 progress}{subsubsection.3.3.2}% 20
\BOOKMARK [5][-]{subparagraph.3.3.2.4.1}{Learning the Prioritization of Tasks \(T4.4\) \(TUD: 4PM\)}{paragraph.3.3.2.4}% 21
\BOOKMARK [5][-]{subparagraph.3.3.2.4.2}{Learning the Prioritization of Tasks \(T4.4\) \(INRIA: 4.02PM\)}{paragraph.3.3.2.4}% 22
\BOOKMARK [5][-]{subparagraph.3.3.2.4.3}{Task compatibility optimization \(T4.4\) \(UPMC: 1.87PM\)}{paragraph.3.3.2.4}% 23
\BOOKMARK [4][-]{paragraph.3.3.2.5}{Work package 5 progress}{subsubsection.3.3.2}% 24
\BOOKMARK [5][-]{subparagraph.3.3.2.5.1}{Scenario 4: learning how to stand up with the help of a human caregiver \(T5.4\)}{paragraph.3.3.2.5}% 25
\BOOKMARK [5][-]{subparagraph.3.3.2.5.2}{Deviations from workplan}{paragraph.3.3.2.5}% 26
\BOOKMARK [4][-]{paragraph.3.3.2.6}{Work package 6 progress}{subsubsection.3.3.2}% 27
\BOOKMARK [5][-]{subparagraph.3.3.2.6.1}{Administrative coordination \(T6.1\)}{paragraph.3.3.2.6}% 28
\BOOKMARK [5][-]{subparagraph.3.3.2.6.2}{Software repository implementation \(T6.2\)}{paragraph.3.3.2.6}% 29
\BOOKMARK [4][-]{paragraph.3.3.2.7}{Work package 7 progress}{subsubsection.3.3.2}% 30
\BOOKMARK [5][-]{subparagraph.3.3.2.7.1}{Dissemination activities towards academia, industry, and other users \(T7.1\)}{paragraph.3.3.2.7}% 31
\BOOKMARK [5][-]{subparagraph.3.3.2.7.2}{Exploitation plan \(T7.2\)}{paragraph.3.3.2.7}% 32
\BOOKMARK [5][-]{subparagraph.3.3.2.7.3}{Management of IPR \(T7.3\)}{paragraph.3.3.2.7}% 33
\BOOKMARK [5][-]{subparagraph.3.3.2.7.4}{Dissemination of a database of human motion with contacts \(T7.4\)}{paragraph.3.3.2.7}% 34
\BOOKMARK [2][-]{subsection.3.4}{Deliverables and milestones tables}{}% 35
\BOOKMARK [3][-]{subsubsection.3.4.1}{Deliverables \(excluding the periodic and final reports\)}{subsection.3.4}% 36
\BOOKMARK [3][-]{subsubsection.3.4.2}{Milestones}{subsection.3.4}% 37
