541 1393407866.782723 89.801422 -0.000026 0.001288 -0.059893 0.004562 -0.000001
542 1393407866.882790 89.801423 -0.000012 0.001288 -0.059892 0.004563 0.000001
543 1393407866.982865 89.801427 0.000014 0.001288 -0.059892 0.004563 -0.000001
544 1393407867.082930 89.801427 0.000041 0.001288 -0.059892 0.004561 -0.000001
545 1393407867.182994 89.801425 -0.000012 0.001288 -0.059892 0.004562 0.000001
546 1393407867.283056 89.801426 -0.000028 0.001288 -0.059892 0.004563 0.000001
547 1393407867.383110 89.801429 0.000047 0.001288 -0.059891 0.004561 0.0
548 1393407867.483174 89.80143 0.000014 0.001288 -0.059892 0.004563 -0.000001
549 1393407867.583235 89.801428 -0.000029 0.001288 -0.059891 0.004563 0.000001
550 1393407867.683307 89.80143 0.000062 0.001288 -0.059891 0.004561 0.000001
551 1393407867.783392 89.801429 -0.000048 0.001288 -0.059891 0.004564 0.000001
552 1393407867.883451 89.801429 -0.000045 0.001288 -0.05989 0.004564 0.000001
553 1393407867.983537 89.801433 0.000032 0.001288 -0.059891 0.004561 -0.000001
554 1393407868.083605 89.801433 0.000053 0.001288 -0.05989 0.00456 0.000001
555 1393407868.183670 89.801432 -0.000047 0.001288 -0.05989 0.004562 -0.000001
556 1393407868.283744 89.801435 0.000031 0.001288 -0.05989 0.004561 -0.000001
557 1393407868.383805 89.801432 -0.000019 0.001288 -0.059889 0.004561 0.000001
558 1393407868.483875 89.801436 0.000017 0.001288 -0.05989 0.004562 -0.000001
559 1393407868.583964 89.801434 -0.000034 0.001288 -0.059889 0.004563 0.000001
560 1393407868.684020 89.801438 0.000016 0.001288 -0.059889 0.004562 -0.000001
561 1393407868.784089 89.801435 -0.000016 0.001288 -0.059889 0.004562 0.000001
562 1393407868.884149 89.801435 0.000016 0.001288 -0.059888 0.004561 0.000001
563 1393407868.984217 89.801437 -0.000028 0.001288 -0.059889 0.004563 0.000001
564 1393407869.084292 89.80144 0.000047 0.001288 -0.059888 0.00456 -0.000001
565 1393407869.184351 89.801438 -0.000044 0.001288 -0.059888 0.004563 0.000001
566 1393407869.284427 89.801441 0.000045 0.001288 -0.059888 0.00456 -0.000001
567 1393407869.384492 89.801439 0.000012 0.001288 -0.059887 0.004561 0.000001
568 1393407869.484550 89.801443 0.000018 0.001288 -0.059887 0.004562 0.0
569 1393407869.584605 89.801443 0.000039 0.001288 -0.059887 0.00456 -0.000001
570 1393407869.684666 89.801441 -0.000055 0.001288 -0.059887 0.004563 0.000001
571 1393407869.784736 89.801444 0.000035 0.001288 -0.059887 0.00456 -0.000001
572 1393407869.884796 89.801442 -0.000064 0.001288 -0.059886 0.004563 -0.000001
573 1393407869.984889 89.801446 0.000028 0.001288 -0.059887 0.00456 -0.000001
574 1393407870.084975 89.801443 0.000014 0.001288 -0.059886 0.004561 0.000001
575 1393407870.185034 89.801447 0.000025 0.001288 -0.059886 0.004561 -0.000001
576 1393407870.285097 89.801445 -0.000033 0.001288 -0.059886 0.004562 0.000001
577 1393407870.385182 89.801448 0.000051 0.001288 -0.059885 0.004559 -0.000001
578 1393407870.485241 89.801449 0.000031 0.001288 -0.059886 0.00456 -0.000001
579 1393407870.585327 89.801449 0.000048 0.001288 -0.059885 0.00456 -0.0
580 1393407870.685382 89.801447 -0.000038 0.001288 -0.059885 0.004563 0.000001
581 1393407870.785464 89.801451 0.000027 0.001288 -0.059885 0.00456 -0.000001
582 1393407870.885516 89.801449 -0.000014 0.001288 -0.059885 0.004561 0.000001
583 1393407870.985577 89.801449 0.000014 0.001288 -0.059884 0.00456 0.000001
584 1393407871.085638 89.801453 0.000023 0.001288 -0.059884 0.00456 -0.000001
585 1393407871.185710 89.801451 -0.000021 0.001288 -0.059884 0.004561 -0.000001
586 1393407871.285784 89.801454 0.000013 0.001288 -0.059884 0.004561 -0.000001
587 1393407871.385848 89.801452 -0.000032 0.001288 -0.059884 0.004561 0.000001
588 1393407871.485904 89.801452 -0.000017 0.001288 -0.059883 0.00456 0.000001
589 1393407871.585966 89.801457 0.000012 0.001288 -0.059884 0.004561 -0.000001
590 1393407871.686023 89.801454 -0.000031 0.001288 -0.059883 0.004561 0.000001
591 1393407871.786084 89.801454 -0.000015 0.001288 -0.059883 0.00456 0.000001
592 1393407871.886145 89.801455 -0.000013 0.001288 -0.059883 0.00456 0.000001
593 1393407871.986220 89.801459 0.000025 0.001288 -0.059883 0.004561 0.000001
594 1393407872.086276 89.801456 -0.000014 0.001288 -0.059882 0.00456 -0.000001
595 1393407872.186339 89.801457 -0.000012 0.001288 -0.059882 0.00456 0.000001
596 1393407872.286425 89.801461 0.000026 0.001288 -0.059882 0.00456 0.000001
597 1393407872.386481 89.801458 -0.000025 0.001288 -0.059882 0.00456 0.000001
598 1393407872.486563 89.801459 0.000014 0.001288 -0.059881 0.00456 0.000001
599 1393407872.586627 89.80146 -0.000046 0.001288 -0.059881 0.004562 0.000001
600 1393407872.686698 86.988158 -0.000037 0.000443 1.739455 -0.024835 0.000003
601 1393407872.786766 71.841271 -0.000739 0.000791 5.523707 -0.02529 -0.000003
602 1393407872.886821 48.071598 -0.001421 0.000841 3.822048 -0.008819 -0.000006
603 1393407872.986891 19.441177 -0.001907 0.000595 -3.465708 0.017206 0.000007
604 1393407873.086947 -8.735252 -0.001824 0.000156 -11.796826 0.032993 -0.000006
605 1393407873.187012 -30.80317 -0.00132 -0.000093 -18.689846 0.034864 0.000004
606 1393407873.287074 -42.931809 -0.000911 -0.000318 -24.496416 0.032726 0.000003
607 1393407873.387126 -41.980327 -0.000903 -0.001128 -31.104266 0.036255 0.00007
608 1393407873.487199 -33.404191 -0.001075 -0.000409 -30.275683 0.0301 -0.000005
609 1393407873.587255 -20.432022 -0.001424 -0.000272 -23.085552 0.021101 -0.000005
610 1393407873.687321 -4.868005 -0.001522 -0.000124 -11.819422 0.006816 0.000005
611 1393407873.787380 10.177355 -0.00142 0.000018 -1.401054 -0.004956 0.000005
612 1393407873.887447 21.561799 -0.001247 0.000123 5.952651 -0.011741 0.000004
613 1393407873.987506 27.066284 -0.001138 0.000241 10.463869 -0.0144 0.000003
614 1393407874.087594 26.095305 -0.001158 0.000244 12.104004 -0.012552 -0.000004
615 1393407874.187649 19.812882 -0.001233 0.000293 10.474555 -0.005793 0.000004
616 1393407874.287704 10.386491 -0.001328 0.000198 6.030016 0.004087 0.000004
617 1393407874.387790 -0.238586 -0.001362 0.000072 0.197338 0.013158 -0.000004
618 1393407874.487862 -9.446715 -0.0013 -0.000063 -5.240884 0.018416 0.000004
619 1393407874.587915 -15.731097 -0.001221 -0.000101 -9.29955 0.02017 -0.000004
620 1393407874.687981 -17.829435 -0.00118 -0.000183 -11.462681 0.019648 0.000004
621 1393407874.788053 -15.82046 -0.001205 -0.000207 -11.543534 0.017294 0.000004
622 1393407874.888113 -10.702881 -0.001271 -0.00014 -9.601624 0.01319 0.000004
623 1393407874.988199 -4.043912 -0.001305 -0.000089 -6.319323 0.008001 0.000004
624 1393407875.088259 2.683514 -0.001298 -0.00002 -2.613534 0.002955 -0.000004
625 1393407875.188314 7.959301 -0.001268 0.00004 0.587004 -0.000643 0.000004
626 1393407875.288374 10.772907 -0.001249 0.000079 2.694569 -0.002113 0.000004
627 1393407875.388446 10.869654 -0.001242 0.00012 3.470044 -0.001353 0.000004
628 1393407875.488500 8.57696 -0.001257 0.000105 2.886168 0.001298 0.000004
629 1393407875.588557 4.64684 -0.001274 0.000066 1.18156 0.005023 0.000004
630 1393407875.688646 0.102387 -0.001278 0.000031 -1.143118 0.008679 0.000004
631 1393407875.788714 -3.908651 -0.001267 -0.000018 -3.430473 0.011292 -0.000004
632 1393407875.888783 -6.590886 -0.001251 -0.000069 -5.191388 0.012553 0.000004
633 1393407875.988856 -7.566071 -0.001241 -0.0001 -6.157384 0.012534 -0.000004
634 1393407876.088909 -6.80327 -0.00125 -0.000076 -6.200091 0.01142 -0.000004
635 1393407876.188968 -4.71762 -0.001263 -0.000066 -5.426324 0.009541 -0.000004
636 1393407876.289037 -1.892775 -0.001267 -0.000047 -4.090057 0.007288 -0.000004
637 1393407876.389118 0.9475 -0.001266 -0.000009 -2.5657 0.005194 0.000004
638 1393407876.489177 3.159762 -0.001264 0.000025 -1.226891 0.00373 -0.000004
639 1393407876.589247 4.369569 -0.001262 0.000022 -0.321474 0.003146 0.000004
640 1393407876.689337 4.434547 -0.001261 0.000033 0.012895 0.003491 -0.000004
641 1393407876.789399 3.468894 -0.001261 0.000031 -0.238189 0.004592 0.000004
642 1393407876.889486 1.83372 -0.001263 0.000025 -0.939837 0.006074 0.000004
643 1393407876.989544 -0.040193 -0.001263 0.000014 -1.883588 0.007547 0.000004
644 1393407877.089614 -1.719622 -0.001259 -0.000019 -2.833766 0.008683 0.000004
645 1393407877.189690 -2.874516 -0.001256 -0.000033 -3.590822 0.009295 -0.000004
646 1393407877.289742 -3.299442 -0.001255 -0.000039 -4.004928 0.009326 -0.000004
647 1393407877.389815 -2.998821 -0.001258 -0.000039 -4.029913 0.008856 -0.000004
648 1393407877.489888 -2.124028 -0.00126 -0.000032 -3.708605 0.008034 0.000004
649 1393407877.589953 -0.951739 -0.001262 -0.000022 -3.159237 0.007082 0.000004
650 1393407877.690015 0.245262 -0.001262 -0.000013 -2.521281 0.006202 -0.000004
651 1393407877.790076 1.190871 -0.001261 0.000006 -1.950561 0.005588 0.000004
652 1393407877.890160 1.705545 -0.001261 0.000004 -1.566675 0.005351 -0.000004
653 1393407877.990235 1.739495 -0.001261 0.000014 -1.423252 0.005496 0.000004
654 1393407878.090310 1.344727 -0.001261 0.000009 -1.524141 0.005943 0.000004
655 1393407878.190386 0.654296 -0.001261 0.000011 -1.818709 0.006559 0.000004
656 1393407878.290457 -0.133038 -0.001261 -0.000004 -2.213657 0.007174 0.000004
657 1393407878.390516 -0.846795 -0.001259 -0.000006 -2.616795 0.007663 0.000004
658 1393407878.490589 -1.332176 -0.001258 -0.000014 -2.935118 0.007929 0.000004
659 1393407878.590646 -1.510488 -0.001259 -0.000022 -3.107385 0.00795 -0.000004
660 1393407878.690689 -1.382179 -0.001259 -0.000022 -3.119089 0.007746 -0.000004
661 1393407878.790761 -1.012813 -0.001259 -0.000015 -2.982899 0.007394 0.000004
662 1393407878.890821 -0.508989 -0.00126 -0.00002 -2.746317 0.006983 -0.000004
663 1393407878.990880 -0.007886 -0.00126 -0.000012 -2.478449 0.006616 -0.000004
664 1393407879.090952 0.384727 -0.00126 -0.000012 -2.24045 0.006366 0.000004
665 1393407879.191025 0.595889 -0.001261 0.000004 -2.080933 0.006273 -0.000004
666 1393407879.291070 0.602837 -0.00126 0.000005 -2.025186 0.00634 0.000004
667 1393407879.391162 0.437166 -0.00126 -0.000006 -2.068708 0.006525 0.000004
668 1393407879.491223 0.142879 -0.001261 -0.000007 -2.194673 0.006785 -0.000004
669 1393407879.591299 -0.191292 -0.00126 -0.000005 -2.362773 0.007044 -0.000004
670 1393407879.691373 -0.486313 -0.001259 -0.000013 -2.529915 0.007246 -0.000004
671 1393407879.791434 -0.687716 -0.00126 -0.000012 -2.662577 0.007357 -0.000004
672 1393407879.891495 -0.759969 -0.00126 -0.000015 -2.734324 0.007364 0.000004
673 1393407879.991573 -0.70451 -0.001259 -0.000018 -2.73731 0.007278 -0.000004
674 1393407880.091626 -0.546507 -0.001259 -0.000012 -2.678678 0.007127 0.000004
675 1393407880.191681 -0.336509 -0.00126 -0.000009 -2.579838 0.006955 -0.000004
676 1393407880.291751 -0.126253 -0.00126 -0.000015 -2.467323 0.006802 -0.000004
677 1393407880.391825 0.036626 -0.001259 -0.000002 -2.368488 0.006698 0.000004
678 1393407880.491897 0.124781 -0.00126 -0.000005 -2.30199 0.00666 0.000004
679 1393407880.591995 0.128471 -0.00126 -0.000006 -2.278161 0.006687 -0.000004
680 1393407880.692064 0.0553 -0.00126 -0.000008 -2.297637 0.006769 -0.000004
681 1393407880.792123 -0.066641 -0.00126 -0.000007 -2.350073 0.006876 -0.000004
682 1393407880.892208 -0.207021 -0.00126 -0.000005 -2.420785 0.006984 0.000004
683 1393407880.992262 -0.331723 -0.001259 -0.000008 -2.491573 0.007069 -0.000004
684 1393407881.092348 -0.414076 -0.00126 -0.000012 -2.545948 0.007115 -0.000004
685 1393407881.192409 -0.444347 -0.00126 -0.000005 -2.575898 0.007118 0.000004
686 1393407881.292490 -0.42102 -0.001259 -0.000017 -2.577286 0.007082 0.000004
687 1393407881.392555 -0.355434 -0.00126 -0.000008 -2.552986 0.007019 -0.000004
688 1393407881.492614 -0.267317 -0.00126 -0.000014 -2.511573 0.006947 -0.000004
689 1393407881.592689 -0.178899 -0.001259 -0.000008 -2.464306 0.006882 0.000004
690 1393407881.692754 -0.109679 -0.00126 -0.000004 -2.422325 0.006838 0.000004
691 1393407881.792817 -0.072487 -0.00126 -0.000006 -2.39421 0.006822 0.000004
692 1393407881.892876 -0.071329 -0.00126 -0.00001 -2.384415 0.006834 0.000004
693 1393407881.992951 -0.101496 -0.00126 -0.000005 -2.392454 0.006867 0.000004
694 1393407882.093036 -0.152583 -0.00126 -0.000005 -2.414382 0.006912 -0.000004
695 1393407882.193104 -0.211554 -0.00126 -0.000009 -2.444053 0.006957 -0.000004
696 1393407882.293194 -0.263591 -0.001259 -0.000012 -2.473541 0.006993 -0.000004
697 1393407882.393254 -0.299091 -0.00126 -0.000003 -2.496932 0.007012 0.000004
698 1393407882.493308 -0.31179 -0.001259 -0.000009 -2.509571 0.007014 0.000004
699 1393407882.593394 -0.301754 -0.001259 -0.000014 -2.51002 0.006999 0.000004
700 1393407882.693468 -0.27439 -0.001259 -0.000011 -2.499856 0.006972 -0.000004
701 1393407882.793529 -0.237369 -0.001259 -0.000011 -2.482453 0.006942 0.000004
702 1393407882.893611 -0.200933 -0.00126 -0.000004 -2.462993 0.006915 -0.000004
703 1393407882.993668 -0.171636 -0.00126 -0.000006 -2.445277 0.006896 0.000004
704 1393407883.093732 -0.155723 -0.00126 -0.000005 -2.433329 0.006889 -0.000004
705 1393407883.193793 -0.154951 -0.00126 -0.000007 -2.429062 0.006894 0.000004
706 1393407883.293857 -0.167401 -0.001259 -0.000014 -2.432306 0.006908 -0.000004
707 1393407883.393953 -0.188993 -0.001259 -0.000003 -2.441541 0.006927 -0.000004
708 1393407883.494032 -0.213764 -0.001259 -0.000007 -2.453991 0.006946 0.000004
709 1393407883.594093 -0.235672 -0.001259 -0.000008 -2.466392 0.006961 -0.000004
710 1393407883.694154 -0.250556 -0.001259 -0.000013 -2.476175 0.006969 0.000004
711 1393407883.794227 -0.256084 -0.001259 -0.000012 -2.48158 0.00697 -0.000004
712 1393407883.894294 -0.252125 -0.001259 -0.000005 -2.481885 0.006963 0.000004
713 1393407883.994364 -0.240801 -0.00126 -0.000007 -2.477731 0.006952 0.000004
714 1393407884.094415 -0.225475 -0.001259 -0.00001 -2.470566 0.00694 -0.000004
715 1393407884.194479 -0.209805 -0.00126 -0.000004 -2.462225 0.006928 -0.000004
716 1393407884.294540 -0.197509 -0.001259 -0.000003 -2.454814 0.00692 -0.000004
717 1393407884.394602 -0.190638 -0.001259 -0.000006 -2.449709 0.006917 -0.000004
718 1393407884.494694 -0.190157 -0.001259 -0.000009 -2.447817 0.006919 -0.000004
719 1393407884.594737 -0.195369 -0.00126 -0.000012 -2.449151 0.006925 0.000004
720 1393407884.694808 -0.204311 -0.001259 -0.00001 -2.452964 0.006933 -0.000004
721 1393407884.794867 -0.214612 -0.001259 -0.000009 -2.458124 0.006941 -0.000004
722 1393407884.894951 -0.223878 -0.00126 -0.000009 -2.46335 0.006947 0.000004
723 1393407884.995022 -0.230285 -0.00126 -0.000006 -2.467539 0.00695 0.000004
724 1393407885.095084 -0.232684 -0.001259 -0.000006 -2.469838 0.006951 -0.000004
725 1393407885.195145 -0.231096 -0.00126 -0.000003 -2.470019 0.006948 -0.000004
726 1393407885.295201 -0.226325 -0.001259 -0.00001 -2.468282 0.006943 0.000004
727 1393407885.395277 -0.219895 -0.00126 -0.000012 -2.46528 0.006938 -0.000004
728 1393407885.495334 -0.213307 -0.00126 -0.000005 -2.461775 0.006933 0.000004
729 1393407885.595377 -0.20808 -0.001259 -0.00001 -2.458629 0.00693 0.000004
730 1393407885.695437 -0.205199 -0.001259 -0.000004 -2.456484 0.006928 -0.000004
731 1393407885.795503 -0.204977 -0.001259 -0.000007 -2.455693 0.006929 -0.000004
732 1393407885.895568 -0.207158 -0.001259 -0.000007 -2.456241 0.006931 -0.000004
733 1393407885.995658 -0.210947 -0.001259 -0.000013 -2.457857 0.006935 -0.000004
734 1393407886.095741 -0.215274 -0.001259 -0.000013 -2.460025 0.006938 0.000004
735 1393407886.195801 -0.219202 -0.001259 -0.000007 -2.46222 0.006941 -0.000004
736 1393407886.295871 -0.221874 -0.001259 -0.000014 -2.463994 0.006942 -0.000004
737 1393407886.395929 -0.222862 -0.001259 -0.000013 -2.46495 0.006942 0.000004
738 1393407886.495985 -0.222195 -0.001259 -0.000003 -2.465017 0.006941 -0.000004
739 1393407886.596040 -0.220188 -0.001259 -0.000009 -2.464287 0.006939 0.000004
740 1393407886.696106 -0.217459 -0.001259 -0.000003 -2.46301 0.006936 -0.000004
741 1393407886.796167 -0.214721 -0.001259 -0.000003 -2.461553 0.006934 -0.000004
742 1393407886.896254 -0.212525 -0.00126 -0.000007 -2.460232 0.006933 0.000004
743 1393407886.996319 -0.211313 -0.001259 -0.000013 -2.459333 0.006933 0.000004
744 1393407887.096390 -0.211227 -0.001259 -0.000012 -2.459001 0.006933 -0.000004
745 1393407887.196422 -0.212153 -0.001259 -0.000013 -2.459237 0.006934 -0.000004
746 1393407887.296481 -0.213752 -0.001259 -0.000006 -2.459918 0.006935 -0.000004
747 1393407887.396545 -0.21557 -0.001259 -0.000005 -2.46083 0.006936 0.000004
748 1393407887.496630 -0.217214 -0.001259 -0.00001 -2.461761 0.006938 0.000004
749 1393407887.596691 -0.218322 -0.001259 -0.00001 -2.462488 0.006938 0.000004
750 1393407887.696740 -0.218739 -0.001259 -0.000005 -2.46289 0.006938 0.000004
751 1393407887.796800 -0.21845 -0.001259 -0.000004 -2.462915 0.006937 -0.000004
752 1393407887.896897 -0.217601 -0.001259 -0.00001 -2.462606 0.006937 -0.000004
753 1393407887.996970 -0.216464 -0.001258 -0.000009 -2.462074 0.006936 -0.000004
754 1393407888.097041 -0.215305 -0.001259 -0.000003 -2.461454 0.006934 0.000004
755 1393407888.197135 -0.214385 -0.001259 -0.000007 -2.460902 0.006934 -0.000004
756 1393407888.297198 -0.213881 -0.001259 -0.000013 -2.460527 0.006934 -0.000004
757 1393407888.397257 -0.213853 -0.001259 -0.000007 -2.460389 0.006934 -0.000004
758 1393407888.497343 -0.214239 -0.001259 -0.000006 -2.460488 0.006934 0.000004
759 1393407888.597396 -0.214909 -0.001259 -0.000011 -2.460776 0.006935 -0.000004
760 1393407888.697473 -0.215673 -0.001259 -0.00001 -2.461159 0.006935 0.000004
761 1393407888.797554 -0.216358 -0.001259 -0.000009 -2.461546 0.006936 -0.000004
762 1393407888.897596 -0.216826 -0.001259 -0.000008 -2.461852 0.006936 -0.000004
763 1393407888.997667 -0.217003 -0.001259 -0.000007 -2.462022 0.006936 0.000004
764 1393407889.097744 -0.216883 -0.001259 -0.000013 -2.462036 0.006936 0.000004
765 1393407889.197812 -0.216534 -0.001259 -0.000011 -2.461908 0.006935 -0.000004
766 1393407889.297866 -0.216058 -0.001259 -0.00001 -2.461686 0.006935 -0.000004
767 1393407889.397933 -0.215574 -0.001259 -0.000009 -2.461429 0.006934 0.000004
